#
# There is insufficient memory for the Java Runtime Environment to continue.
# Native memory allocation (malloc) failed to allocate 958576 bytes for Chunk::new
# Possible reasons:
#   The system is out of physical RAM or swap space
#   The process is running with CompressedOops enabled, and the Java Heap may be blocking the growth of the native heap
# Possible solutions:
#   Reduce memory load on the system
#   Increase physical memory or swap space
#   Check if swap backing store is full
#   Decrease Java heap size (-Xmx/-Xms)
#   Decrease number of Java threads
#   Decrease Java thread stack sizes (-Xss)
#   Set larger code cache with -XX:ReservedCodeCacheSize=
#   JVM is running with Unscaled Compressed Oops mode in which the Java heap is
#     placed in the first 4GB address space. The Java Heap base address is the
#     maximum limit for the native heap growth. Please use -XX:HeapBaseMinAddress
#     to set the Java Heap base and to place the Java Heap above 4GB virtual address.
# This output file may be truncated or incomplete.
#
#  Out of Memory Error (arena.cpp:189), pid=24908, tid=4732
#
# JRE version: OpenJDK Runtime Environment Temurin-17.0.6+10 (17.0.6+10) (build 17.0.6+10)
# Java VM: OpenJDK 64-Bit Server VM Temurin-17.0.6+10 (17.0.6+10, mixed mode, sharing, tiered, compressed oops, compressed class ptrs, g1 gc, windows-amd64)
# No core dump will be written. Minidumps are not enabled by default on client versions of Windows
#

---------------  S U M M A R Y ------------

Command Line: --add-opens=java.base/java.util=ALL-UNNAMED --add-opens=java.base/java.lang=ALL-UNNAMED --add-opens=java.base/java.lang.invoke=ALL-UNNAMED --add-opens=java.base/java.util=ALL-UNNAMED --add-opens=java.prefs/java.util.prefs=ALL-UNNAMED --add-opens=java.prefs/java.util.prefs=ALL-UNNAMED --add-opens=java.base/java.nio.charset=ALL-UNNAMED --add-opens=java.base/java.net=ALL-UNNAMED --add-opens=java.base/java.util.concurrent.atomic=ALL-UNNAMED -XX:MaxMetaspaceSize=256m -XX:+HeapDumpOnOutOfMemoryError -Xms256m -Xmx512m -Dfile.encoding=windows-1252 -Duser.country=AR -Duser.language=es -Duser.variant org.gradle.launcher.daemon.bootstrap.GradleDaemon 7.3.3

Host: AMD A8-7650K Radeon R7, 10 Compute Cores 4C+6G , 4 cores, 6G,  Windows 10 , 64 bit Build 19041 (10.0.19041.2913)
Time: Sun May  7 18:52:42 2023 Hora estándar de Argentina elapsed time: 107.688655 seconds (0d 0h 1m 47s)

---------------  T H R E A D  ---------------

Current thread (0x000001f7b5ba9690):  JavaThread "C2 CompilerThread0" daemon [_thread_in_native, id=4732, stack(0x0000003760200000,0x0000003760300000)]


Current CompileTask:
C2: 107689 12748       4       org.gradle.api.internal.tasks.compile.incremental.serialization.HierarchicalNameSerializer::readName (51 bytes)

Stack: [0x0000003760200000,0x0000003760300000]
Native frames: (J=compiled Java code, j=interpreted, Vv=VM code, C=native code)
V  [jvm.dll+0x67741a]
V  [jvm.dll+0x834434]
V  [jvm.dll+0x835bde]
V  [jvm.dll+0x836243]
V  [jvm.dll+0x2457b5]
V  [jvm.dll+0xabafc]
V  [jvm.dll+0xac0cc]
V  [jvm.dll+0x2ac94f]
V  [jvm.dll+0x57de47]
V  [jvm.dll+0x220812]
V  [jvm.dll+0x21a0f2]
V  [jvm.dll+0x21790b]
V  [jvm.dll+0x1a3d0d]
V  [jvm.dll+0x22742a]
V  [jvm.dll+0x225565]
V  [jvm.dll+0x7ea2cb]
V  [jvm.dll+0x7e483a]
V  [jvm.dll+0x6762c5]
C  [ucrtbase.dll+0x21bb2]
C  [KERNEL32.DLL+0x17614]
C  [ntdll.dll+0x526a1]


---------------  P R O C E S S  ---------------

Threads class SMR info:
_java_thread_list=0x000001f7be188dc0, length=90, elements={
0x000001f79b8efc30, 0x000001f7b5b8ecc0, 0x000001f7b5b8fa40, 0x000001f7b5ba6cb0,
0x000001f7b5ba7770, 0x000001f7b5ba8130, 0x000001f7b5ba89f0, 0x000001f7b5ba9690,
0x000001f7b5c136b0, 0x000001f7b5c15bd0, 0x000001f7b68639e0, 0x000001f7b6872a80,
0x000001f7b75dd240, 0x000001f7b7c64c30, 0x000001f7b7f54870, 0x000001f7b7ef7440,
0x000001f7b7d16f80, 0x000001f7b7cb3f70, 0x000001f7b7cb89a0, 0x000001f7b6bacb40,
0x000001f7b6bad9b0, 0x000001f7b6bad010, 0x000001f7b6bade80, 0x000001f7b6bac670,
0x000001f7b6bae350, 0x000001f7b6baf690, 0x000001f7b6babcd0, 0x000001f7b6bae820,
0x000001f7b6baecf0, 0x000001f7b6baf1c0, 0x000001f7b6ad35c0, 0x000001f7b6acc710,
0x000001f7b6ad2280, 0x000001f7b6ad00d0, 0x000001f7b6ace8c0, 0x000001f7b6ad30f0,
0x000001f7b6acd580, 0x000001f7b6ad18e0, 0x000001f7b6ad0a70, 0x000001f7b6acda50,
0x000001f7b6ace3f0, 0x000001f7b6acdf20, 0x000001f7b6acbd70, 0x000001f7b6acf730,
0x000001f7b6acfc00, 0x000001f7b6ad0f40, 0x000001f7b6ad1db0, 0x000001f7ba30e150,
0x000001f7ba30d7b0, 0x000001f7ba30ce10, 0x000001f7ba30ac60, 0x000001f7ba3085e0,
0x000001f7ba30bfa0, 0x000001f7ba309df0, 0x000001f7ba30e620, 0x000001f7ba30c470,
0x000001f7ba30eaf0, 0x000001f7ba30efc0, 0x000001f7ba30d2e0, 0x000001f7ba30c940,
0x000001f7ba30b130, 0x000001f7ba30f490, 0x000001f7ba30b600, 0x000001f7ba30f960,
0x000001f7ba308ab0, 0x000001f7ba308110, 0x000001f7ba308f80, 0x000001f7ba309920,
0x000001f7ba30a2c0, 0x000001f7ba30a790, 0x000001f7ba30bad0, 0x000001f7b9ce5560,
0x000001f7b9ce46f0, 0x000001f7b9ce4220, 0x000001f7b9ce98c0, 0x000001f7b9ce5090,
0x000001f7b9ce6d70, 0x000001f7b9ce68a0, 0x000001f7b9ce5f00, 0x000001f7b9ce7240,
0x000001f7b9cea260, 0x000001f7b9ce63d0, 0x000001f7b9ce8f20, 0x000001f7b9cea730,
0x000001f7b9ce93f0, 0x000001f7b9ce80b0, 0x000001f7bdfac400, 0x000001f7bdfa8570,
0x000001f7bdfa5550, 0x000001f7bdfa8f10
}

Java Threads: ( => current thread )
  0x000001f79b8efc30 JavaThread "main" [_thread_blocked, id=25596, stack(0x000000375f500000,0x000000375f600000)]
  0x000001f7b5b8ecc0 JavaThread "Reference Handler" daemon [_thread_blocked, id=27992, stack(0x000000375fc00000,0x000000375fd00000)]
  0x000001f7b5b8fa40 JavaThread "Finalizer" daemon [_thread_blocked, id=26636, stack(0x000000375fd00000,0x000000375fe00000)]
  0x000001f7b5ba6cb0 JavaThread "Signal Dispatcher" daemon [_thread_blocked, id=3028, stack(0x000000375fe00000,0x000000375ff00000)]
  0x000001f7b5ba7770 JavaThread "Attach Listener" daemon [_thread_blocked, id=27940, stack(0x000000375ff00000,0x0000003760000000)]
  0x000001f7b5ba8130 JavaThread "Service Thread" daemon [_thread_blocked, id=28580, stack(0x0000003760000000,0x0000003760100000)]
  0x000001f7b5ba89f0 JavaThread "Monitor Deflation Thread" daemon [_thread_blocked, id=25764, stack(0x0000003760100000,0x0000003760200000)]
=>0x000001f7b5ba9690 JavaThread "C2 CompilerThread0" daemon [_thread_in_native, id=4732, stack(0x0000003760200000,0x0000003760300000)]
  0x000001f7b5c136b0 JavaThread "C1 CompilerThread0" daemon [_thread_blocked, id=7824, stack(0x0000003760300000,0x0000003760400000)]
  0x000001f7b5c15bd0 JavaThread "Sweeper thread" daemon [_thread_blocked, id=26796, stack(0x0000003760400000,0x0000003760500000)]
  0x000001f7b68639e0 JavaThread "Common-Cleaner" daemon [_thread_blocked, id=29156, stack(0x0000003760500000,0x0000003760600000)]
  0x000001f7b6872a80 JavaThread "Notification Thread" daemon [_thread_blocked, id=21576, stack(0x0000003760600000,0x0000003760700000)]
  0x000001f7b75dd240 JavaThread "Daemon health stats" [_thread_blocked, id=30312, stack(0x0000003760b00000,0x0000003760c00000)]
  0x000001f7b7c64c30 JavaThread "Incoming local TCP Connector on port 64717" [_thread_in_native, id=24700, stack(0x0000003760c00000,0x0000003760d00000)]
  0x000001f7b7f54870 JavaThread "Daemon periodic checks" [_thread_blocked, id=21508, stack(0x0000003760d00000,0x0000003760e00000)]
  0x000001f7b7ef7440 JavaThread "Daemon" [_thread_blocked, id=20448, stack(0x0000003760e00000,0x0000003760f00000)]
  0x000001f7b7d16f80 JavaThread "Handler for socket connection from /127.0.0.1:64717 to /127.0.0.1:64718" [_thread_in_native, id=27996, stack(0x0000003760f00000,0x0000003761000000)]
  0x000001f7b7cb3f70 JavaThread "Cancel handler" [_thread_blocked, id=1408, stack(0x0000003761000000,0x0000003761100000)]
  0x000001f7b7cb89a0 JavaThread "Daemon worker" [_thread_blocked, id=28412, stack(0x0000003761100000,0x0000003761200000)]
  0x000001f7b6bacb40 JavaThread "Asynchronous log dispatcher for DefaultDaemonConnection: socket connection from /127.0.0.1:64717 to /127.0.0.1:64718" [_thread_blocked, id=17404, stack(0x0000003761200000,0x0000003761300000)]
  0x000001f7b6bad9b0 JavaThread "Stdin handler" [_thread_blocked, id=16948, stack(0x0000003761300000,0x0000003761400000)]
  0x000001f7b6bad010 JavaThread "Daemon client event forwarder" [_thread_blocked, id=9900, stack(0x0000003761400000,0x0000003761500000)]
  0x000001f7b6bade80 JavaThread "Cache worker for journal cache (C:\Users\guill\.gradle\caches\journal-1)" [_thread_blocked, id=16052, stack(0x0000003761500000,0x0000003761600000)]
  0x000001f7b6bac670 JavaThread "File lock request listener" [_thread_in_native, id=10256, stack(0x0000003761600000,0x0000003761700000)]
  0x000001f7b6bae350 JavaThread "Cache worker for file hash cache (C:\Users\guill\.gradle\caches\7.3.3\fileHashes)" [_thread_blocked, id=21336, stack(0x0000003761700000,0x0000003761800000)]
  0x000001f7b6baf690 JavaThread "Cache worker for file hash cache (D:\Repos\GitHub\repartir-2023\.gradle\7.3.3\fileHashes)" [_thread_blocked, id=20264, stack(0x0000003761800000,0x0000003761900000)]
  0x000001f7b6babcd0 JavaThread "File watcher server" daemon [_thread_in_native, id=18116, stack(0x0000003761900000,0x0000003761a00000)]
  0x000001f7b6bae820 JavaThread "File watcher consumer" daemon [_thread_blocked, id=24008, stack(0x0000003761a00000,0x0000003761b00000)]
  0x000001f7b6baecf0 JavaThread "Cache worker for checksums cache (D:\Repos\GitHub\repartir-2023\.gradle\7.3.3\checksums)" [_thread_blocked, id=12956, stack(0x0000003761b00000,0x0000003761c00000)]
  0x000001f7b6baf1c0 JavaThread "Cache worker for cache directory md-supplier (C:\Users\guill\.gradle\caches\7.3.3\md-supplier)" [_thread_blocked, id=27184, stack(0x0000003761c00000,0x0000003761d00000)]
  0x000001f7b6ad35c0 JavaThread "Cache worker for cache directory md-rule (C:\Users\guill\.gradle\caches\7.3.3\md-rule)" [_thread_blocked, id=13968, stack(0x0000003761d00000,0x0000003761e00000)]
  0x000001f7b6acc710 JavaThread "Cache worker for execution history cache (C:\Users\guill\.gradle\caches\7.3.3\executionHistory)" [_thread_blocked, id=23380, stack(0x0000003761e00000,0x0000003761f00000)]
  0x000001f7b6ad2280 JavaThread "jar transforms" [_thread_blocked, id=2192, stack(0x0000003761f00000,0x0000003762000000)]
  0x000001f7b6ad00d0 JavaThread "jar transforms Thread 2" [_thread_blocked, id=22588, stack(0x0000003762000000,0x0000003762100000)]
  0x000001f7b6ace8c0 JavaThread "Cache worker for file content cache (C:\Users\guill\.gradle\caches\7.3.3\fileContent)" [_thread_blocked, id=8908, stack(0x0000003762100000,0x0000003762200000)]
  0x000001f7b6ad30f0 JavaThread "jar transforms Thread 3" [_thread_blocked, id=24196, stack(0x0000003762200000,0x0000003762300000)]
  0x000001f7b6acd580 JavaThread "jar transforms Thread 4" [_thread_blocked, id=24748, stack(0x0000003762300000,0x0000003762400000)]
  0x000001f7b6ad18e0 JavaThread "Cache worker for dependencies-accessors (D:\Repos\GitHub\repartir-2023\.gradle\7.3.3\dependencies-accessors)" [_thread_blocked, id=27748, stack(0x0000003762400000,0x0000003762500000)]
  0x000001f7b6ad0a70 JavaThread "Cache worker for Build Output Cleanup Cache (D:\Repos\GitHub\repartir-2023\.gradle\buildOutputCleanup)" [_thread_blocked, id=18640, stack(0x0000003762500000,0x0000003762600000)]
  0x000001f7b6acda50 JavaThread "Unconstrained build operations" [_thread_blocked, id=7716, stack(0x0000003762600000,0x0000003762700000)]
  0x000001f7b6ace3f0 JavaThread "Unconstrained build operations Thread 2" [_thread_blocked, id=25948, stack(0x0000003762700000,0x0000003762800000)]
  0x000001f7b6acdf20 JavaThread "Unconstrained build operations Thread 3" [_thread_blocked, id=18720, stack(0x0000003762800000,0x0000003762900000)]
  0x000001f7b6acbd70 JavaThread "Unconstrained build operations Thread 4" [_thread_blocked, id=26520, stack(0x0000003762900000,0x0000003762a00000)]
  0x000001f7b6acf730 JavaThread "Unconstrained build operations Thread 5" [_thread_blocked, id=16092, stack(0x0000003762a00000,0x0000003762b00000)]
  0x000001f7b6acfc00 JavaThread "Unconstrained build operations Thread 6" [_thread_blocked, id=16048, stack(0x0000003762b00000,0x0000003762c00000)]
  0x000001f7b6ad0f40 JavaThread "Unconstrained build operations Thread 7" [_thread_blocked, id=19404, stack(0x0000003762c00000,0x0000003762d00000)]
  0x000001f7b6ad1db0 JavaThread "Unconstrained build operations Thread 8" [_thread_blocked, id=4416, stack(0x0000003762d00000,0x0000003762e00000)]
  0x000001f7ba30e150 JavaThread "Unconstrained build operations Thread 9" [_thread_blocked, id=8060, stack(0x0000003762e00000,0x0000003762f00000)]
  0x000001f7ba30d7b0 JavaThread "Unconstrained build operations Thread 10" [_thread_blocked, id=1924, stack(0x0000003762f00000,0x0000003763000000)]
  0x000001f7ba30ce10 JavaThread "Unconstrained build operations Thread 11" [_thread_blocked, id=22524, stack(0x0000003763000000,0x0000003763100000)]
  0x000001f7ba30ac60 JavaThread "Unconstrained build operations Thread 12" [_thread_blocked, id=20704, stack(0x0000003763100000,0x0000003763200000)]
  0x000001f7ba3085e0 JavaThread "Unconstrained build operations Thread 13" [_thread_blocked, id=15848, stack(0x0000003763200000,0x0000003763300000)]
  0x000001f7ba30bfa0 JavaThread "Unconstrained build operations Thread 14" [_thread_blocked, id=26220, stack(0x0000003763300000,0x0000003763400000)]
  0x000001f7ba309df0 JavaThread "Unconstrained build operations Thread 15" [_thread_blocked, id=29792, stack(0x0000003763400000,0x0000003763500000)]
  0x000001f7ba30e620 JavaThread "Unconstrained build operations Thread 16" [_thread_blocked, id=8980, stack(0x0000003763500000,0x0000003763600000)]
  0x000001f7ba30c470 JavaThread "Unconstrained build operations Thread 17" [_thread_blocked, id=5800, stack(0x0000003763600000,0x0000003763700000)]
  0x000001f7ba30eaf0 JavaThread "Unconstrained build operations Thread 18" [_thread_blocked, id=13908, stack(0x0000003763700000,0x0000003763800000)]
  0x000001f7ba30efc0 JavaThread "Unconstrained build operations Thread 19" [_thread_blocked, id=24760, stack(0x0000003763800000,0x0000003763900000)]
  0x000001f7ba30d2e0 JavaThread "Unconstrained build operations Thread 20" [_thread_blocked, id=20240, stack(0x0000003763900000,0x0000003763a00000)]
  0x000001f7ba30c940 JavaThread "Unconstrained build operations Thread 21" [_thread_blocked, id=20824, stack(0x0000003763a00000,0x0000003763b00000)]
  0x000001f7ba30b130 JavaThread "Unconstrained build operations Thread 22" [_thread_blocked, id=29596, stack(0x0000003763b00000,0x0000003763c00000)]
  0x000001f7ba30f490 JavaThread "Unconstrained build operations Thread 23" [_thread_blocked, id=18360, stack(0x0000003763c00000,0x0000003763d00000)]
  0x000001f7ba30b600 JavaThread "Memory manager" [_thread_blocked, id=30868, stack(0x0000003763d00000,0x0000003763e00000)]
  0x000001f7ba30f960 JavaThread "Execution worker for ':'" [_thread_blocked, id=4448, stack(0x0000003764100000,0x0000003764200000)]
  0x000001f7ba308ab0 JavaThread "Execution worker for ':' Thread 2" [_thread_blocked, id=29724, stack(0x0000003764200000,0x0000003764300000)]
  0x000001f7ba308110 JavaThread "Execution worker for ':' Thread 3" [_thread_blocked, id=2824, stack(0x0000003764300000,0x0000003764400000)]
  0x000001f7ba308f80 JavaThread "Cache worker for execution history cache (D:\Repos\GitHub\repartir-2023\.gradle\7.3.3\executionHistory)" [_thread_blocked, id=30068, stack(0x0000003764400000,0x0000003764500000)]
  0x000001f7ba309920 JavaThread "Unconstrained build operations Thread 24" [_thread_blocked, id=15004, stack(0x0000003764500000,0x0000003764600000)]
  0x000001f7ba30a2c0 JavaThread "Unconstrained build operations Thread 25" [_thread_blocked, id=14060, stack(0x0000003764600000,0x0000003764700000)]
  0x000001f7ba30a790 JavaThread "Unconstrained build operations Thread 26" [_thread_blocked, id=18864, stack(0x0000003764700000,0x0000003764800000)]
  0x000001f7ba30bad0 JavaThread "Unconstrained build operations Thread 27" [_thread_blocked, id=15888, stack(0x0000003764800000,0x0000003764900000)]
  0x000001f7b9ce5560 JavaThread "Unconstrained build operations Thread 28" [_thread_blocked, id=2856, stack(0x0000003764900000,0x0000003764a00000)]
  0x000001f7b9ce46f0 JavaThread "Unconstrained build operations Thread 29" [_thread_blocked, id=10408, stack(0x0000003764a00000,0x0000003764b00000)]
  0x000001f7b9ce4220 JavaThread "Unconstrained build operations Thread 30" [_thread_blocked, id=12904, stack(0x0000003764b00000,0x0000003764c00000)]
  0x000001f7b9ce98c0 JavaThread "Unconstrained build operations Thread 31" [_thread_blocked, id=29252, stack(0x0000003764c00000,0x0000003764d00000)]
  0x000001f7b9ce5090 JavaThread "Unconstrained build operations Thread 32" [_thread_blocked, id=22640, stack(0x0000003764d00000,0x0000003764e00000)]
  0x000001f7b9ce6d70 JavaThread "File lock release action executor" [_thread_blocked, id=21236, stack(0x0000003764e00000,0x0000003764f00000)]
  0x000001f7b9ce68a0 JavaThread "Unconstrained build operations Thread 33" [_thread_blocked, id=29108, stack(0x0000003764f00000,0x0000003765000000)]
  0x000001f7b9ce5f00 JavaThread "Unconstrained build operations Thread 34" [_thread_blocked, id=1804, stack(0x0000003765000000,0x0000003765100000)]
  0x000001f7b9ce7240 JavaThread "Unconstrained build operations Thread 35" [_thread_blocked, id=12920, stack(0x0000003765100000,0x0000003765200000)]
  0x000001f7b9cea260 JavaThread "Unconstrained build operations Thread 36" [_thread_blocked, id=8508, stack(0x0000003765200000,0x0000003765300000)]
  0x000001f7b9ce63d0 JavaThread "Unconstrained build operations Thread 37" [_thread_blocked, id=31256, stack(0x0000003765300000,0x0000003765400000)]
  0x000001f7b9ce8f20 JavaThread "Unconstrained build operations Thread 38" [_thread_blocked, id=4724, stack(0x0000003765400000,0x0000003765500000)]
  0x000001f7b9cea730 JavaThread "Unconstrained build operations Thread 39" [_thread_blocked, id=8224, stack(0x0000003765500000,0x0000003765600000)]
  0x000001f7b9ce93f0 JavaThread "Unconstrained build operations Thread 40" [_thread_blocked, id=16028, stack(0x0000003765600000,0x0000003765700000)]
  0x000001f7b9ce80b0 JavaThread "Cache worker for Java compile cache (C:\Users\guill\.gradle\caches\7.3.3\javaCompile)" [_thread_in_native, id=25028, stack(0x000000375f200000,0x000000375f300000)]
  0x000001f7bdfac400 JavaThread "Build operations" [_thread_blocked, id=20496, stack(0x000000375f300000,0x000000375f400000)]
  0x000001f7bdfa8570 JavaThread "Build operations Thread 2" [_thread_blocked, id=22496, stack(0x000000375f400000,0x000000375f500000)]
  0x000001f7bdfa5550 JavaThread "Build operations Thread 3" [_thread_blocked, id=24260, stack(0x0000003765700000,0x0000003765800000)]
  0x000001f7bdfa8f10 JavaThread "Build operations Thread 4" [_thread_blocked, id=19792, stack(0x0000003765800000,0x0000003765900000)]

Other Threads:
  0x000001f7b5b8b160 VMThread "VM Thread" [stack: 0x000000375fb00000,0x000000375fc00000] [id=23616]
  0x000001f7b68616b0 WatcherThread [stack: 0x0000003760700000,0x0000003760800000] [id=13400]
  0x000001f79b91e650 GCTaskThread "GC Thread#0" [stack: 0x000000375f600000,0x000000375f700000] [id=11732]
  0x000001f7b6923740 GCTaskThread "GC Thread#1" [stack: 0x0000003760800000,0x0000003760900000] [id=7220]
  0x000001f7b70b7990 GCTaskThread "GC Thread#2" [stack: 0x0000003760900000,0x0000003760a00000] [id=21428]
  0x000001f7b70b7c40 GCTaskThread "GC Thread#3" [stack: 0x0000003760a00000,0x0000003760b00000] [id=12584]
  0x000001f79b9234a0 ConcurrentGCThread "G1 Main Marker" [stack: 0x000000375f700000,0x000000375f800000] [id=22176]
  0x000001f79b923dc0 ConcurrentGCThread "G1 Conc#0" [stack: 0x000000375f800000,0x000000375f900000] [id=17720]
  0x000001f7b5a524c0 ConcurrentGCThread "G1 Refine#0" [stack: 0x000000375f900000,0x000000375fa00000] [id=6480]
  0x000001f7b9b5a280 ConcurrentGCThread "G1 Refine#1" [stack: 0x0000003764000000,0x0000003764100000] [id=28112]
  0x000001f7b5a52df0 ConcurrentGCThread "G1 Service" [stack: 0x000000375fa00000,0x000000375fb00000] [id=27740]

Threads with active compile tasks:
C2 CompilerThread0   107841 12748       4       org.gradle.api.internal.tasks.compile.incremental.serialization.HierarchicalNameSerializer::readName (51 bytes)

VM state: not at safepoint (normal execution)

VM Mutex/Monitor currently owned by a thread: None

Heap address: 0x00000000e0000000, size: 512 MB, Compressed Oops mode: 32-bit

CDS archive(s) mapped at: [0x0000000800000000-0x0000000800bc0000-0x0000000800bc0000), size 12320768, SharedBaseAddress: 0x0000000800000000, ArchiveRelocationMode: 0.
Compressed class space mapped at: 0x0000000800c00000-0x000000080dc00000, reserved size: 218103808
Narrow klass base: 0x0000000800000000, Narrow klass shift: 0, Narrow klass range: 0x100000000

GC Precious Log:
 CPUs: 4 total, 4 available
 Memory: 7130M
 Large Page Support: Disabled
 NUMA Support: Disabled
 Compressed Oops: Enabled (32-bit)
 Heap Region Size: 1M
 Heap Min Capacity: 256M
 Heap Initial Capacity: 256M
 Heap Max Capacity: 512M
 Pre-touch: Disabled
 Parallel Workers: 4
 Concurrent Workers: 1
 Concurrent Refinement Workers: 4
 Periodic GC: Disabled

Heap:
 garbage-first heap   total 262144K, used 142234K [0x00000000e0000000, 0x0000000100000000)
  region size 1024K, 58 young (59392K), 14 survivors (14336K)
 Metaspace       used 62012K, committed 62592K, reserved 270336K
  class space    used 8222K, committed 8512K, reserved 212992K

Heap Regions: E=young(eden), S=young(survivor), O=old, HS=humongous(starts), HC=humongous(continues), CS=collection set, F=free, OA=open archive, CA=closed archive, TAMS=top-at-mark-start (previous, next)
|   0|0x00000000e0000000, 0x00000000e0100000, 0x00000000e0100000|100%|HS|  |TAMS 0x00000000e0100000, 0x00000000e0000000| Complete 
|   1|0x00000000e0100000, 0x00000000e0200000, 0x00000000e0200000|100%|HC|  |TAMS 0x00000000e0200000, 0x00000000e0100000| Complete 
|   2|0x00000000e0200000, 0x00000000e0300000, 0x00000000e0300000|100%|HC|  |TAMS 0x00000000e0300000, 0x00000000e0200000| Complete 
|   3|0x00000000e0300000, 0x00000000e0400000, 0x00000000e0400000|100%| O|  |TAMS 0x00000000e0400000, 0x00000000e0300000| Untracked 
|   4|0x00000000e0400000, 0x00000000e0500000, 0x00000000e0500000|100%| O|  |TAMS 0x00000000e0500000, 0x00000000e0400000| Untracked 
|   5|0x00000000e0500000, 0x00000000e0600000, 0x00000000e0600000|100%| O|  |TAMS 0x00000000e0600000, 0x00000000e0500000| Untracked 
|   6|0x00000000e0600000, 0x00000000e0700000, 0x00000000e0700000|100%| O|  |TAMS 0x00000000e0700000, 0x00000000e0600000| Untracked 
|   7|0x00000000e0700000, 0x00000000e0800000, 0x00000000e0800000|100%| O|  |TAMS 0x00000000e0800000, 0x00000000e0700000| Untracked 
|   8|0x00000000e0800000, 0x00000000e0900000, 0x00000000e0900000|100%| O|  |TAMS 0x00000000e0900000, 0x00000000e0800000| Untracked 
|   9|0x00000000e0900000, 0x00000000e0a00000, 0x00000000e0a00000|100%| O|  |TAMS 0x00000000e0a00000, 0x00000000e0900000| Untracked 
|  10|0x00000000e0a00000, 0x00000000e0b00000, 0x00000000e0b00000|100%| O|  |TAMS 0x00000000e0b00000, 0x00000000e0a00000| Untracked 
|  11|0x00000000e0b00000, 0x00000000e0c00000, 0x00000000e0c00000|100%| O|  |TAMS 0x00000000e0c00000, 0x00000000e0b00000| Untracked 
|  12|0x00000000e0c00000, 0x00000000e0d00000, 0x00000000e0d00000|100%| O|  |TAMS 0x00000000e0d00000, 0x00000000e0c00000| Untracked 
|  13|0x00000000e0d00000, 0x00000000e0e00000, 0x00000000e0e00000|100%| O|  |TAMS 0x00000000e0e00000, 0x00000000e0d00000| Untracked 
|  14|0x00000000e0e00000, 0x00000000e0f00000, 0x00000000e0f00000|100%| O|  |TAMS 0x00000000e0f00000, 0x00000000e0e00000| Untracked 
|  15|0x00000000e0f00000, 0x00000000e1000000, 0x00000000e1000000|100%| O|  |TAMS 0x00000000e1000000, 0x00000000e0f00000| Untracked 
|  16|0x00000000e1000000, 0x00000000e1100000, 0x00000000e1100000|100%| O|  |TAMS 0x00000000e1100000, 0x00000000e1000000| Untracked 
|  17|0x00000000e1100000, 0x00000000e1200000, 0x00000000e1200000|100%| O|  |TAMS 0x00000000e1200000, 0x00000000e1100000| Untracked 
|  18|0x00000000e1200000, 0x00000000e1300000, 0x00000000e1300000|100%| O|  |TAMS 0x00000000e1300000, 0x00000000e1200000| Untracked 
|  19|0x00000000e1300000, 0x00000000e1400000, 0x00000000e1400000|100%| O|  |TAMS 0x00000000e1400000, 0x00000000e1300000| Untracked 
|  20|0x00000000e1400000, 0x00000000e1500000, 0x00000000e1500000|100%| O|  |TAMS 0x00000000e1500000, 0x00000000e1400000| Untracked 
|  21|0x00000000e1500000, 0x00000000e1600000, 0x00000000e1600000|100%| O|  |TAMS 0x00000000e1600000, 0x00000000e1500000| Untracked 
|  22|0x00000000e1600000, 0x00000000e1700000, 0x00000000e1700000|100%| O|  |TAMS 0x00000000e1700000, 0x00000000e1600000| Untracked 
|  23|0x00000000e1700000, 0x00000000e1800000, 0x00000000e1800000|100%| O|  |TAMS 0x00000000e1800000, 0x00000000e1700000| Untracked 
|  24|0x00000000e1800000, 0x00000000e1900000, 0x00000000e1900000|100%| O|  |TAMS 0x00000000e1900000, 0x00000000e1800000| Untracked 
|  25|0x00000000e1900000, 0x00000000e1a00000, 0x00000000e1a00000|100%| O|  |TAMS 0x00000000e1a00000, 0x00000000e1900000| Untracked 
|  26|0x00000000e1a00000, 0x00000000e1b00000, 0x00000000e1b00000|100%| O|  |TAMS 0x00000000e1b00000, 0x00000000e1a00000| Untracked 
|  27|0x00000000e1b00000, 0x00000000e1c00000, 0x00000000e1c00000|100%| O|  |TAMS 0x00000000e1c00000, 0x00000000e1b00000| Untracked 
|  28|0x00000000e1c00000, 0x00000000e1d00000, 0x00000000e1d00000|100%| O|  |TAMS 0x00000000e1d00000, 0x00000000e1c00000| Untracked 
|  29|0x00000000e1d00000, 0x00000000e1e00000, 0x00000000e1e00000|100%| O|  |TAMS 0x00000000e1e00000, 0x00000000e1d00000| Untracked 
|  30|0x00000000e1e00000, 0x00000000e1f00000, 0x00000000e1f00000|100%| O|  |TAMS 0x00000000e1f00000, 0x00000000e1e00000| Untracked 
|  31|0x00000000e1f00000, 0x00000000e2000000, 0x00000000e2000000|100%| O|  |TAMS 0x00000000e2000000, 0x00000000e1f00000| Untracked 
|  32|0x00000000e2000000, 0x00000000e2100000, 0x00000000e2100000|100%| O|  |TAMS 0x00000000e2100000, 0x00000000e2000000| Untracked 
|  33|0x00000000e2100000, 0x00000000e2200000, 0x00000000e2200000|100%| O|  |TAMS 0x00000000e2200000, 0x00000000e2100000| Untracked 
|  34|0x00000000e2200000, 0x00000000e2300000, 0x00000000e2300000|100%| O|  |TAMS 0x00000000e2300000, 0x00000000e2200000| Untracked 
|  35|0x00000000e2300000, 0x00000000e2400000, 0x00000000e2400000|100%| O|  |TAMS 0x00000000e2400000, 0x00000000e2300000| Untracked 
|  36|0x00000000e2400000, 0x00000000e2500000, 0x00000000e2500000|100%| O|  |TAMS 0x00000000e2500000, 0x00000000e2400000| Untracked 
|  37|0x00000000e2500000, 0x00000000e2600000, 0x00000000e2600000|100%| O|  |TAMS 0x00000000e2600000, 0x00000000e2500000| Untracked 
|  38|0x00000000e2600000, 0x00000000e2700000, 0x00000000e2700000|100%| O|  |TAMS 0x00000000e2700000, 0x00000000e2600000| Untracked 
|  39|0x00000000e2700000, 0x00000000e2800000, 0x00000000e2800000|100%| O|  |TAMS 0x00000000e2800000, 0x00000000e2700000| Untracked 
|  40|0x00000000e2800000, 0x00000000e2900000, 0x00000000e2900000|100%| O|  |TAMS 0x00000000e2900000, 0x00000000e2800000| Untracked 
|  41|0x00000000e2900000, 0x00000000e2a00000, 0x00000000e2a00000|100%| O|  |TAMS 0x00000000e2a00000, 0x00000000e2900000| Untracked 
|  42|0x00000000e2a00000, 0x00000000e2b00000, 0x00000000e2b00000|100%| O|  |TAMS 0x00000000e2b00000, 0x00000000e2a00000| Untracked 
|  43|0x00000000e2b00000, 0x00000000e2c00000, 0x00000000e2c00000|100%| O|  |TAMS 0x00000000e2c00000, 0x00000000e2b00000| Untracked 
|  44|0x00000000e2c00000, 0x00000000e2d00000, 0x00000000e2d00000|100%| O|  |TAMS 0x00000000e2d00000, 0x00000000e2c00000| Untracked 
|  45|0x00000000e2d00000, 0x00000000e2e00000, 0x00000000e2e00000|100%| O|  |TAMS 0x00000000e2e00000, 0x00000000e2d00000| Untracked 
|  46|0x00000000e2e00000, 0x00000000e2f00000, 0x00000000e2f00000|100%| O|  |TAMS 0x00000000e2f00000, 0x00000000e2e00000| Untracked 
|  47|0x00000000e2f00000, 0x00000000e3000000, 0x00000000e3000000|100%| O|  |TAMS 0x00000000e3000000, 0x00000000e2f00000| Untracked 
|  48|0x00000000e3000000, 0x00000000e3100000, 0x00000000e3100000|100%| O|  |TAMS 0x00000000e3100000, 0x00000000e3000000| Untracked 
|  49|0x00000000e3100000, 0x00000000e3200000, 0x00000000e3200000|100%| O|  |TAMS 0x00000000e3200000, 0x00000000e3100000| Untracked 
|  50|0x00000000e3200000, 0x00000000e3300000, 0x00000000e3300000|100%| O|  |TAMS 0x00000000e3200000, 0x00000000e3200000| Untracked 
|  51|0x00000000e3300000, 0x00000000e3400000, 0x00000000e3400000|100%| O|  |TAMS 0x00000000e3300000, 0x00000000e3300000| Untracked 
|  52|0x00000000e3400000, 0x00000000e3500000, 0x00000000e3500000|100%| O|  |TAMS 0x00000000e3400000, 0x00000000e3400000| Untracked 
|  53|0x00000000e3500000, 0x00000000e3600000, 0x00000000e3600000|100%| O|  |TAMS 0x00000000e3500000, 0x00000000e3500000| Untracked 
|  54|0x00000000e3600000, 0x00000000e3700000, 0x00000000e3700000|100%|HS|  |TAMS 0x00000000e3700000, 0x00000000e3600000| Complete 
|  55|0x00000000e3700000, 0x00000000e3800000, 0x00000000e3800000|100%|HS|  |TAMS 0x00000000e3800000, 0x00000000e3700000| Complete 
|  56|0x00000000e3800000, 0x00000000e3900000, 0x00000000e3900000|100%|HC|  |TAMS 0x00000000e3900000, 0x00000000e3800000| Complete 
|  57|0x00000000e3900000, 0x00000000e3a00000, 0x00000000e3a00000|100%| O|  |TAMS 0x00000000e3900000, 0x00000000e3900000| Untracked 
|  58|0x00000000e3a00000, 0x00000000e3b00000, 0x00000000e3b00000|100%|HS|  |TAMS 0x00000000e3b00000, 0x00000000e3a00000| Complete 
|  59|0x00000000e3b00000, 0x00000000e3c00000, 0x00000000e3c00000|100%|HS|  |TAMS 0x00000000e3c00000, 0x00000000e3b00000| Complete 
|  60|0x00000000e3c00000, 0x00000000e3d00000, 0x00000000e3d00000|100%|HC|  |TAMS 0x00000000e3d00000, 0x00000000e3c00000| Complete 
|  61|0x00000000e3d00000, 0x00000000e3e00000, 0x00000000e3e00000|100%| O|  |TAMS 0x00000000e3e00000, 0x00000000e3d00000| Untracked 
|  62|0x00000000e3e00000, 0x00000000e3f00000, 0x00000000e3f00000|100%| O|  |TAMS 0x00000000e3f00000, 0x00000000e3e00000| Untracked 
|  63|0x00000000e3f00000, 0x00000000e4000000, 0x00000000e4000000|100%| O|  |TAMS 0x00000000e4000000, 0x00000000e3f00000| Untracked 
|  64|0x00000000e4000000, 0x00000000e4100000, 0x00000000e4100000|100%| O|  |TAMS 0x00000000e4100000, 0x00000000e4000000| Untracked 
|  65|0x00000000e4100000, 0x00000000e4200000, 0x00000000e4200000|100%| O|  |TAMS 0x00000000e4200000, 0x00000000e4100000| Untracked 
|  66|0x00000000e4200000, 0x00000000e4300000, 0x00000000e4300000|100%| O|  |TAMS 0x00000000e4300000, 0x00000000e4200000| Untracked 
|  67|0x00000000e4300000, 0x00000000e4400000, 0x00000000e4400000|100%| O|  |TAMS 0x00000000e4400000, 0x00000000e4300000| Untracked 
|  68|0x00000000e4400000, 0x00000000e4500000, 0x00000000e4500000|100%| O|  |TAMS 0x00000000e4500000, 0x00000000e4400000| Untracked 
|  69|0x00000000e4500000, 0x00000000e4600000, 0x00000000e4600000|100%| O|  |TAMS 0x00000000e451ca00, 0x00000000e4500000| Untracked 
|  70|0x00000000e4600000, 0x00000000e4700000, 0x00000000e4700000|100%| O|  |TAMS 0x00000000e4600000, 0x00000000e4600000| Untracked 
|  71|0x00000000e4700000, 0x00000000e4800000, 0x00000000e4800000|100%| O|  |TAMS 0x00000000e4700000, 0x00000000e4700000| Untracked 
|  72|0x00000000e4800000, 0x00000000e4900000, 0x00000000e4900000|100%| O|  |TAMS 0x00000000e4800000, 0x00000000e4800000| Untracked 
|  73|0x00000000e4900000, 0x00000000e4a00000, 0x00000000e4a00000|100%| O|  |TAMS 0x00000000e4900000, 0x00000000e4900000| Untracked 
|  74|0x00000000e4a00000, 0x00000000e4b00000, 0x00000000e4b00000|100%| O|  |TAMS 0x00000000e4a00000, 0x00000000e4a00000| Untracked 
|  75|0x00000000e4b00000, 0x00000000e4c00000, 0x00000000e4c00000|100%| O|  |TAMS 0x00000000e4b00000, 0x00000000e4b00000| Untracked 
|  76|0x00000000e4c00000, 0x00000000e4d00000, 0x00000000e4d00000|100%| O|  |TAMS 0x00000000e4c00000, 0x00000000e4c00000| Untracked 
|  77|0x00000000e4d00000, 0x00000000e4e00000, 0x00000000e4e00000|100%| O|  |TAMS 0x00000000e4d00000, 0x00000000e4d00000| Untracked 
|  78|0x00000000e4e00000, 0x00000000e4f00000, 0x00000000e4f00000|100%| O|  |TAMS 0x00000000e4e00000, 0x00000000e4e00000| Untracked 
|  79|0x00000000e4f00000, 0x00000000e5000000, 0x00000000e5000000|100%| O|  |TAMS 0x00000000e4f00000, 0x00000000e4f00000| Untracked 
|  80|0x00000000e5000000, 0x00000000e5100000, 0x00000000e5100000|100%| O|  |TAMS 0x00000000e5000000, 0x00000000e5000000| Untracked 
|  81|0x00000000e5100000, 0x00000000e5200000, 0x00000000e5200000|100%| O|  |TAMS 0x00000000e5100000, 0x00000000e5100000| Untracked 
|  82|0x00000000e5200000, 0x00000000e5300000, 0x00000000e5300000|100%| O|  |TAMS 0x00000000e5200000, 0x00000000e5200000| Untracked 
|  83|0x00000000e5300000, 0x00000000e53c6c00, 0x00000000e5400000| 77%| O|  |TAMS 0x00000000e5300000, 0x00000000e5300000| Untracked 
|  84|0x00000000e5400000, 0x00000000e5400000, 0x00000000e5500000|  0%| F|  |TAMS 0x00000000e5400000, 0x00000000e5400000| Untracked 
|  85|0x00000000e5500000, 0x00000000e5500000, 0x00000000e5600000|  0%| F|  |TAMS 0x00000000e5500000, 0x00000000e5500000| Untracked 
|  86|0x00000000e5600000, 0x00000000e5600000, 0x00000000e5700000|  0%| F|  |TAMS 0x00000000e5600000, 0x00000000e5600000| Untracked 
|  87|0x00000000e5700000, 0x00000000e5700000, 0x00000000e5800000|  0%| F|  |TAMS 0x00000000e5700000, 0x00000000e5700000| Untracked 
|  88|0x00000000e5800000, 0x00000000e5800000, 0x00000000e5900000|  0%| F|  |TAMS 0x00000000e5800000, 0x00000000e5800000| Untracked 
|  89|0x00000000e5900000, 0x00000000e5900000, 0x00000000e5a00000|  0%| F|  |TAMS 0x00000000e5900000, 0x00000000e5900000| Untracked 
|  90|0x00000000e5a00000, 0x00000000e5a00000, 0x00000000e5b00000|  0%| F|  |TAMS 0x00000000e5a00000, 0x00000000e5a00000| Untracked 
|  91|0x00000000e5b00000, 0x00000000e5b00000, 0x00000000e5c00000|  0%| F|  |TAMS 0x00000000e5b00000, 0x00000000e5b00000| Untracked 
|  92|0x00000000e5c00000, 0x00000000e5c00000, 0x00000000e5d00000|  0%| F|  |TAMS 0x00000000e5c00000, 0x00000000e5c00000| Untracked 
|  93|0x00000000e5d00000, 0x00000000e5d00000, 0x00000000e5e00000|  0%| F|  |TAMS 0x00000000e5d00000, 0x00000000e5d00000| Untracked 
|  94|0x00000000e5e00000, 0x00000000e5e00000, 0x00000000e5f00000|  0%| F|  |TAMS 0x00000000e5e00000, 0x00000000e5e00000| Untracked 
|  95|0x00000000e5f00000, 0x00000000e5f00000, 0x00000000e6000000|  0%| F|  |TAMS 0x00000000e5f00000, 0x00000000e5f00000| Untracked 
|  96|0x00000000e6000000, 0x00000000e6000000, 0x00000000e6100000|  0%| F|  |TAMS 0x00000000e6000000, 0x00000000e6000000| Untracked 
|  97|0x00000000e6100000, 0x00000000e6100000, 0x00000000e6200000|  0%| F|  |TAMS 0x00000000e6100000, 0x00000000e6100000| Untracked 
|  98|0x00000000e6200000, 0x00000000e6200000, 0x00000000e6300000|  0%| F|  |TAMS 0x00000000e6200000, 0x00000000e6200000| Untracked 
|  99|0x00000000e6300000, 0x00000000e6300000, 0x00000000e6400000|  0%| F|  |TAMS 0x00000000e6300000, 0x00000000e6300000| Untracked 
| 100|0x00000000e6400000, 0x00000000e6400000, 0x00000000e6500000|  0%| F|  |TAMS 0x00000000e6400000, 0x00000000e6400000| Untracked 
| 101|0x00000000e6500000, 0x00000000e6500000, 0x00000000e6600000|  0%| F|  |TAMS 0x00000000e6500000, 0x00000000e6500000| Untracked 
| 102|0x00000000e6600000, 0x00000000e6600000, 0x00000000e6700000|  0%| F|  |TAMS 0x00000000e6600000, 0x00000000e6600000| Untracked 
| 103|0x00000000e6700000, 0x00000000e6700000, 0x00000000e6800000|  0%| F|  |TAMS 0x00000000e6700000, 0x00000000e6700000| Untracked 
| 104|0x00000000e6800000, 0x00000000e6800000, 0x00000000e6900000|  0%| F|  |TAMS 0x00000000e6800000, 0x00000000e6800000| Untracked 
| 105|0x00000000e6900000, 0x00000000e6900000, 0x00000000e6a00000|  0%| F|  |TAMS 0x00000000e6900000, 0x00000000e6900000| Untracked 
| 106|0x00000000e6a00000, 0x00000000e6a00000, 0x00000000e6b00000|  0%| F|  |TAMS 0x00000000e6a00000, 0x00000000e6a00000| Untracked 
| 107|0x00000000e6b00000, 0x00000000e6b00000, 0x00000000e6c00000|  0%| F|  |TAMS 0x00000000e6b00000, 0x00000000e6b00000| Untracked 
| 108|0x00000000e6c00000, 0x00000000e6c00000, 0x00000000e6d00000|  0%| F|  |TAMS 0x00000000e6c00000, 0x00000000e6c00000| Untracked 
| 109|0x00000000e6d00000, 0x00000000e6d00000, 0x00000000e6e00000|  0%| F|  |TAMS 0x00000000e6d00000, 0x00000000e6d00000| Untracked 
| 110|0x00000000e6e00000, 0x00000000e6e00000, 0x00000000e6f00000|  0%| F|  |TAMS 0x00000000e6e00000, 0x00000000e6e00000| Untracked 
| 111|0x00000000e6f00000, 0x00000000e6f00000, 0x00000000e7000000|  0%| F|  |TAMS 0x00000000e6f00000, 0x00000000e6f00000| Untracked 
| 112|0x00000000e7000000, 0x00000000e7000000, 0x00000000e7100000|  0%| F|  |TAMS 0x00000000e7000000, 0x00000000e7000000| Untracked 
| 113|0x00000000e7100000, 0x00000000e7100000, 0x00000000e7200000|  0%| F|  |TAMS 0x00000000e7100000, 0x00000000e7100000| Untracked 
| 114|0x00000000e7200000, 0x00000000e7200000, 0x00000000e7300000|  0%| F|  |TAMS 0x00000000e7200000, 0x00000000e7200000| Untracked 
| 115|0x00000000e7300000, 0x00000000e7300000, 0x00000000e7400000|  0%| F|  |TAMS 0x00000000e7300000, 0x00000000e7300000| Untracked 
| 116|0x00000000e7400000, 0x00000000e7400000, 0x00000000e7500000|  0%| F|  |TAMS 0x00000000e7400000, 0x00000000e7400000| Untracked 
| 117|0x00000000e7500000, 0x00000000e7500000, 0x00000000e7600000|  0%| F|  |TAMS 0x00000000e7500000, 0x00000000e7500000| Untracked 
| 118|0x00000000e7600000, 0x00000000e7600000, 0x00000000e7700000|  0%| F|  |TAMS 0x00000000e7600000, 0x00000000e7600000| Untracked 
| 119|0x00000000e7700000, 0x00000000e7700000, 0x00000000e7800000|  0%| F|  |TAMS 0x00000000e7700000, 0x00000000e7700000| Untracked 
| 120|0x00000000e7800000, 0x00000000e7800000, 0x00000000e7900000|  0%| F|  |TAMS 0x00000000e7800000, 0x00000000e7800000| Untracked 
| 121|0x00000000e7900000, 0x00000000e7900000, 0x00000000e7a00000|  0%| F|  |TAMS 0x00000000e7900000, 0x00000000e7900000| Untracked 
| 122|0x00000000e7a00000, 0x00000000e7a00000, 0x00000000e7b00000|  0%| F|  |TAMS 0x00000000e7a00000, 0x00000000e7a00000| Untracked 
| 123|0x00000000e7b00000, 0x00000000e7b00000, 0x00000000e7c00000|  0%| F|  |TAMS 0x00000000e7b00000, 0x00000000e7b00000| Untracked 
| 124|0x00000000e7c00000, 0x00000000e7c00000, 0x00000000e7d00000|  0%| F|  |TAMS 0x00000000e7c00000, 0x00000000e7c00000| Untracked 
| 125|0x00000000e7d00000, 0x00000000e7d00000, 0x00000000e7e00000|  0%| F|  |TAMS 0x00000000e7d00000, 0x00000000e7d00000| Untracked 
| 126|0x00000000e7e00000, 0x00000000e7e00000, 0x00000000e7f00000|  0%| F|  |TAMS 0x00000000e7e00000, 0x00000000e7e00000| Untracked 
| 127|0x00000000e7f00000, 0x00000000e7f00000, 0x00000000e8000000|  0%| F|  |TAMS 0x00000000e7f00000, 0x00000000e7f00000| Untracked 
| 128|0x00000000e8000000, 0x00000000e8000000, 0x00000000e8100000|  0%| F|  |TAMS 0x00000000e8000000, 0x00000000e8000000| Untracked 
| 129|0x00000000e8100000, 0x00000000e8100000, 0x00000000e8200000|  0%| F|  |TAMS 0x00000000e8100000, 0x00000000e8100000| Untracked 
| 130|0x00000000e8200000, 0x00000000e8200000, 0x00000000e8300000|  0%| F|  |TAMS 0x00000000e8200000, 0x00000000e8200000| Untracked 
| 131|0x00000000e8300000, 0x00000000e8300000, 0x00000000e8400000|  0%| F|  |TAMS 0x00000000e8300000, 0x00000000e8300000| Untracked 
| 132|0x00000000e8400000, 0x00000000e8400000, 0x00000000e8500000|  0%| F|  |TAMS 0x00000000e8400000, 0x00000000e8400000| Untracked 
| 133|0x00000000e8500000, 0x00000000e8500000, 0x00000000e8600000|  0%| F|  |TAMS 0x00000000e8500000, 0x00000000e8500000| Untracked 
| 134|0x00000000e8600000, 0x00000000e8600000, 0x00000000e8700000|  0%| F|  |TAMS 0x00000000e8600000, 0x00000000e8600000| Untracked 
| 135|0x00000000e8700000, 0x00000000e8700000, 0x00000000e8800000|  0%| F|  |TAMS 0x00000000e8700000, 0x00000000e8700000| Untracked 
| 136|0x00000000e8800000, 0x00000000e8800000, 0x00000000e8900000|  0%| F|  |TAMS 0x00000000e8800000, 0x00000000e8800000| Untracked 
| 137|0x00000000e8900000, 0x00000000e8900000, 0x00000000e8a00000|  0%| F|  |TAMS 0x00000000e8900000, 0x00000000e8900000| Untracked 
| 138|0x00000000e8a00000, 0x00000000e8a00000, 0x00000000e8b00000|  0%| F|  |TAMS 0x00000000e8a00000, 0x00000000e8a00000| Untracked 
| 139|0x00000000e8b00000, 0x00000000e8b00000, 0x00000000e8c00000|  0%| F|  |TAMS 0x00000000e8b00000, 0x00000000e8b00000| Untracked 
| 140|0x00000000e8c00000, 0x00000000e8c00000, 0x00000000e8d00000|  0%| F|  |TAMS 0x00000000e8c00000, 0x00000000e8c00000| Untracked 
| 141|0x00000000e8d00000, 0x00000000e8d00000, 0x00000000e8e00000|  0%| F|  |TAMS 0x00000000e8d00000, 0x00000000e8d00000| Untracked 
| 142|0x00000000e8e00000, 0x00000000e8e00000, 0x00000000e8f00000|  0%| F|  |TAMS 0x00000000e8e00000, 0x00000000e8e00000| Untracked 
| 143|0x00000000e8f00000, 0x00000000e8f00000, 0x00000000e9000000|  0%| F|  |TAMS 0x00000000e8f00000, 0x00000000e8f00000| Untracked 
| 144|0x00000000e9000000, 0x00000000e9000000, 0x00000000e9100000|  0%| F|  |TAMS 0x00000000e9000000, 0x00000000e9000000| Untracked 
| 145|0x00000000e9100000, 0x00000000e9100000, 0x00000000e9200000|  0%| F|  |TAMS 0x00000000e9100000, 0x00000000e9100000| Untracked 
| 146|0x00000000e9200000, 0x00000000e9200000, 0x00000000e9300000|  0%| F|  |TAMS 0x00000000e9200000, 0x00000000e9200000| Untracked 
| 147|0x00000000e9300000, 0x00000000e9300000, 0x00000000e9400000|  0%| F|  |TAMS 0x00000000e9300000, 0x00000000e9300000| Untracked 
| 148|0x00000000e9400000, 0x00000000e9400000, 0x00000000e9500000|  0%| F|  |TAMS 0x00000000e9400000, 0x00000000e9400000| Untracked 
| 149|0x00000000e9500000, 0x00000000e9500000, 0x00000000e9600000|  0%| F|  |TAMS 0x00000000e9500000, 0x00000000e9500000| Untracked 
| 150|0x00000000e9600000, 0x00000000e9600000, 0x00000000e9700000|  0%| F|  |TAMS 0x00000000e9600000, 0x00000000e9600000| Untracked 
| 151|0x00000000e9700000, 0x00000000e9700000, 0x00000000e9800000|  0%| F|  |TAMS 0x00000000e9700000, 0x00000000e9700000| Untracked 
| 152|0x00000000e9800000, 0x00000000e9800000, 0x00000000e9900000|  0%| F|  |TAMS 0x00000000e9800000, 0x00000000e9800000| Untracked 
| 153|0x00000000e9900000, 0x00000000e9900000, 0x00000000e9a00000|  0%| F|  |TAMS 0x00000000e9900000, 0x00000000e9900000| Untracked 
| 154|0x00000000e9a00000, 0x00000000e9a00000, 0x00000000e9b00000|  0%| F|  |TAMS 0x00000000e9a00000, 0x00000000e9a00000| Untracked 
| 155|0x00000000e9b00000, 0x00000000e9b00000, 0x00000000e9c00000|  0%| F|  |TAMS 0x00000000e9b00000, 0x00000000e9b00000| Untracked 
| 156|0x00000000e9c00000, 0x00000000e9c00000, 0x00000000e9d00000|  0%| F|  |TAMS 0x00000000e9c00000, 0x00000000e9c00000| Untracked 
| 157|0x00000000e9d00000, 0x00000000e9d00000, 0x00000000e9e00000|  0%| F|  |TAMS 0x00000000e9d00000, 0x00000000e9d00000| Untracked 
| 158|0x00000000e9e00000, 0x00000000e9e00000, 0x00000000e9f00000|  0%| F|  |TAMS 0x00000000e9e00000, 0x00000000e9e00000| Untracked 
| 159|0x00000000e9f00000, 0x00000000e9f00000, 0x00000000ea000000|  0%| F|  |TAMS 0x00000000e9f00000, 0x00000000e9f00000| Untracked 
| 160|0x00000000ea000000, 0x00000000ea000000, 0x00000000ea100000|  0%| F|  |TAMS 0x00000000ea000000, 0x00000000ea000000| Untracked 
| 161|0x00000000ea100000, 0x00000000ea100000, 0x00000000ea200000|  0%| F|  |TAMS 0x00000000ea100000, 0x00000000ea100000| Untracked 
| 162|0x00000000ea200000, 0x00000000ea200000, 0x00000000ea300000|  0%| F|  |TAMS 0x00000000ea200000, 0x00000000ea200000| Untracked 
| 163|0x00000000ea300000, 0x00000000ea300000, 0x00000000ea400000|  0%| F|  |TAMS 0x00000000ea300000, 0x00000000ea300000| Untracked 
| 164|0x00000000ea400000, 0x00000000ea400000, 0x00000000ea500000|  0%| F|  |TAMS 0x00000000ea400000, 0x00000000ea400000| Untracked 
| 165|0x00000000ea500000, 0x00000000ea500000, 0x00000000ea600000|  0%| F|  |TAMS 0x00000000ea500000, 0x00000000ea500000| Untracked 
| 166|0x00000000ea600000, 0x00000000ea600000, 0x00000000ea700000|  0%| F|  |TAMS 0x00000000ea600000, 0x00000000ea600000| Untracked 
| 167|0x00000000ea700000, 0x00000000ea700000, 0x00000000ea800000|  0%| F|  |TAMS 0x00000000ea700000, 0x00000000ea700000| Untracked 
| 168|0x00000000ea800000, 0x00000000ea800000, 0x00000000ea900000|  0%| F|  |TAMS 0x00000000ea800000, 0x00000000ea800000| Untracked 
| 169|0x00000000ea900000, 0x00000000ea900000, 0x00000000eaa00000|  0%| F|  |TAMS 0x00000000ea900000, 0x00000000ea900000| Untracked 
| 170|0x00000000eaa00000, 0x00000000eaa00000, 0x00000000eab00000|  0%| F|  |TAMS 0x00000000eaa00000, 0x00000000eaa00000| Untracked 
| 171|0x00000000eab00000, 0x00000000eab00000, 0x00000000eac00000|  0%| F|  |TAMS 0x00000000eab00000, 0x00000000eab00000| Untracked 
| 172|0x00000000eac00000, 0x00000000eac00000, 0x00000000ead00000|  0%| F|  |TAMS 0x00000000eac00000, 0x00000000eac00000| Untracked 
| 173|0x00000000ead00000, 0x00000000ead00000, 0x00000000eae00000|  0%| F|  |TAMS 0x00000000ead00000, 0x00000000ead00000| Untracked 
| 174|0x00000000eae00000, 0x00000000eae00000, 0x00000000eaf00000|  0%| F|  |TAMS 0x00000000eae00000, 0x00000000eae00000| Untracked 
| 175|0x00000000eaf00000, 0x00000000eaf00000, 0x00000000eb000000|  0%| F|  |TAMS 0x00000000eaf00000, 0x00000000eaf00000| Untracked 
| 176|0x00000000eb000000, 0x00000000eb000000, 0x00000000eb100000|  0%| F|  |TAMS 0x00000000eb000000, 0x00000000eb000000| Untracked 
| 177|0x00000000eb100000, 0x00000000eb100000, 0x00000000eb200000|  0%| F|  |TAMS 0x00000000eb100000, 0x00000000eb100000| Untracked 
| 178|0x00000000eb200000, 0x00000000eb200000, 0x00000000eb300000|  0%| F|  |TAMS 0x00000000eb200000, 0x00000000eb200000| Untracked 
| 179|0x00000000eb300000, 0x00000000eb300000, 0x00000000eb400000|  0%| F|  |TAMS 0x00000000eb300000, 0x00000000eb300000| Untracked 
| 180|0x00000000eb400000, 0x00000000eb400000, 0x00000000eb500000|  0%| F|  |TAMS 0x00000000eb400000, 0x00000000eb400000| Untracked 
| 181|0x00000000eb500000, 0x00000000eb500000, 0x00000000eb600000|  0%| F|  |TAMS 0x00000000eb500000, 0x00000000eb500000| Untracked 
| 182|0x00000000eb600000, 0x00000000eb600000, 0x00000000eb700000|  0%| F|  |TAMS 0x00000000eb600000, 0x00000000eb600000| Untracked 
| 183|0x00000000eb700000, 0x00000000eb700000, 0x00000000eb800000|  0%| F|  |TAMS 0x00000000eb700000, 0x00000000eb700000| Untracked 
| 184|0x00000000eb800000, 0x00000000eb800000, 0x00000000eb900000|  0%| F|  |TAMS 0x00000000eb800000, 0x00000000eb800000| Untracked 
| 185|0x00000000eb900000, 0x00000000eb900000, 0x00000000eba00000|  0%| F|  |TAMS 0x00000000eb900000, 0x00000000eb900000| Untracked 
| 186|0x00000000eba00000, 0x00000000eba00000, 0x00000000ebb00000|  0%| F|  |TAMS 0x00000000eba00000, 0x00000000eba00000| Untracked 
| 187|0x00000000ebb00000, 0x00000000ebb00000, 0x00000000ebc00000|  0%| F|  |TAMS 0x00000000ebb00000, 0x00000000ebb00000| Untracked 
| 188|0x00000000ebc00000, 0x00000000ebc00000, 0x00000000ebd00000|  0%| F|  |TAMS 0x00000000ebc00000, 0x00000000ebc00000| Untracked 
| 189|0x00000000ebd00000, 0x00000000ebd00000, 0x00000000ebe00000|  0%| F|  |TAMS 0x00000000ebd00000, 0x00000000ebd00000| Untracked 
| 190|0x00000000ebe00000, 0x00000000ebe00000, 0x00000000ebf00000|  0%| F|  |TAMS 0x00000000ebe00000, 0x00000000ebe00000| Untracked 
| 191|0x00000000ebf00000, 0x00000000ebf00000, 0x00000000ec000000|  0%| F|  |TAMS 0x00000000ebf00000, 0x00000000ebf00000| Untracked 
| 192|0x00000000ec000000, 0x00000000ec01fff0, 0x00000000ec100000| 12%| S|CS|TAMS 0x00000000ec000000, 0x00000000ec000000| Complete 
| 193|0x00000000ec100000, 0x00000000ec200000, 0x00000000ec200000|100%| S|CS|TAMS 0x00000000ec100000, 0x00000000ec100000| Complete 
| 194|0x00000000ec200000, 0x00000000ec300000, 0x00000000ec300000|100%| S|CS|TAMS 0x00000000ec200000, 0x00000000ec200000| Complete 
| 195|0x00000000ec300000, 0x00000000ec400000, 0x00000000ec400000|100%| S|CS|TAMS 0x00000000ec300000, 0x00000000ec300000| Complete 
| 196|0x00000000ec400000, 0x00000000ec500000, 0x00000000ec500000|100%| S|CS|TAMS 0x00000000ec400000, 0x00000000ec400000| Complete 
| 197|0x00000000ec500000, 0x00000000ec600000, 0x00000000ec600000|100%| S|CS|TAMS 0x00000000ec500000, 0x00000000ec500000| Complete 
| 198|0x00000000ec600000, 0x00000000ec700000, 0x00000000ec700000|100%| S|CS|TAMS 0x00000000ec600000, 0x00000000ec600000| Complete 
| 199|0x00000000ec700000, 0x00000000ec800000, 0x00000000ec800000|100%| S|CS|TAMS 0x00000000ec700000, 0x00000000ec700000| Complete 
| 200|0x00000000ec800000, 0x00000000ec900000, 0x00000000ec900000|100%| S|CS|TAMS 0x00000000ec800000, 0x00000000ec800000| Complete 
| 201|0x00000000ec900000, 0x00000000eca00000, 0x00000000eca00000|100%| S|CS|TAMS 0x00000000ec900000, 0x00000000ec900000| Complete 
| 202|0x00000000eca00000, 0x00000000ecb00000, 0x00000000ecb00000|100%| S|CS|TAMS 0x00000000eca00000, 0x00000000eca00000| Complete 
| 203|0x00000000ecb00000, 0x00000000ecc00000, 0x00000000ecc00000|100%| S|CS|TAMS 0x00000000ecb00000, 0x00000000ecb00000| Complete 
| 204|0x00000000ecc00000, 0x00000000ecd00000, 0x00000000ecd00000|100%| S|CS|TAMS 0x00000000ecc00000, 0x00000000ecc00000| Complete 
| 205|0x00000000ecd00000, 0x00000000ece00000, 0x00000000ece00000|100%| S|CS|TAMS 0x00000000ecd00000, 0x00000000ecd00000| Complete 
| 206|0x00000000ece00000, 0x00000000ece00000, 0x00000000ecf00000|  0%| F|  |TAMS 0x00000000ece00000, 0x00000000ece00000| Untracked 
| 207|0x00000000ecf00000, 0x00000000ecf00000, 0x00000000ed000000|  0%| F|  |TAMS 0x00000000ecf00000, 0x00000000ecf00000| Untracked 
| 208|0x00000000ed000000, 0x00000000ed000000, 0x00000000ed100000|  0%| F|  |TAMS 0x00000000ed000000, 0x00000000ed000000| Untracked 
| 209|0x00000000ed100000, 0x00000000ed100000, 0x00000000ed200000|  0%| F|  |TAMS 0x00000000ed100000, 0x00000000ed100000| Untracked 
| 210|0x00000000ed200000, 0x00000000ed200000, 0x00000000ed300000|  0%| F|  |TAMS 0x00000000ed200000, 0x00000000ed200000| Untracked 
| 211|0x00000000ed300000, 0x00000000ed300000, 0x00000000ed400000|  0%| F|  |TAMS 0x00000000ed300000, 0x00000000ed300000| Untracked 
| 212|0x00000000ed400000, 0x00000000ed4c7070, 0x00000000ed500000| 77%| E|  |TAMS 0x00000000ed400000, 0x00000000ed400000| Complete 
| 213|0x00000000ed500000, 0x00000000ed600000, 0x00000000ed600000|100%| E|CS|TAMS 0x00000000ed500000, 0x00000000ed500000| Complete 
| 214|0x00000000ed600000, 0x00000000ed700000, 0x00000000ed700000|100%| E|CS|TAMS 0x00000000ed600000, 0x00000000ed600000| Complete 
| 215|0x00000000ed700000, 0x00000000ed800000, 0x00000000ed800000|100%| E|CS|TAMS 0x00000000ed700000, 0x00000000ed700000| Complete 
| 216|0x00000000ed800000, 0x00000000ed900000, 0x00000000ed900000|100%| E|CS|TAMS 0x00000000ed800000, 0x00000000ed800000| Complete 
| 217|0x00000000ed900000, 0x00000000eda00000, 0x00000000eda00000|100%| E|CS|TAMS 0x00000000ed900000, 0x00000000ed900000| Complete 
| 218|0x00000000eda00000, 0x00000000edb00000, 0x00000000edb00000|100%| E|CS|TAMS 0x00000000eda00000, 0x00000000eda00000| Complete 
| 219|0x00000000edb00000, 0x00000000edc00000, 0x00000000edc00000|100%| E|CS|TAMS 0x00000000edb00000, 0x00000000edb00000| Complete 
| 220|0x00000000edc00000, 0x00000000edd00000, 0x00000000edd00000|100%| E|  |TAMS 0x00000000edc00000, 0x00000000edc00000| Complete 
| 221|0x00000000edd00000, 0x00000000ede00000, 0x00000000ede00000|100%| E|CS|TAMS 0x00000000edd00000, 0x00000000edd00000| Complete 
| 222|0x00000000ede00000, 0x00000000edf00000, 0x00000000edf00000|100%| E|CS|TAMS 0x00000000ede00000, 0x00000000ede00000| Complete 
| 223|0x00000000edf00000, 0x00000000ee000000, 0x00000000ee000000|100%| E|CS|TAMS 0x00000000edf00000, 0x00000000edf00000| Complete 
| 224|0x00000000ee000000, 0x00000000ee100000, 0x00000000ee100000|100%| E|CS|TAMS 0x00000000ee000000, 0x00000000ee000000| Complete 
| 225|0x00000000ee100000, 0x00000000ee200000, 0x00000000ee200000|100%| E|CS|TAMS 0x00000000ee100000, 0x00000000ee100000| Complete 
| 226|0x00000000ee200000, 0x00000000ee300000, 0x00000000ee300000|100%| E|CS|TAMS 0x00000000ee200000, 0x00000000ee200000| Complete 
| 227|0x00000000ee300000, 0x00000000ee400000, 0x00000000ee400000|100%| E|CS|TAMS 0x00000000ee300000, 0x00000000ee300000| Complete 
| 228|0x00000000ee400000, 0x00000000ee500000, 0x00000000ee500000|100%| E|CS|TAMS 0x00000000ee400000, 0x00000000ee400000| Complete 
| 229|0x00000000ee500000, 0x00000000ee600000, 0x00000000ee600000|100%| E|CS|TAMS 0x00000000ee500000, 0x00000000ee500000| Complete 
| 230|0x00000000ee600000, 0x00000000ee700000, 0x00000000ee700000|100%| E|CS|TAMS 0x00000000ee600000, 0x00000000ee600000| Complete 
| 231|0x00000000ee700000, 0x00000000ee800000, 0x00000000ee800000|100%| E|CS|TAMS 0x00000000ee700000, 0x00000000ee700000| Complete 
| 232|0x00000000ee800000, 0x00000000ee900000, 0x00000000ee900000|100%| E|CS|TAMS 0x00000000ee800000, 0x00000000ee800000| Complete 
| 233|0x00000000ee900000, 0x00000000eea00000, 0x00000000eea00000|100%| E|CS|TAMS 0x00000000ee900000, 0x00000000ee900000| Complete 
| 234|0x00000000eea00000, 0x00000000eeb00000, 0x00000000eeb00000|100%| E|CS|TAMS 0x00000000eea00000, 0x00000000eea00000| Complete 
| 235|0x00000000eeb00000, 0x00000000eec00000, 0x00000000eec00000|100%| E|CS|TAMS 0x00000000eeb00000, 0x00000000eeb00000| Complete 
| 236|0x00000000eec00000, 0x00000000eed00000, 0x00000000eed00000|100%| E|CS|TAMS 0x00000000eec00000, 0x00000000eec00000| Complete 
| 237|0x00000000eed00000, 0x00000000eee00000, 0x00000000eee00000|100%| E|CS|TAMS 0x00000000eed00000, 0x00000000eed00000| Complete 
| 238|0x00000000eee00000, 0x00000000eef00000, 0x00000000eef00000|100%| E|CS|TAMS 0x00000000eee00000, 0x00000000eee00000| Complete 
| 239|0x00000000eef00000, 0x00000000ef000000, 0x00000000ef000000|100%| E|CS|TAMS 0x00000000eef00000, 0x00000000eef00000| Complete 
| 240|0x00000000ef000000, 0x00000000ef100000, 0x00000000ef100000|100%| E|CS|TAMS 0x00000000ef000000, 0x00000000ef000000| Complete 
| 241|0x00000000ef100000, 0x00000000ef200000, 0x00000000ef200000|100%| E|CS|TAMS 0x00000000ef100000, 0x00000000ef100000| Complete 
| 242|0x00000000ef200000, 0x00000000ef300000, 0x00000000ef300000|100%| E|CS|TAMS 0x00000000ef200000, 0x00000000ef200000| Complete 
| 243|0x00000000ef300000, 0x00000000ef400000, 0x00000000ef400000|100%| E|CS|TAMS 0x00000000ef300000, 0x00000000ef300000| Complete 
| 244|0x00000000ef400000, 0x00000000ef500000, 0x00000000ef500000|100%| E|CS|TAMS 0x00000000ef400000, 0x00000000ef400000| Complete 
| 245|0x00000000ef500000, 0x00000000ef600000, 0x00000000ef600000|100%| E|CS|TAMS 0x00000000ef500000, 0x00000000ef500000| Complete 
| 246|0x00000000ef600000, 0x00000000ef700000, 0x00000000ef700000|100%| E|CS|TAMS 0x00000000ef600000, 0x00000000ef600000| Complete 
| 247|0x00000000ef700000, 0x00000000ef800000, 0x00000000ef800000|100%| E|CS|TAMS 0x00000000ef700000, 0x00000000ef700000| Complete 
| 248|0x00000000ef800000, 0x00000000ef900000, 0x00000000ef900000|100%| E|CS|TAMS 0x00000000ef800000, 0x00000000ef800000| Complete 
| 249|0x00000000ef900000, 0x00000000efa00000, 0x00000000efa00000|100%| E|CS|TAMS 0x00000000ef900000, 0x00000000ef900000| Complete 
| 250|0x00000000efa00000, 0x00000000efb00000, 0x00000000efb00000|100%| E|CS|TAMS 0x00000000efa00000, 0x00000000efa00000| Complete 
| 251|0x00000000efb00000, 0x00000000efc00000, 0x00000000efc00000|100%| E|CS|TAMS 0x00000000efb00000, 0x00000000efb00000| Complete 
| 252|0x00000000efc00000, 0x00000000efd00000, 0x00000000efd00000|100%| E|CS|TAMS 0x00000000efc00000, 0x00000000efc00000| Complete 
| 253|0x00000000efd00000, 0x00000000efe00000, 0x00000000efe00000|100%| E|CS|TAMS 0x00000000efd00000, 0x00000000efd00000| Complete 
| 254|0x00000000efe00000, 0x00000000eff00000, 0x00000000eff00000|100%| E|CS|TAMS 0x00000000efe00000, 0x00000000efe00000| Complete 
| 255|0x00000000eff00000, 0x00000000f0000000, 0x00000000f0000000|100%| E|CS|TAMS 0x00000000eff00000, 0x00000000eff00000| Complete 

Card table byte_map: [0x000001f7b23e0000,0x000001f7b24e0000] _byte_map_base: 0x000001f7b1ce0000

Marking Bits (Prev, Next): (CMBitMap*) 0x000001f79b91ebb0, (CMBitMap*) 0x000001f79b91eb70
 Prev Bits: [0x000001f7b2de0000, 0x000001f7b35e0000)
 Next Bits: [0x000001f7b25e0000, 0x000001f7b2de0000)

Polling page: 0x000001f799870000

Metaspace:

Usage:
  Non-class:     52.53 MB used.
      Class:      8.03 MB used.
       Both:     60.56 MB used.

Virtual space:
  Non-class space:       56.00 MB reserved,      52.81 MB ( 94%) committed,  7 nodes.
      Class space:      208.00 MB reserved,       8.31 MB (  4%) committed,  1 nodes.
             Both:      264.00 MB reserved,      61.12 MB ( 23%) committed. 

Chunk freelists:
   Non-Class:  2.81 MB
       Class:  3.66 MB
        Both:  6.47 MB

MaxMetaspaceSize: 256.00 MB
CompressedClassSpaceSize: 208.00 MB
Initial GC threshold: 21.00 MB
Current GC threshold: 99.19 MB
CDS: on
MetaspaceReclaimPolicy: balanced
 - commit_granule_bytes: 65536.
 - commit_granule_words: 8192.
 - virtual_space_node_default_size: 1048576.
 - enlarge_chunks_in_place: 1.
 - new_chunks_are_fully_committed: 0.
 - uncommit_free_chunks: 1.
 - use_allocation_guard: 0.
 - handle_deallocations: 1.


Internal statistics:

num_allocs_failed_limit: 12.
num_arena_births: 612.
num_arena_deaths: 0.
num_vsnodes_births: 8.
num_vsnodes_deaths: 0.
num_space_committed: 978.
num_space_uncommitted: 0.
num_chunks_returned_to_freelist: 12.
num_chunks_taken_from_freelist: 3135.
num_chunk_merges: 12.
num_chunk_splits: 2023.
num_chunks_enlarged: 1329.
num_purges: 0.
num_inconsistent_stats: 0.

CodeHeap 'non-profiled nmethods': size=120000Kb used=6621Kb max_used=6621Kb free=113379Kb
 bounds [0x000001f7aaeb0000, 0x000001f7ab530000, 0x000001f7b23e0000]
CodeHeap 'profiled nmethods': size=120000Kb used=23057Kb max_used=23057Kb free=96942Kb
 bounds [0x000001f7a33e0000, 0x000001f7a4a70000, 0x000001f7aa910000]
CodeHeap 'non-nmethods': size=5760Kb used=2335Kb max_used=2378Kb free=3424Kb
 bounds [0x000001f7aa910000, 0x000001f7aab80000, 0x000001f7aaeb0000]
 total_blobs=11973 nmethods=11115 adapters=771
 compilation: enabled
              stopped_count=0, restarted_count=0
 full_count=0

Compilation events (20 events):
Event: 107.414 Thread 0x000001f7b5c136b0 12745       3       com.google.common.collect.MapMakerInternalMap$WeakKeyDummyValueSegment::maybeDrainReferenceQueues (9 bytes)
Event: 107.414 Thread 0x000001f7b5c136b0 nmethod 12745 0x000001f7a4a5d910 code [0x000001f7a4a5daa0, 0x000001f7a4a5dc68]
Event: 107.427 Thread 0x000001f7b5ba9690 nmethod 12740 0x000001f7ab525890 code [0x000001f7ab525a20, 0x000001f7ab5267b8]
Event: 107.427 Thread 0x000001f7b5ba9690 12742   !   4       org.gradle.internal.serialize.kryo.KryoBackedDecoder::readBytes (23 bytes)
Event: 107.434 Thread 0x000001f7b5ba9690 nmethod 12742 0x000001f7ab526990 code [0x000001f7ab526b40, 0x000001f7ab526e98]
Event: 107.504 Thread 0x000001f7b5c136b0 12747       3       java.lang.String::equals (56 bytes)
Event: 107.504 Thread 0x000001f7b5c136b0 nmethod 12747 0x000001f7a4a5dd10 code [0x000001f7a4a5dee0, 0x000001f7a4a5e368]
Event: 107.504 Thread 0x000001f7b5ba9690 12748       4       org.gradle.api.internal.tasks.compile.incremental.serialization.HierarchicalNameSerializer::readName (51 bytes)
Event: 107.532 Thread 0x000001f7b5c136b0 12750       1       com.google.common.collect.SingletonImmutableSet::isPartialView (2 bytes)
Event: 107.532 Thread 0x000001f7b5c136b0 nmethod 12750 0x000001f7ab527110 code [0x000001f7ab5272a0, 0x000001f7ab527378]
Event: 107.533 Thread 0x000001f7b5c136b0 12751       3       org.gradle.api.internal.tasks.compile.incremental.compilerapi.deps.DependentsSet::dependents (52 bytes)
Event: 107.533 Thread 0x000001f7b5c136b0 nmethod 12751 0x000001f7a4a5e490 code [0x000001f7a4a5e6e0, 0x000001f7a4a5efc8]
Event: 107.533 Thread 0x000001f7b5c136b0 12752       3       org.gradle.api.internal.tasks.compile.incremental.compilerapi.deps.DependentsSet$DefaultDependentsSet::<init> (8 bytes)
Event: 107.534 Thread 0x000001f7b5c136b0 nmethod 12752 0x000001f7a4a5f310 code [0x000001f7a4a5f4c0, 0x000001f7a4a5f858]
Event: 107.535 Thread 0x000001f7b5c136b0 12754       3       org.gradle.api.internal.tasks.compile.incremental.compilerapi.deps.DependentSetSerializer::read (198 bytes)
Event: 107.537 Thread 0x000001f7b5c136b0 nmethod 12754 0x000001f7a4a5f990 code [0x000001f7a4a5fe60, 0x000001f7a4a628c8]
Event: 107.537 Thread 0x000001f7b5c136b0 12756       3       org.gradle.api.internal.tasks.compile.incremental.deps.ClassSetAnalysisData$Serializer::lambda$read$0 (2 bytes)
Event: 107.538 Thread 0x000001f7b5c136b0 nmethod 12756 0x000001f7a3cb4590 code [0x000001f7a3cb4720, 0x000001f7a3cb4818]
Event: 107.538 Thread 0x000001f7b5c136b0 12755       3       org.gradle.api.internal.tasks.compile.incremental.deps.ClassSetAnalysisData$Serializer$$Lambda$1219/0x000000080136f3d0::get (8 bytes)
Event: 107.538 Thread 0x000001f7b5c136b0 nmethod 12755 0x000001f7a4a63710 code [0x000001f7a4a638a0, 0x000001f7a4a639f8]

GC Heap History (20 events):
Event: 21.629 GC heap before
{Heap before GC invocations=3 (full 0):
 garbage-first heap   total 262144K, used 116362K [0x00000000e0000000, 0x0000000100000000)
  region size 1024K, 106 young (108544K), 3 survivors (3072K)
 Metaspace       used 21228K, committed 21504K, reserved 237568K
  class space    used 3147K, committed 3264K, reserved 212992K
}
Event: 21.651 GC heap after
{Heap after GC invocations=4 (full 0):
 garbage-first heap   total 262144K, used 20546K [0x00000000e0000000, 0x0000000100000000)
  region size 1024K, 11 young (11264K), 11 survivors (11264K)
 Metaspace       used 21228K, committed 21504K, reserved 237568K
  class space    used 3147K, committed 3264K, reserved 212992K
}
Event: 33.466 GC heap before
{Heap before GC invocations=5 (full 0):
 garbage-first heap   total 262144K, used 121922K [0x00000000e0000000, 0x0000000100000000)
  region size 1024K, 108 young (110592K), 11 survivors (11264K)
 Metaspace       used 35615K, committed 35968K, reserved 245760K
  class space    used 4904K, committed 5056K, reserved 212992K
}
Event: 33.515 GC heap after
{Heap after GC invocations=6 (full 0):
 garbage-first heap   total 262144K, used 30000K [0x00000000e0000000, 0x0000000100000000)
  region size 1024K, 10 young (10240K), 10 survivors (10240K)
 Metaspace       used 35615K, committed 35968K, reserved 245760K
  class space    used 4904K, committed 5056K, reserved 212992K
}
Event: 33.626 GC heap before
{Heap before GC invocations=6 (full 0):
 garbage-first heap   total 262144K, used 31024K [0x00000000e0000000, 0x0000000100000000)
  region size 1024K, 12 young (12288K), 10 survivors (10240K)
 Metaspace       used 35867K, committed 36288K, reserved 245760K
  class space    used 4939K, committed 5120K, reserved 212992K
}
Event: 33.645 GC heap after
{Heap after GC invocations=7 (full 0):
 garbage-first heap   total 262144K, used 30637K [0x00000000e0000000, 0x0000000100000000)
  region size 1024K, 2 young (2048K), 2 survivors (2048K)
 Metaspace       used 35867K, committed 36288K, reserved 245760K
  class space    used 4939K, committed 5120K, reserved 212992K
}
Event: 33.657 GC heap before
{Heap before GC invocations=7 (full 0):
 garbage-first heap   total 262144K, used 30637K [0x00000000e0000000, 0x0000000100000000)
  region size 1024K, 3 young (3072K), 2 survivors (2048K)
 Metaspace       used 35927K, committed 36288K, reserved 245760K
  class space    used 4941K, committed 5120K, reserved 212992K
}
Event: 33.659 GC heap after
{Heap after GC invocations=8 (full 0):
 garbage-first heap   total 262144K, used 29621K [0x00000000e0000000, 0x0000000100000000)
  region size 1024K, 1 young (1024K), 1 survivors (1024K)
 Metaspace       used 35927K, committed 36288K, reserved 245760K
  class space    used 4941K, committed 5120K, reserved 212992K
}
Event: 43.173 GC heap before
{Heap before GC invocations=9 (full 0):
 garbage-first heap   total 262144K, used 168885K [0x00000000e0000000, 0x0000000100000000)
  region size 1024K, 137 young (140288K), 1 survivors (1024K)
 Metaspace       used 46204K, committed 46720K, reserved 253952K
  class space    used 6467K, committed 6720K, reserved 212992K
}
Event: 43.197 GC heap after
{Heap after GC invocations=10 (full 0):
 garbage-first heap   total 262144K, used 40638K [0x00000000e0000000, 0x0000000100000000)
  region size 1024K, 12 young (12288K), 12 survivors (12288K)
 Metaspace       used 46204K, committed 46720K, reserved 253952K
  class space    used 6467K, committed 6720K, reserved 212992K
}
Event: 53.958 GC heap before
{Heap before GC invocations=10 (full 0):
 garbage-first heap   total 262144K, used 185022K [0x00000000e0000000, 0x0000000100000000)
  region size 1024K, 153 young (156672K), 12 survivors (12288K)
 Metaspace       used 49983K, committed 50432K, reserved 262144K
  class space    used 6875K, committed 7104K, reserved 212992K
}
Event: 54.014 GC heap after
{Heap after GC invocations=11 (full 0):
 garbage-first heap   total 262144K, used 51861K [0x00000000e0000000, 0x0000000100000000)
  region size 1024K, 12 young (12288K), 12 survivors (12288K)
 Metaspace       used 49983K, committed 50432K, reserved 262144K
  class space    used 6875K, committed 7104K, reserved 212992K
}
Event: 60.056 GC heap before
{Heap before GC invocations=11 (full 0):
 garbage-first heap   total 262144K, used 194197K [0x00000000e0000000, 0x0000000100000000)
  region size 1024K, 151 young (154624K), 12 survivors (12288K)
 Metaspace       used 50587K, committed 51136K, reserved 262144K
  class space    used 6890K, committed 7104K, reserved 212992K
}
Event: 60.083 GC heap after
{Heap after GC invocations=12 (full 0):
 garbage-first heap   total 262144K, used 57719K [0x00000000e0000000, 0x0000000100000000)
  region size 1024K, 7 young (7168K), 7 survivors (7168K)
 Metaspace       used 50587K, committed 51136K, reserved 262144K
  class space    used 6890K, committed 7104K, reserved 212992K
}
Event: 78.837 GC heap before
{Heap before GC invocations=12 (full 0):
 garbage-first heap   total 262144K, used 200055K [0x00000000e0000000, 0x0000000100000000)
  region size 1024K, 147 young (150528K), 7 survivors (7168K)
 Metaspace       used 51864K, committed 52352K, reserved 262144K
  class space    used 7007K, committed 7232K, reserved 212992K
}
Event: 78.867 GC heap after
{Heap after GC invocations=13 (full 0):
 garbage-first heap   total 262144K, used 60801K [0x00000000e0000000, 0x0000000100000000)
  region size 1024K, 10 young (10240K), 10 survivors (10240K)
 Metaspace       used 51864K, committed 52352K, reserved 262144K
  class space    used 7007K, committed 7232K, reserved 212992K
}
Event: 94.349 GC heap before
{Heap before GC invocations=13 (full 0):
 garbage-first heap   total 262144K, used 215425K [0x00000000e0000000, 0x0000000100000000)
  region size 1024K, 151 young (154624K), 10 survivors (10240K)
 Metaspace       used 59083K, committed 59712K, reserved 270336K
  class space    used 7891K, committed 8192K, reserved 212992K
}
Event: 94.388 GC heap after
{Heap after GC invocations=14 (full 0):
 garbage-first heap   total 262144K, used 85106K [0x00000000e0000000, 0x0000000100000000)
  region size 1024K, 19 young (19456K), 19 survivors (19456K)
 Metaspace       used 59083K, committed 59712K, reserved 270336K
  class space    used 7891K, committed 8192K, reserved 212992K
}
Event: 98.416 GC heap before
{Heap before GC invocations=14 (full 0):
 garbage-first heap   total 262144K, used 135282K [0x00000000e0000000, 0x0000000100000000)
  region size 1024K, 69 young (70656K), 19 survivors (19456K)
 Metaspace       used 60196K, committed 60800K, reserved 270336K
  class space    used 8026K, committed 8320K, reserved 212992K
}
Event: 98.597 GC heap after
{Heap after GC invocations=15 (full 0):
 garbage-first heap   total 262144K, used 99226K [0x00000000e0000000, 0x0000000100000000)
  region size 1024K, 14 young (14336K), 14 survivors (14336K)
 Metaspace       used 60196K, committed 60800K, reserved 270336K
  class space    used 8026K, committed 8320K, reserved 212992K
}

Dll operation events (12 events):
Event: 0.071 Loaded shared library C:\Program Files\Eclipse Adoptium\jdk-17.0.6.10-hotspot\bin\java.dll
Event: 0.191 Loaded shared library C:\Program Files\Eclipse Adoptium\jdk-17.0.6.10-hotspot\bin\jsvml.dll
Event: 0.759 Loaded shared library C:\Program Files\Eclipse Adoptium\jdk-17.0.6.10-hotspot\bin\net.dll
Event: 0.763 Loaded shared library C:\Program Files\Eclipse Adoptium\jdk-17.0.6.10-hotspot\bin\nio.dll
Event: 0.781 Loaded shared library C:\Program Files\Eclipse Adoptium\jdk-17.0.6.10-hotspot\bin\zip.dll
Event: 1.960 Loaded shared library C:\Program Files\Eclipse Adoptium\jdk-17.0.6.10-hotspot\bin\jimage.dll
Event: 2.413 Loaded shared library C:\Program Files\Eclipse Adoptium\jdk-17.0.6.10-hotspot\bin\verify.dll
Event: 3.980 Loaded shared library C:\Users\guill\.gradle\native\e1d6ef7f7dcc3fd88c89a11ec53ec762bb8ba0a96d01ffa2cd45eb1d1d8dd5c5\windows-amd64\native-platform.dll
Event: 4.010 Loaded shared library C:\Users\guill\.gradle\native\5664cfc778a61ccfe75a443a1ab52a65af34e5dc3c78e0209fed803814484fcb\windows-amd64\native-platform-file-events.dll
Event: 9.548 Loaded shared library C:\Program Files\Eclipse Adoptium\jdk-17.0.6.10-hotspot\bin\management.dll
Event: 9.587 Loaded shared library C:\Program Files\Eclipse Adoptium\jdk-17.0.6.10-hotspot\bin\management_ext.dll
Event: 12.482 Loaded shared library C:\Program Files\Eclipse Adoptium\jdk-17.0.6.10-hotspot\bin\sunmscapi.dll

Deoptimization events (20 events):
Event: 107.346 Thread 0x000001f7b9ce80b0 Uncommon trap: trap_request=0xffffff45 fr.pc=0x000001f7aaec87f0 relative=0x00000000000004b0
Event: 107.346 Thread 0x000001f7b9ce80b0 Uncommon trap: reason=unstable_if action=reinterpret pc=0x000001f7aaec87f0 method=com.esotericsoftware.kryo.io.Input.readUtf8(I)V @ 48 c2
Event: 107.346 Thread 0x000001f7b9ce80b0 DEOPT PACKING pc=0x000001f7aaec87f0 sp=0x000000375f2fe090
Event: 107.346 Thread 0x000001f7b9ce80b0 DEOPT UNPACKING pc=0x000001f7aa9669a3 sp=0x000000375f2fe040 mode 2
Event: 107.346 Thread 0x000001f7b9ce80b0 Uncommon trap: trap_request=0xffffff45 fr.pc=0x000001f7ab050db0 relative=0x0000000000000470
Event: 107.346 Thread 0x000001f7b9ce80b0 Uncommon trap: reason=unstable_if action=reinterpret pc=0x000001f7ab050db0 method=java.lang.AbstractStringBuilder.putStringAt(ILjava/lang/String;II)V @ 8 c2
Event: 107.346 Thread 0x000001f7b9ce80b0 DEOPT PACKING pc=0x000001f7ab050db0 sp=0x000000375f2fe210
Event: 107.346 Thread 0x000001f7b9ce80b0 DEOPT UNPACKING pc=0x000001f7aa9669a3 sp=0x000000375f2fe100 mode 2
Event: 107.346 Thread 0x000001f7b9ce80b0 Uncommon trap: trap_request=0xffffff45 fr.pc=0x000001f7ab02383c relative=0x000000000000011c
Event: 107.346 Thread 0x000001f7b9ce80b0 Uncommon trap: reason=unstable_if action=reinterpret pc=0x000001f7ab02383c method=java.lang.AbstractStringBuilder.putStringAt(ILjava/lang/String;II)V @ 8 c2
Event: 107.346 Thread 0x000001f7b9ce80b0 DEOPT PACKING pc=0x000001f7ab02383c sp=0x000000375f2fe070
Event: 107.346 Thread 0x000001f7b9ce80b0 DEOPT UNPACKING pc=0x000001f7aa9669a3 sp=0x000000375f2fdfb8 mode 2
Event: 107.346 Thread 0x000001f7b9ce80b0 Uncommon trap: trap_request=0xffffff45 fr.pc=0x000001f7ab01be48 relative=0x0000000000000128
Event: 107.346 Thread 0x000001f7b9ce80b0 Uncommon trap: reason=unstable_if action=reinterpret pc=0x000001f7ab01be48 method=java.lang.AbstractStringBuilder.putStringAt(ILjava/lang/String;II)V @ 8 c2
Event: 107.346 Thread 0x000001f7b9ce80b0 DEOPT PACKING pc=0x000001f7ab01be48 sp=0x000000375f2fe140
Event: 107.346 Thread 0x000001f7b9ce80b0 DEOPT UNPACKING pc=0x000001f7aa9669a3 sp=0x000000375f2fe108 mode 2
Event: 107.504 Thread 0x000001f7b9ce80b0 Uncommon trap: trap_request=0xffffff45 fr.pc=0x000001f7aaed4800 relative=0x0000000000000180
Event: 107.504 Thread 0x000001f7b9ce80b0 Uncommon trap: reason=unstable_if action=reinterpret pc=0x000001f7aaed4800 method=java.lang.String.equals(Ljava/lang/Object;)Z @ 33 c2
Event: 107.504 Thread 0x000001f7b9ce80b0 DEOPT PACKING pc=0x000001f7aaed4800 sp=0x000000375f2fe2f0
Event: 107.504 Thread 0x000001f7b9ce80b0 DEOPT UNPACKING pc=0x000001f7aa9669a3 sp=0x000000375f2fe280 mode 2

Classes unloaded (0 events):
No events

Classes redefined (0 events):
No events

Internal exceptions (20 events):
Event: 101.010 Thread 0x000001f7b7cb89a0 Exception <a 'sun/nio/fs/WindowsException'{0x00000000efa1d2d8}> (0x00000000efa1d2d8) 
thrown [s\src\hotspot\share\prims\jni.cpp, line 516]
Event: 101.011 Thread 0x000001f7b7cb89a0 Exception <a 'sun/nio/fs/WindowsException'{0x00000000efa1d5c8}> (0x00000000efa1d5c8) 
thrown [s\src\hotspot\share\prims\jni.cpp, line 516]
Event: 101.867 Thread 0x000001f7b7cb89a0 Exception <a 'sun/nio/fs/WindowsException'{0x00000000ef0bc0f8}> (0x00000000ef0bc0f8) 
thrown [s\src\hotspot\share\prims\jni.cpp, line 516]
Event: 101.868 Thread 0x000001f7b7cb89a0 Exception <a 'sun/nio/fs/WindowsException'{0x00000000ef0bddb8}> (0x00000000ef0bddb8) 
thrown [s\src\hotspot\share\prims\jni.cpp, line 516]
Event: 103.020 Thread 0x000001f7b7cb89a0 Exception <a 'java/lang/NoSuchMethodError'{0x00000000eef24290}: 'void java.lang.invoke.DirectMethodHandle$Holder.invokeSpecial(java.lang.Object, java.lang.Object, java.lang.Object, java.lang.Object, java.lang.Object, java.lang.Object, java.lang.Object, java.lang.Object, java.lang.Object)'> (0x00000000eef24290) 
thrown [s\src\hotspot\share\interpreter\linkResolver.cpp, line 759]
Event: 103.292 Thread 0x000001f7b7cb89a0 Exception <a 'sun/nio/fs/WindowsException'{0x00000000eefe2da8}> (0x00000000eefe2da8) 
thrown [s\src\hotspot\share\prims\jni.cpp, line 516]
Event: 103.848 Thread 0x000001f7b7cb89a0 Exception <a 'sun/nio/fs/WindowsException'{0x00000000eebe4c48}> (0x00000000eebe4c48) 
thrown [s\src\hotspot\share\prims\jni.cpp, line 516]
Event: 103.848 Thread 0x000001f7b7cb89a0 Exception <a 'sun/nio/fs/WindowsException'{0x00000000eebe4f68}> (0x00000000eebe4f68) 
thrown [s\src\hotspot\share\prims\jni.cpp, line 516]
Event: 103.848 Thread 0x000001f7b7cb89a0 Exception <a 'sun/nio/fs/WindowsException'{0x00000000eebe9368}> (0x00000000eebe9368) 
thrown [s\src\hotspot\share\prims\jni.cpp, line 516]
Event: 103.849 Thread 0x000001f7b7cb89a0 Exception <a 'sun/nio/fs/WindowsException'{0x00000000eebe9678}> (0x00000000eebe9678) 
thrown [s\src\hotspot\share\prims\jni.cpp, line 516]
Event: 103.870 Thread 0x000001f7b7cb89a0 Exception <a 'sun/nio/fs/WindowsException'{0x00000000eea260b8}> (0x00000000eea260b8) 
thrown [s\src\hotspot\share\prims\jni.cpp, line 516]
Event: 103.871 Thread 0x000001f7b7cb89a0 Exception <a 'sun/nio/fs/WindowsException'{0x00000000eea27d78}> (0x00000000eea27d78) 
thrown [s\src\hotspot\share\prims\jni.cpp, line 516]
Event: 104.223 Thread 0x000001f7b7cb89a0 Exception <a 'sun/nio/fs/WindowsException'{0x00000000ee783998}> (0x00000000ee783998) 
thrown [s\src\hotspot\share\prims\jni.cpp, line 516]
Event: 104.423 Thread 0x000001f7b7cb89a0 Exception <a 'sun/nio/fs/WindowsException'{0x00000000ee54fe28}> (0x00000000ee54fe28) 
thrown [s\src\hotspot\share\prims\jni.cpp, line 516]
Event: 104.617 Thread 0x000001f7b7cb89a0 Exception <a 'sun/nio/fs/WindowsException'{0x00000000ee2c2420}> (0x00000000ee2c2420) 
thrown [s\src\hotspot\share\prims\jni.cpp, line 516]
Event: 104.923 Thread 0x000001f7b7cb89a0 Exception <a 'sun/nio/fs/WindowsException'{0x00000000ee095648}> (0x00000000ee095648) 
thrown [s\src\hotspot\share\prims\jni.cpp, line 516]
Event: 104.923 Thread 0x000001f7b7cb89a0 Exception <a 'sun/nio/fs/WindowsException'{0x00000000ee097308}> (0x00000000ee097308) 
thrown [s\src\hotspot\share\prims\jni.cpp, line 516]
Event: 105.085 Thread 0x000001f7b7cb89a0 Exception <a 'sun/nio/fs/WindowsException'{0x00000000ee0a3b10}> (0x00000000ee0a3b10) 
thrown [s\src\hotspot\share\prims\jni.cpp, line 516]
Event: 105.149 Thread 0x000001f7b7cb89a0 Exception <a 'sun/nio/fs/WindowsException'{0x00000000ee0add80}> (0x00000000ee0add80) 
thrown [s\src\hotspot\share\prims\jni.cpp, line 516]
Event: 105.149 Thread 0x000001f7b7cb89a0 Exception <a 'sun/nio/fs/WindowsException'{0x00000000ee0af9e0}> (0x00000000ee0af9e0) 
thrown [s\src\hotspot\share\prims\jni.cpp, line 516]

VM Operations (20 events):
Event: 101.548 Executing VM operation: ICBufferFull
Event: 101.549 Executing VM operation: ICBufferFull done
Event: 101.845 Executing VM operation: HandshakeAllThreads
Event: 101.845 Executing VM operation: HandshakeAllThreads done
Event: 102.849 Executing VM operation: Cleanup
Event: 102.849 Executing VM operation: Cleanup done
Event: 103.272 Executing VM operation: HandshakeAllThreads
Event: 103.272 Executing VM operation: HandshakeAllThreads done
Event: 103.671 Executing VM operation: HandshakeAllThreads
Event: 103.683 Executing VM operation: HandshakeAllThreads done
Event: 103.694 Executing VM operation: ICBufferFull
Event: 103.694 Executing VM operation: ICBufferFull done
Event: 104.203 Executing VM operation: ICBufferFull
Event: 104.204 Executing VM operation: ICBufferFull done
Event: 104.660 Executing VM operation: ICBufferFull
Event: 104.843 Executing VM operation: ICBufferFull done
Event: 105.848 Executing VM operation: Cleanup
Event: 105.848 Executing VM operation: Cleanup done
Event: 106.859 Executing VM operation: Cleanup
Event: 106.860 Executing VM operation: Cleanup done

Events (20 events):
Event: 100.091 loading class java/util/EnumMap$EntryIterator$Entry done
Event: 103.012 loading class java/util/stream/ReduceOps$2
Event: 103.013 loading class java/util/stream/ReduceOps$2 done
Event: 103.013 loading class java/util/stream/ReduceOps$2ReducingSink
Event: 103.014 loading class java/util/stream/ReduceOps$2ReducingSink done
Event: 103.688 Thread 0x000001f7b5c15bd0 flushing nmethod 0x000001f7a3422890
Event: 105.352 loading class java/util/EnumMap$Values
Event: 105.352 loading class java/util/EnumMap$Values done
Event: 105.352 loading class java/util/EnumMap$ValueIterator
Event: 105.353 loading class java/util/EnumMap$ValueIterator done
Event: 106.867 loading class java/util/PrimitiveIterator$OfInt
Event: 106.868 loading class java/util/PrimitiveIterator
Event: 106.868 loading class java/util/PrimitiveIterator done
Event: 106.868 loading class java/util/PrimitiveIterator$OfInt done
Event: 106.886 loading class java/util/concurrent/RecursiveAction
Event: 106.888 loading class java/util/concurrent/RecursiveAction done
Event: 107.308 Thread 0x000001f7bdfac400 Thread added: 0x000001f7bdfac400
Event: 107.308 Thread 0x000001f7bdfa8570 Thread added: 0x000001f7bdfa8570
Event: 107.308 Thread 0x000001f7bdfa5550 Thread added: 0x000001f7bdfa5550
Event: 107.308 Thread 0x000001f7bdfa8f10 Thread added: 0x000001f7bdfa8f10


Dynamic libraries:
0x00007ff66dea0000 - 0x00007ff66deae000 	C:\Program Files\Eclipse Adoptium\jdk-17.0.6.10-hotspot\bin\java.exe
0x00007ffd11830000 - 0x00007ffd11a28000 	C:\WINDOWS\SYSTEM32\ntdll.dll
0x00007ffd115b0000 - 0x00007ffd1166f000 	C:\WINDOWS\System32\KERNEL32.DLL
0x00007ffd0eff0000 - 0x00007ffd0f2e6000 	C:\WINDOWS\System32\KERNELBASE.dll
0x00007ffd0f640000 - 0x00007ffd0f740000 	C:\WINDOWS\System32\ucrtbase.dll
0x00007ffd07790000 - 0x00007ffd077a7000 	C:\Program Files\Eclipse Adoptium\jdk-17.0.6.10-hotspot\bin\jli.dll
0x00007ffd110b0000 - 0x00007ffd1124d000 	C:\WINDOWS\System32\USER32.dll
0x00007ffd0efc0000 - 0x00007ffd0efe2000 	C:\WINDOWS\System32\win32u.dll
0x00007ffd0fbd0000 - 0x00007ffd0fbfc000 	C:\WINDOWS\System32\GDI32.dll
0x00007ffd0f520000 - 0x00007ffd0f635000 	C:\WINDOWS\System32\gdi32full.dll
0x00007ffd0f2f0000 - 0x00007ffd0f38d000 	C:\WINDOWS\System32\msvcp_win.dll
0x00007ffcfa900000 - 0x00007ffcfab9a000 	C:\WINDOWS\WinSxS\amd64_microsoft.windows.common-controls_6595b64144ccf1df_6.0.19041.1110_none_60b5254171f9507e\COMCTL32.dll
0x00007ffd113f0000 - 0x00007ffd1148e000 	C:\WINDOWS\System32\msvcrt.dll
0x00007ffceda60000 - 0x00007ffceda79000 	C:\Program Files\Eclipse Adoptium\jdk-17.0.6.10-hotspot\bin\VCRUNTIME140.dll
0x00007ffd0fa20000 - 0x00007ffd0fa50000 	C:\WINDOWS\System32\IMM32.DLL
0x00007ffd09ea0000 - 0x00007ffd09eac000 	C:\Program Files\Eclipse Adoptium\jdk-17.0.6.10-hotspot\bin\vcruntime140_1.dll
0x00007ffcb9910000 - 0x00007ffcb99a1000 	C:\Program Files\Eclipse Adoptium\jdk-17.0.6.10-hotspot\bin\msvcp140.dll
0x00007ffcaf8a0000 - 0x00007ffcb04e7000 	C:\Program Files\Eclipse Adoptium\jdk-17.0.6.10-hotspot\bin\server\jvm.dll
0x00007ffd0fa50000 - 0x00007ffd0faff000 	C:\WINDOWS\System32\ADVAPI32.dll
0x00007ffd11010000 - 0x00007ffd110ac000 	C:\WINDOWS\System32\sechost.dll
0x00007ffd0fc70000 - 0x00007ffd0fd96000 	C:\WINDOWS\System32\RPCRT4.dll
0x00007ffcf9460000 - 0x00007ffcf9469000 	C:\WINDOWS\SYSTEM32\WSOCK32.dll
0x00007ffd0ff50000 - 0x00007ffd0ffbb000 	C:\WINDOWS\System32\WS2_32.dll
0x00007ffd02a70000 - 0x00007ffd02a97000 	C:\WINDOWS\SYSTEM32\WINMM.dll
0x00007ffd04d40000 - 0x00007ffd04d4a000 	C:\WINDOWS\SYSTEM32\VERSION.dll
0x00007ffd0d750000 - 0x00007ffd0d762000 	C:\WINDOWS\SYSTEM32\kernel.appcore.dll
0x00007ffceda50000 - 0x00007ffceda5a000 	C:\Program Files\Eclipse Adoptium\jdk-17.0.6.10-hotspot\bin\jimage.dll
0x00007ffd048c0000 - 0x00007ffd04aa4000 	C:\WINDOWS\SYSTEM32\DBGHELP.DLL
0x00007ffd027c0000 - 0x00007ffd027f4000 	C:\WINDOWS\SYSTEM32\dbgcore.DLL
0x00007ffd0f800000 - 0x00007ffd0f882000 	C:\WINDOWS\System32\bcryptPrimitives.dll
0x00007ffccda90000 - 0x00007ffccdab5000 	C:\Program Files\Eclipse Adoptium\jdk-17.0.6.10-hotspot\bin\java.dll
0x00007ffcb9830000 - 0x00007ffcb9906000 	C:\Program Files\Eclipse Adoptium\jdk-17.0.6.10-hotspot\bin\jsvml.dll
0x00007ffd10560000 - 0x00007ffd10ca4000 	C:\WINDOWS\System32\SHELL32.dll
0x00007ffd0ce00000 - 0x00007ffd0d593000 	C:\WINDOWS\SYSTEM32\windows.storage.dll
0x00007ffd10cb0000 - 0x00007ffd11004000 	C:\WINDOWS\System32\combase.dll
0x00007ffd0e890000 - 0x00007ffd0e8be000 	C:\WINDOWS\SYSTEM32\Wldp.dll
0x00007ffd116b0000 - 0x00007ffd1175d000 	C:\WINDOWS\System32\SHCORE.dll
0x00007ffd11490000 - 0x00007ffd114e5000 	C:\WINDOWS\System32\shlwapi.dll
0x00007ffd0ee50000 - 0x00007ffd0ee6f000 	C:\WINDOWS\SYSTEM32\profapi.dll
0x00007ffceda30000 - 0x00007ffceda49000 	C:\Program Files\Eclipse Adoptium\jdk-17.0.6.10-hotspot\bin\net.dll
0x00007ffd073e0000 - 0x00007ffd074ea000 	C:\WINDOWS\SYSTEM32\WINHTTP.dll
0x00007ffd0e670000 - 0x00007ffd0e6da000 	C:\WINDOWS\system32\mswsock.dll
0x00007ffccdfc0000 - 0x00007ffccdfd5000 	C:\Program Files\Eclipse Adoptium\jdk-17.0.6.10-hotspot\bin\nio.dll
0x00007ffcb97d0000 - 0x00007ffcb97e8000 	C:\Program Files\Eclipse Adoptium\jdk-17.0.6.10-hotspot\bin\zip.dll
0x00007ffce3bd0000 - 0x00007ffce3be0000 	C:\Program Files\Eclipse Adoptium\jdk-17.0.6.10-hotspot\bin\verify.dll
0x00007ffcb84d0000 - 0x00007ffcb84f7000 	C:\Users\guill\.gradle\native\e1d6ef7f7dcc3fd88c89a11ec53ec762bb8ba0a96d01ffa2cd45eb1d1d8dd5c5\windows-amd64\native-platform.dll
0x00007ffcb9680000 - 0x00007ffcb97c4000 	C:\Users\guill\.gradle\native\5664cfc778a61ccfe75a443a1ab52a65af34e5dc3c78e0209fed803814484fcb\windows-amd64\native-platform-file-events.dll
0x00007ffcda690000 - 0x00007ffcda699000 	C:\Program Files\Eclipse Adoptium\jdk-17.0.6.10-hotspot\bin\management.dll
0x00007ffcd93c0000 - 0x00007ffcd93cb000 	C:\Program Files\Eclipse Adoptium\jdk-17.0.6.10-hotspot\bin\management_ext.dll
0x00007ffd0fc00000 - 0x00007ffd0fc08000 	C:\WINDOWS\System32\PSAPI.DLL
0x00007ffd0ebd0000 - 0x00007ffd0ebe8000 	C:\WINDOWS\SYSTEM32\CRYPTSP.dll
0x00007ffd0df40000 - 0x00007ffd0df74000 	C:\WINDOWS\system32\rsaenh.dll
0x00007ffd0f390000 - 0x00007ffd0f3b7000 	C:\WINDOWS\System32\bcrypt.dll
0x00007ffd0edd0000 - 0x00007ffd0edfe000 	C:\WINDOWS\SYSTEM32\USERENV.dll
0x00007ffd0e800000 - 0x00007ffd0e80c000 	C:\WINDOWS\SYSTEM32\CRYPTBASE.dll
0x00007ffd0e330000 - 0x00007ffd0e36c000 	C:\WINDOWS\SYSTEM32\IPHLPAPI.DLL
0x00007ffd116a0000 - 0x00007ffd116a8000 	C:\WINDOWS\System32\NSI.dll
0x00007ffd08390000 - 0x00007ffd083a7000 	C:\WINDOWS\SYSTEM32\dhcpcsvc6.DLL
0x00007ffd08350000 - 0x00007ffd0836d000 	C:\WINDOWS\SYSTEM32\dhcpcsvc.DLL
0x00007ffd0e380000 - 0x00007ffd0e44b000 	C:\WINDOWS\SYSTEM32\DNSAPI.dll
0x00007ffcd4840000 - 0x00007ffcd484e000 	C:\Program Files\Eclipse Adoptium\jdk-17.0.6.10-hotspot\bin\sunmscapi.dll
0x00007ffd0f3c0000 - 0x00007ffd0f51e000 	C:\WINDOWS\System32\CRYPT32.dll
0x00007ffd0e900000 - 0x00007ffd0e928000 	C:\WINDOWS\SYSTEM32\ncrypt.dll
0x00007ffd0e8c0000 - 0x00007ffd0e8fb000 	C:\WINDOWS\SYSTEM32\NTASN1.dll
0x00007ffce1a70000 - 0x00007ffce1a77000 	C:\WINDOWS\system32\wshunix.dll

dbghelp: loaded successfully - version: 4.0.5 - missing functions: none
symbol engine: initialized successfully - sym options: 0x614 - pdb path: .;C:\Program Files\Eclipse Adoptium\jdk-17.0.6.10-hotspot\bin;C:\WINDOWS\SYSTEM32;C:\WINDOWS\WinSxS\amd64_microsoft.windows.common-controls_6595b64144ccf1df_6.0.19041.1110_none_60b5254171f9507e;C:\Program Files\Eclipse Adoptium\jdk-17.0.6.10-hotspot\bin\server;C:\Users\guill\.gradle\native\e1d6ef7f7dcc3fd88c89a11ec53ec762bb8ba0a96d01ffa2cd45eb1d1d8dd5c5\windows-amd64;C:\Users\guill\.gradle\native\5664cfc778a61ccfe75a443a1ab52a65af34e5dc3c78e0209fed803814484fcb\windows-amd64

VM Arguments:
jvm_args: --add-opens=java.base/java.util=ALL-UNNAMED --add-opens=java.base/java.lang=ALL-UNNAMED --add-opens=java.base/java.lang.invoke=ALL-UNNAMED --add-opens=java.base/java.util=ALL-UNNAMED --add-opens=java.prefs/java.util.prefs=ALL-UNNAMED --add-opens=java.prefs/java.util.prefs=ALL-UNNAMED --add-opens=java.base/java.nio.charset=ALL-UNNAMED --add-opens=java.base/java.net=ALL-UNNAMED --add-opens=java.base/java.util.concurrent.atomic=ALL-UNNAMED -XX:MaxMetaspaceSize=256m -XX:+HeapDumpOnOutOfMemoryError -Xms256m -Xmx512m -Dfile.encoding=windows-1252 -Duser.country=AR -Duser.language=es -Duser.variant 
java_command: org.gradle.launcher.daemon.bootstrap.GradleDaemon 7.3.3
java_class_path (initial): C:\Users\guill\.gradle\wrapper\dists\gradle-7.3.3-bin\6a41zxkdtcxs8rphpq6y0069z\gradle-7.3.3\lib\gradle-launcher-7.3.3.jar
Launcher Type: SUN_STANDARD

[Global flags]
     intx CICompilerCount                          = 3                                         {product} {ergonomic}
   size_t CompressedClassSpaceSize                 = 218103808                                 {product} {ergonomic}
     uint ConcGCThreads                            = 1                                         {product} {ergonomic}
     uint G1ConcRefinementThreads                  = 4                                         {product} {ergonomic}
   size_t G1HeapRegionSize                         = 1048576                                   {product} {ergonomic}
    uintx GCDrainStackTargetSize                   = 64                                        {product} {ergonomic}
     bool HeapDumpOnOutOfMemoryError               = true                                   {manageable} {command line}
   size_t InitialHeapSize                          = 268435456                                 {product} {command line}
   size_t MarkStackSize                            = 4194304                                   {product} {ergonomic}
   size_t MaxHeapSize                              = 536870912                                 {product} {command line}
   size_t MaxMetaspaceSize                         = 268435456                                 {product} {command line}
   size_t MaxNewSize                               = 321912832                                 {product} {ergonomic}
   size_t MinHeapDeltaBytes                        = 1048576                                   {product} {ergonomic}
   size_t MinHeapSize                              = 268435456                                 {product} {command line}
    uintx NonNMethodCodeHeapSize                   = 5832780                                {pd product} {ergonomic}
    uintx NonProfiledCodeHeapSize                  = 122912730                              {pd product} {ergonomic}
    uintx ProfiledCodeHeapSize                     = 122912730                              {pd product} {ergonomic}
    uintx ReservedCodeCacheSize                    = 251658240                              {pd product} {ergonomic}
     bool SegmentedCodeCache                       = true                                      {product} {ergonomic}
   size_t SoftMaxHeapSize                          = 536870912                              {manageable} {ergonomic}
     bool UseCompressedClassPointers               = true                           {product lp64_product} {ergonomic}
     bool UseCompressedOops                        = true                           {product lp64_product} {ergonomic}
     bool UseG1GC                                  = true                                      {product} {ergonomic}
     bool UseLargePagesIndividualAllocation        = false                                  {pd product} {ergonomic}

Logging:
Log output configuration:
 #0: stdout all=warning uptime,level,tags
 #1: stderr all=off uptime,level,tags

Environment Variables:
PATH=C:\Program Files\Microsoft\jdk-11.0.16.101-hotspot\bin;C:\Program Files\Eclipse Adoptium\jdk-17.0.6.10-hotspot\bin;C:\Program Files\Common Files\Oracle\Java\javapath;C:\Python39\Scripts\;C:\Python39\;D:\app\guill\product\12.1.0\client_1;D:\app\guill\product\12.1.0\client_1\bin;C:\WINDOWS\system32;C:\WINDOWS;C:\WINDOWS\System32\Wbem;C:\WINDOWS\System32\WindowsPowerShell\v1.0\;C:\WINDOWS\System32\OpenSSH\;C:\Program Files\Microsoft SQL Server\110\Tools\Binn\;C:\Program Files\Microsoft SQL Server\120\Tools\Binn\;C:\Program Files\Microsoft\Web Platform Installer\;C:\Program Files (x86)\Microsoft ASP.NET\ASP.NET Web Pages\v1.0\;C:\Program Files\Microsoft SQL Server\Client SDK\ODBC\110\Tools\Binn\;C:\Program Files (x86)\Microsoft SQL Server\120\Tools\Binn\;C:\Program Files\Microsoft SQL Server\120\DTS\Binn\;C:\Program Files (x86)\Microsoft SQL Server\120\Tools\Binn\ManagementStudio\;C:\Program Files (x86)\Microsoft SQL Server\120\DTS\Binn\;C:\Program Files (x86)\Microsoft Team Foundation Server 2013 Power Tools\;C:\Program Files (x86)\Microsoft Team Foundation Server 2013 Power Tools\Best Practices Analyzer\;C:\Program Files\dotnet\;C:\Program Files\Microsoft SQL Server\130\Tools\Binn\;C:\Program Files\Microsoft SQL Server\Client SDK\ODBC\170\Tools\Binn\;C:\Program Files\nodejs\;C:\ProgramData\chocolatey\bin;C:\Program Files (x86)\GitExtensions\;C:\Program Files\Docker\Docker\resources\bin;C:\Program Files\Microsoft SQL Server\150\Tools\Binn\;C:\Program Files (x86)\IncrediBuild;C:\Program Files\Git\cmd;C:\Users\guill\AppData\Local\Microsoft\WindowsApps;C:\Users\guill\.dotnet\tools;C:\Users\guill\.dotnet\tools;C:\Users\guill\AppData\Local\Programs\Microsoft VS Code\bin;C:\Users\guill\AppData\Roaming\npm;C:\Users\guill\AppData\Local\Microsoft\WindowsApps;C:\Users\guill\AppData\Local\GitHubDesktop\bin;C:\Program Files\JetBrains\IntelliJ IDEA Community Edition 2023.1\bin
USERNAME=guill
OS=Windows_NT
PROCESSOR_IDENTIFIER=AMD64 Family 21 Model 48 Stepping 1, AuthenticAMD
TMP=C:\Users\guill\AppData\Local\Temp
TEMP=C:\Users\guill\AppData\Local\Temp



---------------  S Y S T E M  ---------------

OS:
 Windows 10 , 64 bit Build 19041 (10.0.19041.2913)
OS uptime: 8 days 10:13 hours
Hyper-V role detected

CPU: total 4 (initial active 4) (4 cores per cpu, 1 threads per core) family 21 model 48 stepping 1 microcode 0x0, cx8, cmov, fxsr, mmx, 3dnowpref, sse, sse2, sse3, ssse3, sse4a, sse4.1, sse4.2, popcnt, lzcnt, tsc, tscinvbit, avx, aes, clmul, bmi1, fma, vzeroupper, clflush, hv

Memory: 4k page, system-wide physical 7130M (74M free)
TotalPageFile size 28634M (AvailPageFile size 0M)
current process WorkingSet (physical memory assigned to process): 345M, peak: 389M
current process commit charge ("private bytes"): 488M, peak: 508M

vm_info: OpenJDK 64-Bit Server VM (17.0.6+10) for windows-amd64 JRE (17.0.6+10), built on Jan 18 2023 10:08:59 by "temurin" with MS VC++ 16.7 (VS2019)

END.
