#
# There is insufficient memory for the Java Runtime Environment to continue.
# Native memory allocation (malloc) failed to allocate 1724992 bytes for Chunk::new
# Possible reasons:
#   The system is out of physical RAM or swap space
#   The process is running with CompressedOops enabled, and the Java Heap may be blocking the growth of the native heap
# Possible solutions:
#   Reduce memory load on the system
#   Increase physical memory or swap space
#   Check if swap backing store is full
#   Decrease Java heap size (-Xmx/-Xms)
#   Decrease number of Java threads
#   Decrease Java thread stack sizes (-Xss)
#   Set larger code cache with -XX:ReservedCodeCacheSize=
#   JVM is running with Unscaled Compressed Oops mode in which the Java heap is
#     placed in the first 4GB address space. The Java Heap base address is the
#     maximum limit for the native heap growth. Please use -XX:HeapBaseMinAddress
#     to set the Java Heap base and to place the Java Heap above 4GB virtual address.
# This output file may be truncated or incomplete.
#
#  Out of Memory Error (arena.cpp:189), pid=30000, tid=3584
#
# JRE version: OpenJDK Runtime Environment Temurin-17.0.6+10 (17.0.6+10) (build 17.0.6+10)
# Java VM: OpenJDK 64-Bit Server VM Temurin-17.0.6+10 (17.0.6+10, mixed mode, sharing, tiered, compressed oops, compressed class ptrs, g1 gc, windows-amd64)
# No core dump will be written. Minidumps are not enabled by default on client versions of Windows
#

---------------  S U M M A R Y ------------

Command Line: --add-opens=java.base/java.util=ALL-UNNAMED --add-opens=java.base/java.lang=ALL-UNNAMED --add-opens=java.base/java.lang.invoke=ALL-UNNAMED --add-opens=java.base/java.util=ALL-UNNAMED --add-opens=java.prefs/java.util.prefs=ALL-UNNAMED --add-opens=java.prefs/java.util.prefs=ALL-UNNAMED --add-opens=java.base/java.nio.charset=ALL-UNNAMED --add-opens=java.base/java.net=ALL-UNNAMED --add-opens=java.base/java.util.concurrent.atomic=ALL-UNNAMED -XX:MaxMetaspaceSize=256m -XX:+HeapDumpOnOutOfMemoryError -Xms256m -Xmx512m -Dfile.encoding=windows-1252 -Duser.country=AR -Duser.language=es -Duser.variant org.gradle.launcher.daemon.bootstrap.GradleDaemon 7.3.3

Host: AMD A8-7650K Radeon R7, 10 Compute Cores 4C+6G , 4 cores, 6G,  Windows 10 , 64 bit Build 19041 (10.0.19041.2913)
Time: Sun May  7 18:49:31 2023 Hora estándar de Argentina elapsed time: 100.490685 seconds (0d 0h 1m 40s)

---------------  T H R E A D  ---------------

Current thread (0x000001b546289400):  JavaThread "C2 CompilerThread0" daemon [_thread_in_native, id=3584, stack(0x0000006456700000,0x0000006456800000)]


Current CompileTask:
C2: 100490 12685       4       javax.management.ObjectName::construct (1135 bytes)

Stack: [0x0000006456700000,0x0000006456800000]
Native frames: (J=compiled Java code, j=interpreted, Vv=VM code, C=native code)
V  [jvm.dll+0x67741a]
V  [jvm.dll+0x834434]
V  [jvm.dll+0x835bde]
V  [jvm.dll+0x836243]
V  [jvm.dll+0x2457b5]
V  [jvm.dll+0xabafc]
V  [jvm.dll+0xac0cc]
V  [jvm.dll+0x3634e7]
V  [jvm.dll+0x1bbd68]
V  [jvm.dll+0x218749]
V  [jvm.dll+0x217a11]
V  [jvm.dll+0x1a3d0d]
V  [jvm.dll+0x22742a]
V  [jvm.dll+0x225565]
V  [jvm.dll+0x7ea2cb]
V  [jvm.dll+0x7e483a]
V  [jvm.dll+0x6762c5]
C  [ucrtbase.dll+0x21bb2]
C  [KERNEL32.DLL+0x17614]
C  [ntdll.dll+0x526a1]


---------------  P R O C E S S  ---------------

Threads class SMR info:
_java_thread_list=0x000001b54b5008e0, length=97, elements={
0x000001b52bfcdfe0, 0x000001b54626ed90, 0x000001b54626fb10, 0x000001b546286c20,
0x000001b5462875e0, 0x000001b546287ea0, 0x000001b546288760, 0x000001b546289400,
0x000001b54628d1d0, 0x000001b5462f7610, 0x000001b546de86a0, 0x000001b546df8fc0,
0x000001b5483bef00, 0x000001b547d55510, 0x000001b547d89450, 0x000001b547246df0,
0x000001b547247a60, 0x000001b54728a240, 0x000001b54728d260, 0x000001b54728b0b0,
0x000001b54728b580, 0x000001b54728c3f0, 0x000001b54728a710, 0x000001b54728c8c0,
0x000001b54728ba50, 0x000001b54728bf20, 0x000001b54728cd90, 0x000001b547289d70,
0x000001b54728abe0, 0x000001b54a4ce900, 0x000001b54a4d4e10, 0x000001b54a4d3fa0,
0x000001b54a4d2c60, 0x000001b54a4d3600, 0x000001b54a4d3ad0, 0x000001b54a4cf770,
0x000001b54a4cedd0, 0x000001b54a4d4940, 0x000001b54a4d2790, 0x000001b54a4cfc40,
0x000001b54a4d4470, 0x000001b54a4d1920, 0x000001b54a4d0ab0, 0x000001b54a4d1df0,
0x000001b54a4d52e0, 0x000001b54a4d22c0, 0x000001b54a4d0f80, 0x000001b54a4d5c80,
0x000001b54a4d57b0, 0x000001b5462e8b60, 0x000001b5462eb6b0, 0x000001b5462e99d0,
0x000001b5462ebb80, 0x000001b5462e9ea0, 0x000001b5462ec520, 0x000001b5462ea370,
0x000001b5462e5b40, 0x000001b5462ead10, 0x000001b5462e7820, 0x000001b5462e6e80,
0x000001b5462e64e0, 0x000001b5462e7cf0, 0x000001b5462e69b0, 0x000001b5462e8690,
0x000001b5462ecec0, 0x000001b5462e9030, 0x000001b5462e9500, 0x000001b5462ec050,
0x000001b5462ec9f0, 0x000001b5462e5670, 0x000001b5462e6010, 0x000001b54d8a13e0,
0x000001b54d89def0, 0x000001b54d89da20, 0x000001b54d89b3a0, 0x000001b54d89ed60,
0x000001b54d89fbd0, 0x000001b54d89f230, 0x000001b54d8a0a40, 0x000001b54d89c6e0,
0x000001b54d89b870, 0x000001b54d8a0f10, 0x000001b54d89e890, 0x000001b54d89c210,
0x000001b54d89d080, 0x000001b54d89d550, 0x000001b54d89e3c0, 0x000001b54d89f700,
0x000001b54d8a00a0, 0x000001b54dbd6fa0, 0x000001b54dbd4450, 0x000001b54dbd6ad0,
0x000001b54dbd6130, 0x000001b54dbd7470, 0x000001b54dbd7940, 0x000001b54dbd4920,
0x000001b54dbd52c0
}

Java Threads: ( => current thread )
  0x000001b52bfcdfe0 JavaThread "main" [_thread_blocked, id=28288, stack(0x0000006455a00000,0x0000006455b00000)]
  0x000001b54626ed90 JavaThread "Reference Handler" daemon [_thread_blocked, id=13056, stack(0x0000006456100000,0x0000006456200000)]
  0x000001b54626fb10 JavaThread "Finalizer" daemon [_thread_blocked, id=7152, stack(0x0000006456200000,0x0000006456300000)]
  0x000001b546286c20 JavaThread "Signal Dispatcher" daemon [_thread_blocked, id=11552, stack(0x0000006456300000,0x0000006456400000)]
  0x000001b5462875e0 JavaThread "Attach Listener" daemon [_thread_blocked, id=27028, stack(0x0000006456400000,0x0000006456500000)]
  0x000001b546287ea0 JavaThread "Service Thread" daemon [_thread_blocked, id=28148, stack(0x0000006456500000,0x0000006456600000)]
  0x000001b546288760 JavaThread "Monitor Deflation Thread" daemon [_thread_blocked, id=12484, stack(0x0000006456600000,0x0000006456700000)]
=>0x000001b546289400 JavaThread "C2 CompilerThread0" daemon [_thread_in_native, id=3584, stack(0x0000006456700000,0x0000006456800000)]
  0x000001b54628d1d0 JavaThread "C1 CompilerThread0" daemon [_thread_blocked, id=27400, stack(0x0000006456800000,0x0000006456900000)]
  0x000001b5462f7610 JavaThread "Sweeper thread" daemon [_thread_blocked, id=8572, stack(0x0000006456900000,0x0000006456a00000)]
  0x000001b546de86a0 JavaThread "Common-Cleaner" daemon [_thread_blocked, id=25308, stack(0x0000006456a00000,0x0000006456b00000)]
  0x000001b546df8fc0 JavaThread "Notification Thread" daemon [_thread_blocked, id=25160, stack(0x0000006456b00000,0x0000006456c00000)]
  0x000001b5483bef00 JavaThread "Daemon health stats" [_thread_blocked, id=27032, stack(0x0000006457000000,0x0000006457100000)]
  0x000001b547d55510 JavaThread "Incoming local TCP Connector on port 64680" [_thread_in_native, id=17892, stack(0x0000006457100000,0x0000006457200000)]
  0x000001b547d89450 JavaThread "Daemon periodic checks" [_thread_blocked, id=18884, stack(0x0000006457200000,0x0000006457300000)]
  0x000001b547246df0 JavaThread "Daemon" [_thread_blocked, id=18116, stack(0x0000006457300000,0x0000006457400000)]
  0x000001b547247a60 JavaThread "Handler for socket connection from /127.0.0.1:64680 to /127.0.0.1:64681" [_thread_in_native, id=30636, stack(0x0000006457400000,0x0000006457500000)]
  0x000001b54728a240 JavaThread "Cancel handler" [_thread_blocked, id=26760, stack(0x0000006457500000,0x0000006457600000)]
  0x000001b54728d260 JavaThread "Daemon worker" [_thread_blocked, id=24016, stack(0x0000006457600000,0x0000006457700000)]
  0x000001b54728b0b0 JavaThread "Asynchronous log dispatcher for DefaultDaemonConnection: socket connection from /127.0.0.1:64680 to /127.0.0.1:64681" [_thread_blocked, id=31656, stack(0x0000006457700000,0x0000006457800000)]
  0x000001b54728b580 JavaThread "Stdin handler" [_thread_blocked, id=20484, stack(0x0000006457800000,0x0000006457900000)]
  0x000001b54728c3f0 JavaThread "Daemon client event forwarder" [_thread_blocked, id=26896, stack(0x0000006457900000,0x0000006457a00000)]
  0x000001b54728a710 JavaThread "Cache worker for journal cache (C:\Users\guill\.gradle\caches\journal-1)" [_thread_blocked, id=27888, stack(0x0000006457a00000,0x0000006457b00000)]
  0x000001b54728c8c0 JavaThread "File lock request listener" [_thread_in_native, id=28200, stack(0x0000006457b00000,0x0000006457c00000)]
  0x000001b54728ba50 JavaThread "Cache worker for file hash cache (C:\Users\guill\.gradle\caches\7.3.3\fileHashes)" [_thread_blocked, id=6268, stack(0x0000006457c00000,0x0000006457d00000)]
  0x000001b54728bf20 JavaThread "Cache worker for file hash cache (D:\Repos\GitHub\repartir-2023\.gradle\7.3.3\fileHashes)" [_thread_blocked, id=30248, stack(0x0000006457d00000,0x0000006457e00000)]
  0x000001b54728cd90 JavaThread "File watcher server" daemon [_thread_in_native, id=17360, stack(0x0000006457e00000,0x0000006457f00000)]
  0x000001b547289d70 JavaThread "File watcher consumer" daemon [_thread_blocked, id=30884, stack(0x0000006457f00000,0x0000006458000000)]
  0x000001b54728abe0 JavaThread "Cache worker for checksums cache (D:\Repos\GitHub\repartir-2023\.gradle\7.3.3\checksums)" [_thread_blocked, id=2740, stack(0x0000006458000000,0x0000006458100000)]
  0x000001b54a4ce900 JavaThread "Cache worker for cache directory md-supplier (C:\Users\guill\.gradle\caches\7.3.3\md-supplier)" [_thread_blocked, id=15924, stack(0x0000006458100000,0x0000006458200000)]
  0x000001b54a4d4e10 JavaThread "Cache worker for cache directory md-rule (C:\Users\guill\.gradle\caches\7.3.3\md-rule)" [_thread_blocked, id=17176, stack(0x0000006458200000,0x0000006458300000)]
  0x000001b54a4d3fa0 JavaThread "Cache worker for execution history cache (C:\Users\guill\.gradle\caches\7.3.3\executionHistory)" [_thread_blocked, id=15756, stack(0x0000006458300000,0x0000006458400000)]
  0x000001b54a4d2c60 JavaThread "jar transforms" [_thread_blocked, id=26240, stack(0x0000006458400000,0x0000006458500000)]
  0x000001b54a4d3600 JavaThread "jar transforms Thread 2" [_thread_blocked, id=15288, stack(0x0000006458500000,0x0000006458600000)]
  0x000001b54a4d3ad0 JavaThread "Cache worker for file content cache (C:\Users\guill\.gradle\caches\7.3.3\fileContent)" [_thread_blocked, id=4776, stack(0x0000006458600000,0x0000006458700000)]
  0x000001b54a4cf770 JavaThread "jar transforms Thread 3" [_thread_blocked, id=12768, stack(0x0000006458700000,0x0000006458800000)]
  0x000001b54a4cedd0 JavaThread "jar transforms Thread 4" [_thread_blocked, id=4296, stack(0x0000006458800000,0x0000006458900000)]
  0x000001b54a4d4940 JavaThread "Cache worker for dependencies-accessors (D:\Repos\GitHub\repartir-2023\.gradle\7.3.3\dependencies-accessors)" [_thread_blocked, id=23644, stack(0x0000006458900000,0x0000006458a00000)]
  0x000001b54a4d2790 JavaThread "Cache worker for Build Output Cleanup Cache (D:\Repos\GitHub\repartir-2023\.gradle\buildOutputCleanup)" [_thread_blocked, id=18696, stack(0x0000006455800000,0x0000006455900000)]
  0x000001b54a4cfc40 JavaThread "Unconstrained build operations" [_thread_blocked, id=26364, stack(0x0000006458a00000,0x0000006458b00000)]
  0x000001b54a4d4470 JavaThread "Unconstrained build operations Thread 2" [_thread_blocked, id=15656, stack(0x0000006458b00000,0x0000006458c00000)]
  0x000001b54a4d1920 JavaThread "Unconstrained build operations Thread 3" [_thread_blocked, id=8396, stack(0x0000006458c00000,0x0000006458d00000)]
  0x000001b54a4d0ab0 JavaThread "Unconstrained build operations Thread 4" [_thread_blocked, id=5000, stack(0x0000006458d00000,0x0000006458e00000)]
  0x000001b54a4d1df0 JavaThread "Unconstrained build operations Thread 5" [_thread_blocked, id=5676, stack(0x0000006458e00000,0x0000006458f00000)]
  0x000001b54a4d52e0 JavaThread "Unconstrained build operations Thread 6" [_thread_blocked, id=28844, stack(0x0000006458f00000,0x0000006459000000)]
  0x000001b54a4d22c0 JavaThread "Unconstrained build operations Thread 7" [_thread_blocked, id=25944, stack(0x0000006459000000,0x0000006459100000)]
  0x000001b54a4d0f80 JavaThread "Unconstrained build operations Thread 8" [_thread_blocked, id=10812, stack(0x0000006459100000,0x0000006459200000)]
  0x000001b54a4d5c80 JavaThread "Unconstrained build operations Thread 9" [_thread_blocked, id=16716, stack(0x0000006459200000,0x0000006459300000)]
  0x000001b54a4d57b0 JavaThread "Unconstrained build operations Thread 10" [_thread_blocked, id=25720, stack(0x0000006459300000,0x0000006459400000)]
  0x000001b5462e8b60 JavaThread "Unconstrained build operations Thread 11" [_thread_blocked, id=24012, stack(0x0000006459400000,0x0000006459500000)]
  0x000001b5462eb6b0 JavaThread "Unconstrained build operations Thread 12" [_thread_blocked, id=30948, stack(0x0000006459500000,0x0000006459600000)]
  0x000001b5462e99d0 JavaThread "Unconstrained build operations Thread 13" [_thread_blocked, id=10160, stack(0x0000006459600000,0x0000006459700000)]
  0x000001b5462ebb80 JavaThread "Unconstrained build operations Thread 14" [_thread_blocked, id=28816, stack(0x0000006459700000,0x0000006459800000)]
  0x000001b5462e9ea0 JavaThread "Unconstrained build operations Thread 15" [_thread_blocked, id=22508, stack(0x0000006459800000,0x0000006459900000)]
  0x000001b5462ec520 JavaThread "Unconstrained build operations Thread 16" [_thread_blocked, id=22540, stack(0x0000006459900000,0x0000006459a00000)]
  0x000001b5462ea370 JavaThread "Unconstrained build operations Thread 17" [_thread_blocked, id=23520, stack(0x0000006459a00000,0x0000006459b00000)]
  0x000001b5462e5b40 JavaThread "Unconstrained build operations Thread 18" [_thread_blocked, id=18232, stack(0x0000006459b00000,0x0000006459c00000)]
  0x000001b5462ead10 JavaThread "Unconstrained build operations Thread 19" [_thread_blocked, id=2708, stack(0x0000006459c00000,0x0000006459d00000)]
  0x000001b5462e7820 JavaThread "Unconstrained build operations Thread 20" [_thread_blocked, id=28516, stack(0x0000006459d00000,0x0000006459e00000)]
  0x000001b5462e6e80 JavaThread "Unconstrained build operations Thread 21" [_thread_blocked, id=10408, stack(0x0000006459e00000,0x0000006459f00000)]
  0x000001b5462e64e0 JavaThread "Unconstrained build operations Thread 22" [_thread_blocked, id=18276, stack(0x0000006459f00000,0x000000645a000000)]
  0x000001b5462e7cf0 JavaThread "Unconstrained build operations Thread 23" [_thread_blocked, id=8656, stack(0x000000645a000000,0x000000645a100000)]
  0x000001b5462e69b0 JavaThread "Memory manager" [_thread_blocked, id=7780, stack(0x000000645a300000,0x000000645a400000)]
  0x000001b5462e8690 JavaThread "Execution worker for ':'" [_thread_blocked, id=18816, stack(0x000000645a600000,0x000000645a700000)]
  0x000001b5462ecec0 JavaThread "Execution worker for ':' Thread 2" [_thread_blocked, id=26060, stack(0x000000645a700000,0x000000645a800000)]
  0x000001b5462e9030 JavaThread "Execution worker for ':' Thread 3" [_thread_blocked, id=20736, stack(0x000000645a800000,0x000000645a900000)]
  0x000001b5462e9500 JavaThread "Cache worker for execution history cache (D:\Repos\GitHub\repartir-2023\.gradle\7.3.3\executionHistory)" [_thread_blocked, id=24288, stack(0x000000645a900000,0x000000645aa00000)]
  0x000001b5462ec050 JavaThread "Unconstrained build operations Thread 24" [_thread_blocked, id=21300, stack(0x000000645aa00000,0x000000645ab00000)]
  0x000001b5462ec9f0 JavaThread "Unconstrained build operations Thread 25" [_thread_blocked, id=2028, stack(0x000000645ab00000,0x000000645ac00000)]
  0x000001b5462e5670 JavaThread "Unconstrained build operations Thread 26" [_thread_blocked, id=9976, stack(0x000000645ac00000,0x000000645ad00000)]
  0x000001b5462e6010 JavaThread "Unconstrained build operations Thread 27" [_thread_blocked, id=13176, stack(0x000000645ad00000,0x000000645ae00000)]
  0x000001b54d8a13e0 JavaThread "Unconstrained build operations Thread 28" [_thread_blocked, id=18396, stack(0x000000645ae00000,0x000000645af00000)]
  0x000001b54d89def0 JavaThread "Unconstrained build operations Thread 29" [_thread_blocked, id=26788, stack(0x000000645af00000,0x000000645b000000)]
  0x000001b54d89da20 JavaThread "Unconstrained build operations Thread 30" [_thread_blocked, id=2152, stack(0x000000645b000000,0x000000645b100000)]
  0x000001b54d89b3a0 JavaThread "Unconstrained build operations Thread 31" [_thread_blocked, id=29724, stack(0x000000645b100000,0x000000645b200000)]
  0x000001b54d89ed60 JavaThread "Unconstrained build operations Thread 32" [_thread_blocked, id=7412, stack(0x000000645b200000,0x000000645b300000)]
  0x000001b54d89fbd0 JavaThread "Unconstrained build operations Thread 33" [_thread_blocked, id=17592, stack(0x000000645b300000,0x000000645b400000)]
  0x000001b54d89f230 JavaThread "Unconstrained build operations Thread 34" [_thread_blocked, id=28968, stack(0x000000645b400000,0x000000645b500000)]
  0x000001b54d8a0a40 JavaThread "Unconstrained build operations Thread 35" [_thread_blocked, id=2824, stack(0x000000645b500000,0x000000645b600000)]
  0x000001b54d89c6e0 JavaThread "Unconstrained build operations Thread 36" [_thread_blocked, id=1636, stack(0x000000645b600000,0x000000645b700000)]
  0x000001b54d89b870 JavaThread "Unconstrained build operations Thread 37" [_thread_blocked, id=16116, stack(0x000000645b700000,0x000000645b800000)]
  0x000001b54d8a0f10 JavaThread "Unconstrained build operations Thread 38" [_thread_blocked, id=12204, stack(0x000000645b800000,0x000000645b900000)]
  0x000001b54d89e890 JavaThread "Unconstrained build operations Thread 39" [_thread_blocked, id=16304, stack(0x000000645b900000,0x000000645ba00000)]
  0x000001b54d89c210 JavaThread "Unconstrained build operations Thread 40" [_thread_blocked, id=19520, stack(0x000000645ba00000,0x000000645bb00000)]
  0x000001b54d89d080 JavaThread "Cache worker for Java compile cache (C:\Users\guill\.gradle\caches\7.3.3\javaCompile)" [_thread_blocked, id=27860, stack(0x0000006455700000,0x0000006455800000)]
  0x000001b54d89d550 JavaThread "Build operations" [_thread_blocked, id=18588, stack(0x0000006455900000,0x0000006455a00000)]
  0x000001b54d89e3c0 JavaThread "Build operations Thread 2" [_thread_blocked, id=24892, stack(0x000000645a400000,0x000000645a500000)]
  0x000001b54d89f700 JavaThread "Build operations Thread 3" [_thread_blocked, id=9972, stack(0x000000645bb00000,0x000000645bc00000)]
  0x000001b54d8a00a0 JavaThread "Build operations Thread 4" [_thread_blocked, id=7260, stack(0x000000645bc00000,0x000000645bd00000)]
  0x000001b54dbd6fa0 JavaThread "Dispatch org.gradle.api.internal.tasks.testing.results.AttachParentTestResultProcessor@1805e110" [_thread_blocked, id=27152, stack(0x000000645bf00000,0x000000645c000000)]
  0x000001b54dbd4450 JavaThread "Dispatch org.gradle.api.internal.tasks.testing.processors.RestartEveryNTestClassProcessor@46b9922b" [_thread_blocked, id=22396, stack(0x000000645c000000,0x000000645c100000)]
  0x000001b54dbd6ad0 JavaThread "Incoming local TCP Connector on port 64702" [_thread_in_native, id=21368, stack(0x000000645c100000,0x000000645c200000)]
  0x000001b54dbd6130 JavaThread "Exec process" [_thread_in_native, id=19776, stack(0x000000645c200000,0x000000645c300000)]
  0x000001b54dbd7470 JavaThread "DisconnectableInputStream source reader" daemon [_thread_blocked, id=15328, stack(0x000000645c300000,0x000000645c400000)]
  0x000001b54dbd7940 JavaThread "Exec process Thread 2" [_thread_in_native, id=29720, stack(0x000000645c400000,0x000000645c500000)]
  0x000001b54dbd4920 JavaThread "Exec process Thread 3" [_thread_in_native, id=27020, stack(0x000000645c500000,0x000000645c600000)]
  0x000001b54dbd52c0 JavaThread "Exec process Thread 4" [_thread_in_native, id=15036, stack(0x000000645c600000,0x000000645c700000)]

Other Threads:
  0x000001b54626b230 VMThread "VM Thread" [stack: 0x0000006456000000,0x0000006456100000] [id=29716]
  0x000001b546df9ca0 WatcherThread [stack: 0x0000006456c00000,0x0000006456d00000] [id=23632]
  0x000001b52bffca00 GCTaskThread "GC Thread#0" [stack: 0x0000006455b00000,0x0000006455c00000] [id=2172]
  0x000001b546f605d0 GCTaskThread "GC Thread#1" [stack: 0x0000006456d00000,0x0000006456e00000] [id=10216]
  0x000001b546f70e60 GCTaskThread "GC Thread#2" [stack: 0x0000006456e00000,0x0000006456f00000] [id=11532]
  0x000001b5472b92e0 GCTaskThread "GC Thread#3" [stack: 0x0000006456f00000,0x0000006457000000] [id=5780]
  0x000001b52c001850 ConcurrentGCThread "G1 Main Marker" [stack: 0x0000006455c00000,0x0000006455d00000] [id=20164]
  0x000001b52c002170 ConcurrentGCThread "G1 Conc#0" [stack: 0x0000006455d00000,0x0000006455e00000] [id=11068]
  0x000001b5461324c0 ConcurrentGCThread "G1 Refine#0" [stack: 0x0000006455e00000,0x0000006455f00000] [id=28620]
  0x000001b547b31040 ConcurrentGCThread "G1 Refine#1" [stack: 0x000000645a500000,0x000000645a600000] [id=17016]
  0x000001b54b55ec60 ConcurrentGCThread "G1 Refine#2" [stack: 0x000000645bd00000,0x000000645be00000] [id=23936]
  0x000001b54b55fda0 ConcurrentGCThread "G1 Refine#3" [stack: 0x000000645be00000,0x000000645bf00000] [id=30848]
  0x000001b52c09bf00 ConcurrentGCThread "G1 Service" [stack: 0x0000006455f00000,0x0000006456000000] [id=23316]

Threads with active compile tasks:
C2 CompilerThread0   100562 12685       4       javax.management.ObjectName::construct (1135 bytes)

VM state: not at safepoint (normal execution)

VM Mutex/Monitor currently owned by a thread: None

Heap address: 0x00000000e0000000, size: 512 MB, Compressed Oops mode: 32-bit

CDS archive(s) mapped at: [0x0000000800000000-0x0000000800bc0000-0x0000000800bc0000), size 12320768, SharedBaseAddress: 0x0000000800000000, ArchiveRelocationMode: 0.
Compressed class space mapped at: 0x0000000800c00000-0x000000080dc00000, reserved size: 218103808
Narrow klass base: 0x0000000800000000, Narrow klass shift: 0, Narrow klass range: 0x100000000

GC Precious Log:
 CPUs: 4 total, 4 available
 Memory: 7130M
 Large Page Support: Disabled
 NUMA Support: Disabled
 Compressed Oops: Enabled (32-bit)
 Heap Region Size: 1M
 Heap Min Capacity: 256M
 Heap Initial Capacity: 256M
 Heap Max Capacity: 512M
 Pre-touch: Disabled
 Parallel Workers: 4
 Concurrent Workers: 1
 Concurrent Refinement Workers: 4
 Periodic GC: Disabled

Heap:
 garbage-first heap   total 262144K, used 178458K [0x00000000e0000000, 0x0000000100000000)
  region size 1024K, 77 young (78848K), 15 survivors (15360K)
 Metaspace       used 64171K, committed 64768K, reserved 270336K
  class space    used 8563K, committed 8896K, reserved 212992K

Heap Regions: E=young(eden), S=young(survivor), O=old, HS=humongous(starts), HC=humongous(continues), CS=collection set, F=free, OA=open archive, CA=closed archive, TAMS=top-at-mark-start (previous, next)
|   0|0x00000000e0000000, 0x00000000e0100000, 0x00000000e0100000|100%|HS|  |TAMS 0x00000000e0100000, 0x00000000e0000000| Complete 
|   1|0x00000000e0100000, 0x00000000e0200000, 0x00000000e0200000|100%|HC|  |TAMS 0x00000000e0200000, 0x00000000e0100000| Complete 
|   2|0x00000000e0200000, 0x00000000e0300000, 0x00000000e0300000|100%|HC|  |TAMS 0x00000000e0300000, 0x00000000e0200000| Complete 
|   3|0x00000000e0300000, 0x00000000e0400000, 0x00000000e0400000|100%| O|  |TAMS 0x00000000e0400000, 0x00000000e0300000| Untracked 
|   4|0x00000000e0400000, 0x00000000e0500000, 0x00000000e0500000|100%| O|  |TAMS 0x00000000e0500000, 0x00000000e0400000| Untracked 
|   5|0x00000000e0500000, 0x00000000e0600000, 0x00000000e0600000|100%| O|  |TAMS 0x00000000e0600000, 0x00000000e0500000| Untracked 
|   6|0x00000000e0600000, 0x00000000e0700000, 0x00000000e0700000|100%| O|  |TAMS 0x00000000e0700000, 0x00000000e0600000| Untracked 
|   7|0x00000000e0700000, 0x00000000e0800000, 0x00000000e0800000|100%| O|  |TAMS 0x00000000e0800000, 0x00000000e0700000| Untracked 
|   8|0x00000000e0800000, 0x00000000e0900000, 0x00000000e0900000|100%| O|  |TAMS 0x00000000e0900000, 0x00000000e0800000| Untracked 
|   9|0x00000000e0900000, 0x00000000e0a00000, 0x00000000e0a00000|100%| O|  |TAMS 0x00000000e0a00000, 0x00000000e0900000| Untracked 
|  10|0x00000000e0a00000, 0x00000000e0b00000, 0x00000000e0b00000|100%| O|  |TAMS 0x00000000e0b00000, 0x00000000e0a00000| Untracked 
|  11|0x00000000e0b00000, 0x00000000e0c00000, 0x00000000e0c00000|100%| O|  |TAMS 0x00000000e0c00000, 0x00000000e0b00000| Untracked 
|  12|0x00000000e0c00000, 0x00000000e0d00000, 0x00000000e0d00000|100%| O|  |TAMS 0x00000000e0d00000, 0x00000000e0c00000| Untracked 
|  13|0x00000000e0d00000, 0x00000000e0e00000, 0x00000000e0e00000|100%| O|  |TAMS 0x00000000e0e00000, 0x00000000e0d00000| Untracked 
|  14|0x00000000e0e00000, 0x00000000e0f00000, 0x00000000e0f00000|100%| O|  |TAMS 0x00000000e0f00000, 0x00000000e0e00000| Untracked 
|  15|0x00000000e0f00000, 0x00000000e1000000, 0x00000000e1000000|100%| O|  |TAMS 0x00000000e1000000, 0x00000000e0f00000| Untracked 
|  16|0x00000000e1000000, 0x00000000e1100000, 0x00000000e1100000|100%| O|  |TAMS 0x00000000e1100000, 0x00000000e1000000| Untracked 
|  17|0x00000000e1100000, 0x00000000e1200000, 0x00000000e1200000|100%| O|  |TAMS 0x00000000e1200000, 0x00000000e1100000| Untracked 
|  18|0x00000000e1200000, 0x00000000e1300000, 0x00000000e1300000|100%| O|  |TAMS 0x00000000e1300000, 0x00000000e1200000| Untracked 
|  19|0x00000000e1300000, 0x00000000e1400000, 0x00000000e1400000|100%| O|  |TAMS 0x00000000e1400000, 0x00000000e1300000| Untracked 
|  20|0x00000000e1400000, 0x00000000e1500000, 0x00000000e1500000|100%| O|  |TAMS 0x00000000e1500000, 0x00000000e1400000| Untracked 
|  21|0x00000000e1500000, 0x00000000e1600000, 0x00000000e1600000|100%| O|  |TAMS 0x00000000e1600000, 0x00000000e1500000| Untracked 
|  22|0x00000000e1600000, 0x00000000e1700000, 0x00000000e1700000|100%| O|  |TAMS 0x00000000e1700000, 0x00000000e1600000| Untracked 
|  23|0x00000000e1700000, 0x00000000e1800000, 0x00000000e1800000|100%| O|  |TAMS 0x00000000e1800000, 0x00000000e1700000| Untracked 
|  24|0x00000000e1800000, 0x00000000e1900000, 0x00000000e1900000|100%| O|  |TAMS 0x00000000e1900000, 0x00000000e1800000| Untracked 
|  25|0x00000000e1900000, 0x00000000e1a00000, 0x00000000e1a00000|100%| O|  |TAMS 0x00000000e1a00000, 0x00000000e1900000| Untracked 
|  26|0x00000000e1a00000, 0x00000000e1b00000, 0x00000000e1b00000|100%| O|  |TAMS 0x00000000e1b00000, 0x00000000e1a00000| Untracked 
|  27|0x00000000e1b00000, 0x00000000e1c00000, 0x00000000e1c00000|100%| O|  |TAMS 0x00000000e1c00000, 0x00000000e1b00000| Untracked 
|  28|0x00000000e1c00000, 0x00000000e1d00000, 0x00000000e1d00000|100%| O|  |TAMS 0x00000000e1d00000, 0x00000000e1c00000| Untracked 
|  29|0x00000000e1d00000, 0x00000000e1e00000, 0x00000000e1e00000|100%| O|  |TAMS 0x00000000e1e00000, 0x00000000e1d00000| Untracked 
|  30|0x00000000e1e00000, 0x00000000e1f00000, 0x00000000e1f00000|100%| O|  |TAMS 0x00000000e1f00000, 0x00000000e1e00000| Untracked 
|  31|0x00000000e1f00000, 0x00000000e2000000, 0x00000000e2000000|100%| O|  |TAMS 0x00000000e2000000, 0x00000000e1f00000| Untracked 
|  32|0x00000000e2000000, 0x00000000e2100000, 0x00000000e2100000|100%| O|  |TAMS 0x00000000e2100000, 0x00000000e2000000| Untracked 
|  33|0x00000000e2100000, 0x00000000e2200000, 0x00000000e2200000|100%| O|  |TAMS 0x00000000e2200000, 0x00000000e2100000| Untracked 
|  34|0x00000000e2200000, 0x00000000e2300000, 0x00000000e2300000|100%| O|  |TAMS 0x00000000e2300000, 0x00000000e2200000| Untracked 
|  35|0x00000000e2300000, 0x00000000e2400000, 0x00000000e2400000|100%| O|  |TAMS 0x00000000e2400000, 0x00000000e2300000| Untracked 
|  36|0x00000000e2400000, 0x00000000e2500000, 0x00000000e2500000|100%| O|  |TAMS 0x00000000e2500000, 0x00000000e2400000| Untracked 
|  37|0x00000000e2500000, 0x00000000e2600000, 0x00000000e2600000|100%| O|  |TAMS 0x00000000e2600000, 0x00000000e2500000| Untracked 
|  38|0x00000000e2600000, 0x00000000e2700000, 0x00000000e2700000|100%| O|  |TAMS 0x00000000e2700000, 0x00000000e2600000| Untracked 
|  39|0x00000000e2700000, 0x00000000e2800000, 0x00000000e2800000|100%| O|  |TAMS 0x00000000e2800000, 0x00000000e2700000| Untracked 
|  40|0x00000000e2800000, 0x00000000e2900000, 0x00000000e2900000|100%| O|  |TAMS 0x00000000e2900000, 0x00000000e2800000| Untracked 
|  41|0x00000000e2900000, 0x00000000e2a00000, 0x00000000e2a00000|100%| O|  |TAMS 0x00000000e2a00000, 0x00000000e2900000| Untracked 
|  42|0x00000000e2a00000, 0x00000000e2b00000, 0x00000000e2b00000|100%| O|  |TAMS 0x00000000e2b00000, 0x00000000e2a00000| Untracked 
|  43|0x00000000e2b00000, 0x00000000e2c00000, 0x00000000e2c00000|100%| O|  |TAMS 0x00000000e2c00000, 0x00000000e2b00000| Untracked 
|  44|0x00000000e2c00000, 0x00000000e2d00000, 0x00000000e2d00000|100%| O|  |TAMS 0x00000000e2d00000, 0x00000000e2c00000| Untracked 
|  45|0x00000000e2d00000, 0x00000000e2e00000, 0x00000000e2e00000|100%| O|  |TAMS 0x00000000e2e00000, 0x00000000e2d00000| Untracked 
|  46|0x00000000e2e00000, 0x00000000e2f00000, 0x00000000e2f00000|100%| O|  |TAMS 0x00000000e2f00000, 0x00000000e2e00000| Untracked 
|  47|0x00000000e2f00000, 0x00000000e3000000, 0x00000000e3000000|100%| O|  |TAMS 0x00000000e3000000, 0x00000000e2f00000| Untracked 
|  48|0x00000000e3000000, 0x00000000e3100000, 0x00000000e3100000|100%| O|  |TAMS 0x00000000e3100000, 0x00000000e3000000| Untracked 
|  49|0x00000000e3100000, 0x00000000e3200000, 0x00000000e3200000|100%| O|  |TAMS 0x00000000e3200000, 0x00000000e3100000| Untracked 
|  50|0x00000000e3200000, 0x00000000e3300000, 0x00000000e3300000|100%| O|  |TAMS 0x00000000e3300000, 0x00000000e3200000| Untracked 
|  51|0x00000000e3300000, 0x00000000e3400000, 0x00000000e3400000|100%| O|  |TAMS 0x00000000e33e7a00, 0x00000000e3300000| Untracked 
|  52|0x00000000e3400000, 0x00000000e3400000, 0x00000000e3500000|  0%| F|  |TAMS 0x00000000e3400000, 0x00000000e3400000| Untracked 
|  53|0x00000000e3500000, 0x00000000e3500000, 0x00000000e3600000|  0%| F|  |TAMS 0x00000000e3500000, 0x00000000e3500000| Untracked 
|  54|0x00000000e3600000, 0x00000000e3700000, 0x00000000e3700000|100%|HS|  |TAMS 0x00000000e3600000, 0x00000000e3600000| Complete 
|  55|0x00000000e3700000, 0x00000000e3700000, 0x00000000e3800000|  0%| F|  |TAMS 0x00000000e3700000, 0x00000000e3700000| Untracked 
|  56|0x00000000e3800000, 0x00000000e3900000, 0x00000000e3900000|100%|HS|  |TAMS 0x00000000e3900000, 0x00000000e3800000| Complete 
|  57|0x00000000e3900000, 0x00000000e3a00000, 0x00000000e3a00000|100%| O|  |TAMS 0x00000000e3900000, 0x00000000e3900000| Untracked 
|  58|0x00000000e3a00000, 0x00000000e3b00000, 0x00000000e3b00000|100%| O|  |TAMS 0x00000000e3a00000, 0x00000000e3a00000| Untracked 
|  59|0x00000000e3b00000, 0x00000000e3c00000, 0x00000000e3c00000|100%| O|  |TAMS 0x00000000e3b00000, 0x00000000e3b00000| Untracked 
|  60|0x00000000e3c00000, 0x00000000e3d00000, 0x00000000e3d00000|100%| O|  |TAMS 0x00000000e3c00000, 0x00000000e3c00000| Untracked 
|  61|0x00000000e3d00000, 0x00000000e3e00000, 0x00000000e3e00000|100%| O|  |TAMS 0x00000000e3d00000, 0x00000000e3d00000| Untracked 
|  62|0x00000000e3e00000, 0x00000000e3f00000, 0x00000000e3f00000|100%| O|  |TAMS 0x00000000e3e00000, 0x00000000e3e00000| Untracked 
|  63|0x00000000e3f00000, 0x00000000e4000000, 0x00000000e4000000|100%| O|  |TAMS 0x00000000e3f00000, 0x00000000e3f00000| Untracked 
|  64|0x00000000e4000000, 0x00000000e4100000, 0x00000000e4100000|100%| O|  |TAMS 0x00000000e4000000, 0x00000000e4000000| Untracked 
|  65|0x00000000e4100000, 0x00000000e4200000, 0x00000000e4200000|100%| O|  |TAMS 0x00000000e4100000, 0x00000000e4100000| Untracked 
|  66|0x00000000e4200000, 0x00000000e4300000, 0x00000000e4300000|100%| O|  |TAMS 0x00000000e4200000, 0x00000000e4200000| Untracked 
|  67|0x00000000e4300000, 0x00000000e4400000, 0x00000000e4400000|100%| O|  |TAMS 0x00000000e4300000, 0x00000000e4300000| Untracked 
|  68|0x00000000e4400000, 0x00000000e4500000, 0x00000000e4500000|100%| O|  |TAMS 0x00000000e4400000, 0x00000000e4400000| Untracked 
|  69|0x00000000e4500000, 0x00000000e4600000, 0x00000000e4600000|100%| O|  |TAMS 0x00000000e4500000, 0x00000000e4500000| Untracked 
|  70|0x00000000e4600000, 0x00000000e4700000, 0x00000000e4700000|100%| O|  |TAMS 0x00000000e4600000, 0x00000000e4600000| Untracked 
|  71|0x00000000e4700000, 0x00000000e4800000, 0x00000000e4800000|100%| O|  |TAMS 0x00000000e4700000, 0x00000000e4700000| Untracked 
|  72|0x00000000e4800000, 0x00000000e4900000, 0x00000000e4900000|100%| O|  |TAMS 0x00000000e4800000, 0x00000000e4800000| Untracked 
|  73|0x00000000e4900000, 0x00000000e4a00000, 0x00000000e4a00000|100%| O|  |TAMS 0x00000000e4900000, 0x00000000e4900000| Untracked 
|  74|0x00000000e4a00000, 0x00000000e4b00000, 0x00000000e4b00000|100%|HS|  |TAMS 0x00000000e4a00000, 0x00000000e4a00000| Complete 
|  75|0x00000000e4b00000, 0x00000000e4c00000, 0x00000000e4c00000|100%| O|  |TAMS 0x00000000e4b00000, 0x00000000e4b00000| Untracked 
|  76|0x00000000e4c00000, 0x00000000e4d00000, 0x00000000e4d00000|100%| O|  |TAMS 0x00000000e4c00000, 0x00000000e4c00000| Untracked 
|  77|0x00000000e4d00000, 0x00000000e4e00000, 0x00000000e4e00000|100%| O|  |TAMS 0x00000000e4d00000, 0x00000000e4d00000| Untracked 
|  78|0x00000000e4e00000, 0x00000000e4f00000, 0x00000000e4f00000|100%| O|  |TAMS 0x00000000e4e00000, 0x00000000e4e00000| Untracked 
|  79|0x00000000e4f00000, 0x00000000e5000000, 0x00000000e5000000|100%| O|  |TAMS 0x00000000e4f00000, 0x00000000e4f00000| Untracked 
|  80|0x00000000e5000000, 0x00000000e5100000, 0x00000000e5100000|100%| O|  |TAMS 0x00000000e5000000, 0x00000000e5000000| Untracked 
|  81|0x00000000e5100000, 0x00000000e5200000, 0x00000000e5200000|100%| O|  |TAMS 0x00000000e5100000, 0x00000000e5100000| Untracked 
|  82|0x00000000e5200000, 0x00000000e5300000, 0x00000000e5300000|100%| O|  |TAMS 0x00000000e5200000, 0x00000000e5200000| Untracked 
|  83|0x00000000e5300000, 0x00000000e5400000, 0x00000000e5400000|100%| O|  |TAMS 0x00000000e5300000, 0x00000000e5300000| Untracked 
|  84|0x00000000e5400000, 0x00000000e5500000, 0x00000000e5500000|100%| O|  |TAMS 0x00000000e5400000, 0x00000000e5400000| Untracked 
|  85|0x00000000e5500000, 0x00000000e5600000, 0x00000000e5600000|100%| O|  |TAMS 0x00000000e5500000, 0x00000000e5500000| Untracked 
|  86|0x00000000e5600000, 0x00000000e5700000, 0x00000000e5700000|100%| O|  |TAMS 0x00000000e5600000, 0x00000000e5600000| Untracked 
|  87|0x00000000e5700000, 0x00000000e5800000, 0x00000000e5800000|100%| O|  |TAMS 0x00000000e5700000, 0x00000000e5700000| Untracked 
|  88|0x00000000e5800000, 0x00000000e5900000, 0x00000000e5900000|100%| O|  |TAMS 0x00000000e5800000, 0x00000000e5800000| Untracked 
|  89|0x00000000e5900000, 0x00000000e5a00000, 0x00000000e5a00000|100%| O|  |TAMS 0x00000000e5900000, 0x00000000e5900000| Untracked 
|  90|0x00000000e5a00000, 0x00000000e5b00000, 0x00000000e5b00000|100%| O|  |TAMS 0x00000000e5a00000, 0x00000000e5a00000| Untracked 
|  91|0x00000000e5b00000, 0x00000000e5c00000, 0x00000000e5c00000|100%| O|  |TAMS 0x00000000e5b00000, 0x00000000e5b00000| Untracked 
|  92|0x00000000e5c00000, 0x00000000e5d00000, 0x00000000e5d00000|100%| O|  |TAMS 0x00000000e5c00000, 0x00000000e5c00000| Untracked 
|  93|0x00000000e5d00000, 0x00000000e5e00000, 0x00000000e5e00000|100%| O|  |TAMS 0x00000000e5d00000, 0x00000000e5d00000| Untracked 
|  94|0x00000000e5e00000, 0x00000000e5f00000, 0x00000000e5f00000|100%| O|  |TAMS 0x00000000e5e00000, 0x00000000e5e00000| Untracked 
|  95|0x00000000e5f00000, 0x00000000e6000000, 0x00000000e6000000|100%| O|  |TAMS 0x00000000e5f00000, 0x00000000e5f00000| Untracked 
|  96|0x00000000e6000000, 0x00000000e6100000, 0x00000000e6100000|100%| O|  |TAMS 0x00000000e6000000, 0x00000000e6000000| Untracked 
|  97|0x00000000e6100000, 0x00000000e6200000, 0x00000000e6200000|100%| O|  |TAMS 0x00000000e6100000, 0x00000000e6100000| Untracked 
|  98|0x00000000e6200000, 0x00000000e6300000, 0x00000000e6300000|100%| O|  |TAMS 0x00000000e6200000, 0x00000000e6200000| Untracked 
|  99|0x00000000e6300000, 0x00000000e6400000, 0x00000000e6400000|100%| O|  |TAMS 0x00000000e6300000, 0x00000000e6300000| Untracked 
| 100|0x00000000e6400000, 0x00000000e6500000, 0x00000000e6500000|100%| O|  |TAMS 0x00000000e6400000, 0x00000000e6400000| Untracked 
| 101|0x00000000e6500000, 0x00000000e6600000, 0x00000000e6600000|100%| O|  |TAMS 0x00000000e6500000, 0x00000000e6500000| Untracked 
| 102|0x00000000e6600000, 0x00000000e6646800, 0x00000000e6700000| 27%| O|  |TAMS 0x00000000e6600000, 0x00000000e6600000| Untracked 
| 103|0x00000000e6700000, 0x00000000e6700000, 0x00000000e6800000|  0%| F|  |TAMS 0x00000000e6700000, 0x00000000e6700000| Untracked 
| 104|0x00000000e6800000, 0x00000000e6800000, 0x00000000e6900000|  0%| F|  |TAMS 0x00000000e6800000, 0x00000000e6800000| Untracked 
| 105|0x00000000e6900000, 0x00000000e6900000, 0x00000000e6a00000|  0%| F|  |TAMS 0x00000000e6900000, 0x00000000e6900000| Untracked 
| 106|0x00000000e6a00000, 0x00000000e6a00000, 0x00000000e6b00000|  0%| F|  |TAMS 0x00000000e6a00000, 0x00000000e6a00000| Untracked 
| 107|0x00000000e6b00000, 0x00000000e6b00000, 0x00000000e6c00000|  0%| F|  |TAMS 0x00000000e6b00000, 0x00000000e6b00000| Untracked 
| 108|0x00000000e6c00000, 0x00000000e6c00000, 0x00000000e6d00000|  0%| F|  |TAMS 0x00000000e6c00000, 0x00000000e6c00000| Untracked 
| 109|0x00000000e6d00000, 0x00000000e6d00000, 0x00000000e6e00000|  0%| F|  |TAMS 0x00000000e6d00000, 0x00000000e6d00000| Untracked 
| 110|0x00000000e6e00000, 0x00000000e6e00000, 0x00000000e6f00000|  0%| F|  |TAMS 0x00000000e6e00000, 0x00000000e6e00000| Untracked 
| 111|0x00000000e6f00000, 0x00000000e6f00000, 0x00000000e7000000|  0%| F|  |TAMS 0x00000000e6f00000, 0x00000000e6f00000| Untracked 
| 112|0x00000000e7000000, 0x00000000e7000000, 0x00000000e7100000|  0%| F|  |TAMS 0x00000000e7000000, 0x00000000e7000000| Untracked 
| 113|0x00000000e7100000, 0x00000000e7100000, 0x00000000e7200000|  0%| F|  |TAMS 0x00000000e7100000, 0x00000000e7100000| Untracked 
| 114|0x00000000e7200000, 0x00000000e7200000, 0x00000000e7300000|  0%| F|  |TAMS 0x00000000e7200000, 0x00000000e7200000| Untracked 
| 115|0x00000000e7300000, 0x00000000e7300000, 0x00000000e7400000|  0%| F|  |TAMS 0x00000000e7300000, 0x00000000e7300000| Untracked 
| 116|0x00000000e7400000, 0x00000000e7400000, 0x00000000e7500000|  0%| F|  |TAMS 0x00000000e7400000, 0x00000000e7400000| Untracked 
| 117|0x00000000e7500000, 0x00000000e7500000, 0x00000000e7600000|  0%| F|  |TAMS 0x00000000e7500000, 0x00000000e7500000| Untracked 
| 118|0x00000000e7600000, 0x00000000e7600000, 0x00000000e7700000|  0%| F|  |TAMS 0x00000000e7600000, 0x00000000e7600000| Untracked 
| 119|0x00000000e7700000, 0x00000000e7700000, 0x00000000e7800000|  0%| F|  |TAMS 0x00000000e7700000, 0x00000000e7700000| Untracked 
| 120|0x00000000e7800000, 0x00000000e7800000, 0x00000000e7900000|  0%| F|  |TAMS 0x00000000e7800000, 0x00000000e7800000| Untracked 
| 121|0x00000000e7900000, 0x00000000e7900000, 0x00000000e7a00000|  0%| F|  |TAMS 0x00000000e7900000, 0x00000000e7900000| Untracked 
| 122|0x00000000e7a00000, 0x00000000e7a00000, 0x00000000e7b00000|  0%| F|  |TAMS 0x00000000e7a00000, 0x00000000e7a00000| Untracked 
| 123|0x00000000e7b00000, 0x00000000e7b00000, 0x00000000e7c00000|  0%| F|  |TAMS 0x00000000e7b00000, 0x00000000e7b00000| Untracked 
| 124|0x00000000e7c00000, 0x00000000e7d00000, 0x00000000e7d00000|100%| S|CS|TAMS 0x00000000e7c00000, 0x00000000e7c00000| Complete 
| 125|0x00000000e7d00000, 0x00000000e7e00000, 0x00000000e7e00000|100%| S|CS|TAMS 0x00000000e7d00000, 0x00000000e7d00000| Complete 
| 126|0x00000000e7e00000, 0x00000000e7f00000, 0x00000000e7f00000|100%| S|CS|TAMS 0x00000000e7e00000, 0x00000000e7e00000| Complete 
| 127|0x00000000e7f00000, 0x00000000e8000000, 0x00000000e8000000|100%| S|CS|TAMS 0x00000000e7f00000, 0x00000000e7f00000| Complete 
| 128|0x00000000e8000000, 0x00000000e8100000, 0x00000000e8100000|100%| S|CS|TAMS 0x00000000e8000000, 0x00000000e8000000| Complete 
| 129|0x00000000e8100000, 0x00000000e8200000, 0x00000000e8200000|100%| S|CS|TAMS 0x00000000e8100000, 0x00000000e8100000| Complete 
| 130|0x00000000e8200000, 0x00000000e8300000, 0x00000000e8300000|100%| S|CS|TAMS 0x00000000e8200000, 0x00000000e8200000| Complete 
| 131|0x00000000e8300000, 0x00000000e8400000, 0x00000000e8400000|100%| S|CS|TAMS 0x00000000e8300000, 0x00000000e8300000| Complete 
| 132|0x00000000e8400000, 0x00000000e8500000, 0x00000000e8500000|100%| S|CS|TAMS 0x00000000e8400000, 0x00000000e8400000| Complete 
| 133|0x00000000e8500000, 0x00000000e8600000, 0x00000000e8600000|100%| S|CS|TAMS 0x00000000e8500000, 0x00000000e8500000| Complete 
| 134|0x00000000e8600000, 0x00000000e8700000, 0x00000000e8700000|100%| S|CS|TAMS 0x00000000e8600000, 0x00000000e8600000| Complete 
| 135|0x00000000e8700000, 0x00000000e8800000, 0x00000000e8800000|100%| S|CS|TAMS 0x00000000e8700000, 0x00000000e8700000| Complete 
| 136|0x00000000e8800000, 0x00000000e8900000, 0x00000000e8900000|100%| S|CS|TAMS 0x00000000e8800000, 0x00000000e8800000| Complete 
| 137|0x00000000e8900000, 0x00000000e8a00000, 0x00000000e8a00000|100%| S|CS|TAMS 0x00000000e8900000, 0x00000000e8900000| Complete 
| 138|0x00000000e8a00000, 0x00000000e8b00000, 0x00000000e8b00000|100%| S|CS|TAMS 0x00000000e8a00000, 0x00000000e8a00000| Complete 
| 139|0x00000000e8b00000, 0x00000000e8b00000, 0x00000000e8c00000|  0%| F|  |TAMS 0x00000000e8b00000, 0x00000000e8b00000| Untracked 
| 140|0x00000000e8c00000, 0x00000000e8c00000, 0x00000000e8d00000|  0%| F|  |TAMS 0x00000000e8c00000, 0x00000000e8c00000| Untracked 
| 141|0x00000000e8d00000, 0x00000000e8d00000, 0x00000000e8e00000|  0%| F|  |TAMS 0x00000000e8d00000, 0x00000000e8d00000| Untracked 
| 142|0x00000000e8e00000, 0x00000000e8e00000, 0x00000000e8f00000|  0%| F|  |TAMS 0x00000000e8e00000, 0x00000000e8e00000| Untracked 
| 143|0x00000000e8f00000, 0x00000000e8f00000, 0x00000000e9000000|  0%| F|  |TAMS 0x00000000e8f00000, 0x00000000e8f00000| Untracked 
| 144|0x00000000e9000000, 0x00000000e9000000, 0x00000000e9100000|  0%| F|  |TAMS 0x00000000e9000000, 0x00000000e9000000| Untracked 
| 145|0x00000000e9100000, 0x00000000e9100000, 0x00000000e9200000|  0%| F|  |TAMS 0x00000000e9100000, 0x00000000e9100000| Untracked 
| 146|0x00000000e9200000, 0x00000000e9200000, 0x00000000e9300000|  0%| F|  |TAMS 0x00000000e9200000, 0x00000000e9200000| Untracked 
| 147|0x00000000e9300000, 0x00000000e9300000, 0x00000000e9400000|  0%| F|  |TAMS 0x00000000e9300000, 0x00000000e9300000| Untracked 
| 148|0x00000000e9400000, 0x00000000e9400000, 0x00000000e9500000|  0%| F|  |TAMS 0x00000000e9400000, 0x00000000e9400000| Untracked 
| 149|0x00000000e9500000, 0x00000000e9500000, 0x00000000e9600000|  0%| F|  |TAMS 0x00000000e9500000, 0x00000000e9500000| Untracked 
| 150|0x00000000e9600000, 0x00000000e9600000, 0x00000000e9700000|  0%| F|  |TAMS 0x00000000e9600000, 0x00000000e9600000| Untracked 
| 151|0x00000000e9700000, 0x00000000e9700000, 0x00000000e9800000|  0%| F|  |TAMS 0x00000000e9700000, 0x00000000e9700000| Untracked 
| 152|0x00000000e9800000, 0x00000000e9800000, 0x00000000e9900000|  0%| F|  |TAMS 0x00000000e9800000, 0x00000000e9800000| Untracked 
| 153|0x00000000e9900000, 0x00000000e9900000, 0x00000000e9a00000|  0%| F|  |TAMS 0x00000000e9900000, 0x00000000e9900000| Untracked 
| 154|0x00000000e9a00000, 0x00000000e9a00000, 0x00000000e9b00000|  0%| F|  |TAMS 0x00000000e9a00000, 0x00000000e9a00000| Untracked 
| 155|0x00000000e9b00000, 0x00000000e9b00000, 0x00000000e9c00000|  0%| F|  |TAMS 0x00000000e9b00000, 0x00000000e9b00000| Untracked 
| 156|0x00000000e9c00000, 0x00000000e9c00000, 0x00000000e9d00000|  0%| F|  |TAMS 0x00000000e9c00000, 0x00000000e9c00000| Untracked 
| 157|0x00000000e9d00000, 0x00000000e9d00000, 0x00000000e9e00000|  0%| F|  |TAMS 0x00000000e9d00000, 0x00000000e9d00000| Untracked 
| 158|0x00000000e9e00000, 0x00000000e9e00000, 0x00000000e9f00000|  0%| F|  |TAMS 0x00000000e9e00000, 0x00000000e9e00000| Untracked 
| 159|0x00000000e9f00000, 0x00000000e9f00000, 0x00000000ea000000|  0%| F|  |TAMS 0x00000000e9f00000, 0x00000000e9f00000| Untracked 
| 160|0x00000000ea000000, 0x00000000ea000000, 0x00000000ea100000|  0%| F|  |TAMS 0x00000000ea000000, 0x00000000ea000000| Untracked 
| 161|0x00000000ea100000, 0x00000000ea100000, 0x00000000ea200000|  0%| F|  |TAMS 0x00000000ea100000, 0x00000000ea100000| Untracked 
| 162|0x00000000ea200000, 0x00000000ea200000, 0x00000000ea300000|  0%| F|  |TAMS 0x00000000ea200000, 0x00000000ea200000| Untracked 
| 163|0x00000000ea300000, 0x00000000ea300000, 0x00000000ea400000|  0%| F|  |TAMS 0x00000000ea300000, 0x00000000ea300000| Untracked 
| 164|0x00000000ea400000, 0x00000000ea400000, 0x00000000ea500000|  0%| F|  |TAMS 0x00000000ea400000, 0x00000000ea400000| Untracked 
| 165|0x00000000ea500000, 0x00000000ea500000, 0x00000000ea600000|  0%| F|  |TAMS 0x00000000ea500000, 0x00000000ea500000| Untracked 
| 166|0x00000000ea600000, 0x00000000ea600000, 0x00000000ea700000|  0%| F|  |TAMS 0x00000000ea600000, 0x00000000ea600000| Untracked 
| 167|0x00000000ea700000, 0x00000000ea700000, 0x00000000ea800000|  0%| F|  |TAMS 0x00000000ea700000, 0x00000000ea700000| Untracked 
| 168|0x00000000ea800000, 0x00000000ea800000, 0x00000000ea900000|  0%| F|  |TAMS 0x00000000ea800000, 0x00000000ea800000| Untracked 
| 169|0x00000000ea900000, 0x00000000ea900000, 0x00000000eaa00000|  0%| F|  |TAMS 0x00000000ea900000, 0x00000000ea900000| Untracked 
| 170|0x00000000eaa00000, 0x00000000eaa00000, 0x00000000eab00000|  0%| F|  |TAMS 0x00000000eaa00000, 0x00000000eaa00000| Untracked 
| 171|0x00000000eab00000, 0x00000000eab00000, 0x00000000eac00000|  0%| F|  |TAMS 0x00000000eab00000, 0x00000000eab00000| Untracked 
| 172|0x00000000eac00000, 0x00000000eac00000, 0x00000000ead00000|  0%| F|  |TAMS 0x00000000eac00000, 0x00000000eac00000| Untracked 
| 173|0x00000000ead00000, 0x00000000ead00000, 0x00000000eae00000|  0%| F|  |TAMS 0x00000000ead00000, 0x00000000ead00000| Untracked 
| 174|0x00000000eae00000, 0x00000000eae00000, 0x00000000eaf00000|  0%| F|  |TAMS 0x00000000eae00000, 0x00000000eae00000| Untracked 
| 175|0x00000000eaf00000, 0x00000000eaf00000, 0x00000000eb000000|  0%| F|  |TAMS 0x00000000eaf00000, 0x00000000eaf00000| Untracked 
| 176|0x00000000eb000000, 0x00000000eb000000, 0x00000000eb100000|  0%| F|  |TAMS 0x00000000eb000000, 0x00000000eb000000| Untracked 
| 177|0x00000000eb100000, 0x00000000eb100000, 0x00000000eb200000|  0%| F|  |TAMS 0x00000000eb100000, 0x00000000eb100000| Untracked 
| 178|0x00000000eb200000, 0x00000000eb200000, 0x00000000eb300000|  0%| F|  |TAMS 0x00000000eb200000, 0x00000000eb200000| Untracked 
| 179|0x00000000eb300000, 0x00000000eb300000, 0x00000000eb400000|  0%| F|  |TAMS 0x00000000eb300000, 0x00000000eb300000| Untracked 
| 180|0x00000000eb400000, 0x00000000eb400000, 0x00000000eb500000|  0%| F|  |TAMS 0x00000000eb400000, 0x00000000eb400000| Untracked 
| 181|0x00000000eb500000, 0x00000000eb500000, 0x00000000eb600000|  0%| F|  |TAMS 0x00000000eb500000, 0x00000000eb500000| Untracked 
| 182|0x00000000eb600000, 0x00000000eb600000, 0x00000000eb700000|  0%| F|  |TAMS 0x00000000eb600000, 0x00000000eb600000| Untracked 
| 183|0x00000000eb700000, 0x00000000eb700000, 0x00000000eb800000|  0%| F|  |TAMS 0x00000000eb700000, 0x00000000eb700000| Untracked 
| 184|0x00000000eb800000, 0x00000000eb800000, 0x00000000eb900000|  0%| F|  |TAMS 0x00000000eb800000, 0x00000000eb800000| Untracked 
| 185|0x00000000eb900000, 0x00000000eb900000, 0x00000000eba00000|  0%| F|  |TAMS 0x00000000eb900000, 0x00000000eb900000| Untracked 
| 186|0x00000000eba00000, 0x00000000eba00000, 0x00000000ebb00000|  0%| F|  |TAMS 0x00000000eba00000, 0x00000000eba00000| Untracked 
| 187|0x00000000ebb00000, 0x00000000ebb00000, 0x00000000ebc00000|  0%| F|  |TAMS 0x00000000ebb00000, 0x00000000ebb00000| Untracked 
| 188|0x00000000ebc00000, 0x00000000ebc00000, 0x00000000ebd00000|  0%| F|  |TAMS 0x00000000ebc00000, 0x00000000ebc00000| Untracked 
| 189|0x00000000ebd00000, 0x00000000ebd00000, 0x00000000ebe00000|  0%| F|  |TAMS 0x00000000ebd00000, 0x00000000ebd00000| Untracked 
| 190|0x00000000ebe00000, 0x00000000ebe00000, 0x00000000ebf00000|  0%| F|  |TAMS 0x00000000ebe00000, 0x00000000ebe00000| Untracked 
| 191|0x00000000ebf00000, 0x00000000ebf00000, 0x00000000ec000000|  0%| F|  |TAMS 0x00000000ebf00000, 0x00000000ebf00000| Untracked 
| 192|0x00000000ec000000, 0x00000000ec000000, 0x00000000ec100000|  0%| F|  |TAMS 0x00000000ec000000, 0x00000000ec000000| Untracked 
| 193|0x00000000ec100000, 0x00000000ec100000, 0x00000000ec200000|  0%| F|  |TAMS 0x00000000ec100000, 0x00000000ec100000| Untracked 
| 194|0x00000000ec200000, 0x00000000ec291b48, 0x00000000ec300000| 56%| E|  |TAMS 0x00000000ec200000, 0x00000000ec200000| Complete 
| 195|0x00000000ec300000, 0x00000000ec400000, 0x00000000ec400000|100%| E|CS|TAMS 0x00000000ec300000, 0x00000000ec300000| Complete 
| 196|0x00000000ec400000, 0x00000000ec500000, 0x00000000ec500000|100%| E|CS|TAMS 0x00000000ec400000, 0x00000000ec400000| Complete 
| 197|0x00000000ec500000, 0x00000000ec600000, 0x00000000ec600000|100%| E|CS|TAMS 0x00000000ec500000, 0x00000000ec500000| Complete 
| 198|0x00000000ec600000, 0x00000000ec700000, 0x00000000ec700000|100%| E|CS|TAMS 0x00000000ec600000, 0x00000000ec600000| Complete 
| 199|0x00000000ec700000, 0x00000000ec800000, 0x00000000ec800000|100%| E|CS|TAMS 0x00000000ec700000, 0x00000000ec700000| Complete 
| 200|0x00000000ec800000, 0x00000000ec900000, 0x00000000ec900000|100%| E|CS|TAMS 0x00000000ec800000, 0x00000000ec800000| Complete 
| 201|0x00000000ec900000, 0x00000000eca00000, 0x00000000eca00000|100%| E|CS|TAMS 0x00000000ec900000, 0x00000000ec900000| Complete 
| 202|0x00000000eca00000, 0x00000000ecb00000, 0x00000000ecb00000|100%| E|CS|TAMS 0x00000000eca00000, 0x00000000eca00000| Complete 
| 203|0x00000000ecb00000, 0x00000000ecc00000, 0x00000000ecc00000|100%| E|CS|TAMS 0x00000000ecb00000, 0x00000000ecb00000| Complete 
| 204|0x00000000ecc00000, 0x00000000ecd00000, 0x00000000ecd00000|100%| E|CS|TAMS 0x00000000ecc00000, 0x00000000ecc00000| Complete 
| 205|0x00000000ecd00000, 0x00000000ece00000, 0x00000000ece00000|100%| E|CS|TAMS 0x00000000ecd00000, 0x00000000ecd00000| Complete 
| 206|0x00000000ece00000, 0x00000000ecf00000, 0x00000000ecf00000|100%| E|CS|TAMS 0x00000000ece00000, 0x00000000ece00000| Complete 
| 207|0x00000000ecf00000, 0x00000000ed000000, 0x00000000ed000000|100%| E|CS|TAMS 0x00000000ecf00000, 0x00000000ecf00000| Complete 
| 208|0x00000000ed000000, 0x00000000ed100000, 0x00000000ed100000|100%| E|CS|TAMS 0x00000000ed000000, 0x00000000ed000000| Complete 
| 209|0x00000000ed100000, 0x00000000ed200000, 0x00000000ed200000|100%| E|CS|TAMS 0x00000000ed100000, 0x00000000ed100000| Complete 
| 210|0x00000000ed200000, 0x00000000ed300000, 0x00000000ed300000|100%| E|CS|TAMS 0x00000000ed200000, 0x00000000ed200000| Complete 
| 211|0x00000000ed300000, 0x00000000ed400000, 0x00000000ed400000|100%| E|CS|TAMS 0x00000000ed300000, 0x00000000ed300000| Complete 
| 212|0x00000000ed400000, 0x00000000ed500000, 0x00000000ed500000|100%| E|CS|TAMS 0x00000000ed400000, 0x00000000ed400000| Complete 
| 213|0x00000000ed500000, 0x00000000ed600000, 0x00000000ed600000|100%| E|CS|TAMS 0x00000000ed500000, 0x00000000ed500000| Complete 
| 214|0x00000000ed600000, 0x00000000ed700000, 0x00000000ed700000|100%| E|CS|TAMS 0x00000000ed600000, 0x00000000ed600000| Complete 
| 215|0x00000000ed700000, 0x00000000ed800000, 0x00000000ed800000|100%| E|CS|TAMS 0x00000000ed700000, 0x00000000ed700000| Complete 
| 216|0x00000000ed800000, 0x00000000ed900000, 0x00000000ed900000|100%| E|CS|TAMS 0x00000000ed800000, 0x00000000ed800000| Complete 
| 217|0x00000000ed900000, 0x00000000eda00000, 0x00000000eda00000|100%| E|CS|TAMS 0x00000000ed900000, 0x00000000ed900000| Complete 
| 218|0x00000000eda00000, 0x00000000edb00000, 0x00000000edb00000|100%| E|CS|TAMS 0x00000000eda00000, 0x00000000eda00000| Complete 
| 219|0x00000000edb00000, 0x00000000edc00000, 0x00000000edc00000|100%| E|CS|TAMS 0x00000000edb00000, 0x00000000edb00000| Complete 
| 220|0x00000000edc00000, 0x00000000edd00000, 0x00000000edd00000|100%| E|CS|TAMS 0x00000000edc00000, 0x00000000edc00000| Complete 
| 221|0x00000000edd00000, 0x00000000ede00000, 0x00000000ede00000|100%| E|CS|TAMS 0x00000000edd00000, 0x00000000edd00000| Complete 
| 222|0x00000000ede00000, 0x00000000edf00000, 0x00000000edf00000|100%| E|CS|TAMS 0x00000000ede00000, 0x00000000ede00000| Complete 
| 223|0x00000000edf00000, 0x00000000ee000000, 0x00000000ee000000|100%| E|CS|TAMS 0x00000000edf00000, 0x00000000edf00000| Complete 
| 224|0x00000000ee000000, 0x00000000ee100000, 0x00000000ee100000|100%| E|CS|TAMS 0x00000000ee000000, 0x00000000ee000000| Complete 
| 225|0x00000000ee100000, 0x00000000ee200000, 0x00000000ee200000|100%| E|CS|TAMS 0x00000000ee100000, 0x00000000ee100000| Complete 
| 226|0x00000000ee200000, 0x00000000ee300000, 0x00000000ee300000|100%| E|CS|TAMS 0x00000000ee200000, 0x00000000ee200000| Complete 
| 227|0x00000000ee300000, 0x00000000ee400000, 0x00000000ee400000|100%| E|CS|TAMS 0x00000000ee300000, 0x00000000ee300000| Complete 
| 228|0x00000000ee400000, 0x00000000ee500000, 0x00000000ee500000|100%| E|CS|TAMS 0x00000000ee400000, 0x00000000ee400000| Complete 
| 229|0x00000000ee500000, 0x00000000ee600000, 0x00000000ee600000|100%| E|CS|TAMS 0x00000000ee500000, 0x00000000ee500000| Complete 
| 230|0x00000000ee600000, 0x00000000ee700000, 0x00000000ee700000|100%| E|CS|TAMS 0x00000000ee600000, 0x00000000ee600000| Complete 
| 231|0x00000000ee700000, 0x00000000ee800000, 0x00000000ee800000|100%| E|CS|TAMS 0x00000000ee700000, 0x00000000ee700000| Complete 
| 232|0x00000000ee800000, 0x00000000ee900000, 0x00000000ee900000|100%| E|CS|TAMS 0x00000000ee800000, 0x00000000ee800000| Complete 
| 233|0x00000000ee900000, 0x00000000eea00000, 0x00000000eea00000|100%| E|CS|TAMS 0x00000000ee900000, 0x00000000ee900000| Complete 
| 234|0x00000000eea00000, 0x00000000eeb00000, 0x00000000eeb00000|100%| E|CS|TAMS 0x00000000eea00000, 0x00000000eea00000| Complete 
| 235|0x00000000eeb00000, 0x00000000eec00000, 0x00000000eec00000|100%| E|CS|TAMS 0x00000000eeb00000, 0x00000000eeb00000| Complete 
| 236|0x00000000eec00000, 0x00000000eed00000, 0x00000000eed00000|100%| E|  |TAMS 0x00000000eec00000, 0x00000000eec00000| Complete 
| 237|0x00000000eed00000, 0x00000000eee00000, 0x00000000eee00000|100%| E|CS|TAMS 0x00000000eed00000, 0x00000000eed00000| Complete 
| 238|0x00000000eee00000, 0x00000000eef00000, 0x00000000eef00000|100%| E|CS|TAMS 0x00000000eee00000, 0x00000000eee00000| Complete 
| 239|0x00000000eef00000, 0x00000000ef000000, 0x00000000ef000000|100%| E|CS|TAMS 0x00000000eef00000, 0x00000000eef00000| Complete 
| 240|0x00000000ef000000, 0x00000000ef100000, 0x00000000ef100000|100%| E|CS|TAMS 0x00000000ef000000, 0x00000000ef000000| Complete 
| 241|0x00000000ef100000, 0x00000000ef200000, 0x00000000ef200000|100%| E|CS|TAMS 0x00000000ef100000, 0x00000000ef100000| Complete 
| 242|0x00000000ef200000, 0x00000000ef300000, 0x00000000ef300000|100%| E|CS|TAMS 0x00000000ef200000, 0x00000000ef200000| Complete 
| 243|0x00000000ef300000, 0x00000000ef400000, 0x00000000ef400000|100%| E|CS|TAMS 0x00000000ef300000, 0x00000000ef300000| Complete 
| 244|0x00000000ef400000, 0x00000000ef500000, 0x00000000ef500000|100%| E|CS|TAMS 0x00000000ef400000, 0x00000000ef400000| Complete 
| 245|0x00000000ef500000, 0x00000000ef600000, 0x00000000ef600000|100%| E|CS|TAMS 0x00000000ef500000, 0x00000000ef500000| Complete 
| 246|0x00000000ef600000, 0x00000000ef700000, 0x00000000ef700000|100%| E|CS|TAMS 0x00000000ef600000, 0x00000000ef600000| Complete 
| 247|0x00000000ef700000, 0x00000000ef800000, 0x00000000ef800000|100%| E|CS|TAMS 0x00000000ef700000, 0x00000000ef700000| Complete 
| 248|0x00000000ef800000, 0x00000000ef900000, 0x00000000ef900000|100%| E|CS|TAMS 0x00000000ef800000, 0x00000000ef800000| Complete 
| 249|0x00000000ef900000, 0x00000000efa00000, 0x00000000efa00000|100%| E|CS|TAMS 0x00000000ef900000, 0x00000000ef900000| Complete 
| 250|0x00000000efa00000, 0x00000000efb00000, 0x00000000efb00000|100%| E|CS|TAMS 0x00000000efa00000, 0x00000000efa00000| Complete 
| 251|0x00000000efb00000, 0x00000000efc00000, 0x00000000efc00000|100%| E|CS|TAMS 0x00000000efb00000, 0x00000000efb00000| Complete 
| 252|0x00000000efc00000, 0x00000000efd00000, 0x00000000efd00000|100%| E|CS|TAMS 0x00000000efc00000, 0x00000000efc00000| Complete 
| 253|0x00000000efd00000, 0x00000000efe00000, 0x00000000efe00000|100%| E|CS|TAMS 0x00000000efd00000, 0x00000000efd00000| Complete 
| 254|0x00000000efe00000, 0x00000000eff00000, 0x00000000eff00000|100%| E|CS|TAMS 0x00000000efe00000, 0x00000000efe00000| Complete 
| 255|0x00000000eff00000, 0x00000000f0000000, 0x00000000f0000000|100%| E|CS|TAMS 0x00000000eff00000, 0x00000000eff00000| Complete 

Card table byte_map: [0x000001b542ac0000,0x000001b542bc0000] _byte_map_base: 0x000001b5423c0000

Marking Bits (Prev, Next): (CMBitMap*) 0x000001b52bffcf60, (CMBitMap*) 0x000001b52bffcf20
 Prev Bits: [0x000001b5434c0000, 0x000001b543cc0000)
 Next Bits: [0x000001b542cc0000, 0x000001b5434c0000)

Polling page: 0x000001b52b7a0000

Metaspace:

Usage:
  Non-class:     54.30 MB used.
      Class:      8.36 MB used.
       Both:     62.67 MB used.

Virtual space:
  Non-class space:       56.00 MB reserved,      54.56 MB ( 97%) committed,  7 nodes.
      Class space:      208.00 MB reserved,       8.69 MB (  4%) committed,  1 nodes.
             Both:      264.00 MB reserved,      63.25 MB ( 24%) committed. 

Chunk freelists:
   Non-Class:  1.14 MB
       Class:  3.31 MB
        Both:  4.45 MB

MaxMetaspaceSize: 256.00 MB
CompressedClassSpaceSize: 208.00 MB
Initial GC threshold: 21.00 MB
Current GC threshold: 99.06 MB
CDS: on
MetaspaceReclaimPolicy: balanced
 - commit_granule_bytes: 65536.
 - commit_granule_words: 8192.
 - virtual_space_node_default_size: 1048576.
 - enlarge_chunks_in_place: 1.
 - new_chunks_are_fully_committed: 0.
 - uncommit_free_chunks: 1.
 - use_allocation_guard: 0.
 - handle_deallocations: 1.


Internal statistics:

num_allocs_failed_limit: 12.
num_arena_births: 692.
num_arena_deaths: 0.
num_vsnodes_births: 8.
num_vsnodes_deaths: 0.
num_space_committed: 1012.
num_space_uncommitted: 0.
num_chunks_returned_to_freelist: 12.
num_chunks_taken_from_freelist: 3325.
num_chunk_merges: 12.
num_chunk_splits: 2158.
num_chunks_enlarged: 1379.
num_purges: 0.
num_inconsistent_stats: 0.

CodeHeap 'non-profiled nmethods': size=120000Kb used=7249Kb max_used=7249Kb free=112750Kb
 bounds [0x000001b53b590000, 0x000001b53bcb0000, 0x000001b542ac0000]
CodeHeap 'profiled nmethods': size=120000Kb used=22828Kb max_used=22828Kb free=97171Kb
 bounds [0x000001b533ac0000, 0x000001b535110000, 0x000001b53aff0000]
CodeHeap 'non-nmethods': size=5760Kb used=2348Kb max_used=2385Kb free=3411Kb
 bounds [0x000001b53aff0000, 0x000001b53b260000, 0x000001b53b590000]
 total_blobs=11964 nmethods=11091 adapters=785
 compilation: enabled
              stopped_count=0, restarted_count=0
 full_count=0

Compilation events (20 events):
Event: 99.324 Thread 0x000001b546289400 nmethod 12664 0x000001b53bc9fc90 code [0x000001b53bc9fee0, 0x000001b53bca1428]
Event: 99.324 Thread 0x000001b546289400 12668       4       org.gradle.internal.io.StreamByteBuffer::allocateSpace (73 bytes)
Event: 99.327 Thread 0x000001b54628d1d0 12674       3       jdk.internal.misc.Unsafe::ensureClassInitialized (18 bytes)
Event: 99.327 Thread 0x000001b54628d1d0 nmethod 12674 0x000001b53510c190 code [0x000001b53510c340, 0x000001b53510c578]
Event: 99.330 Thread 0x000001b546289400 nmethod 12668 0x000001b53bca2210 code [0x000001b53bca23a0, 0x000001b53bca2748]
Event: 99.330 Thread 0x000001b546289400 12669       4       org.gradle.internal.io.StreamByteBuffer$StreamByteBufferOutputStream::write (22 bytes)
Event: 99.337 Thread 0x000001b546289400 nmethod 12669 0x000001b53bca2910 code [0x000001b53bca2ac0, 0x000001b53bca2f48]
Event: 99.337 Thread 0x000001b546289400 12675       4       org.gradle.internal.io.StreamByteBuffer$StreamByteBufferChunk::write (32 bytes)
Event: 99.340 Thread 0x000001b546289400 nmethod 12675 0x000001b53bca3210 code [0x000001b53bca3380, 0x000001b53bca3478]
Event: 99.355 Thread 0x000001b54628d1d0 12676       3       java.lang.ProcessEnvironment$CheckedEntry::getKey (5 bytes)
Event: 99.355 Thread 0x000001b54628d1d0 nmethod 12676 0x000001b53510c690 code [0x000001b53510c840, 0x000001b53510cb68]
Event: 99.355 Thread 0x000001b54628d1d0 12677       3       java.lang.ProcessEnvironment$CheckedEntry::getKey (13 bytes)
Event: 99.355 Thread 0x000001b54628d1d0 nmethod 12677 0x000001b53510cc90 code [0x000001b53510ce40, 0x000001b53510d108]
Event: 99.369 Thread 0x000001b54628d1d0 12679       3       jdk.internal.misc.CDS::isDumpingClassList (4 bytes)
Event: 99.370 Thread 0x000001b54628d1d0 nmethod 12679 0x000001b534075c10 code [0x000001b534075da0, 0x000001b534075e98]
Event: 99.374 Thread 0x000001b54628d1d0 12683   !   3       java.lang.invoke.LambdaForm::compileToBytecode (164 bytes)
Event: 99.376 Thread 0x000001b54628d1d0 nmethod 12683 0x000001b53510d210 code [0x000001b53510d460, 0x000001b53510dd38]
Event: 99.857 Thread 0x000001b546289400 12684       4       java.util.concurrent.TimeUnit::toNanos (45 bytes)
Event: 99.858 Thread 0x000001b546289400 nmethod 12684 0x000001b53bca4190 code [0x000001b53bca4300, 0x000001b53bca43f8]
Event: 99.883 Thread 0x000001b546289400 12685       4       javax.management.ObjectName::construct (1135 bytes)

GC Heap History (20 events):
Event: 36.326 GC heap before
{Heap before GC invocations=5 (full 0):
 garbage-first heap   total 262144K, used 123209K [0x00000000e0000000, 0x0000000100000000)
  region size 1024K, 108 young (110592K), 10 survivors (10240K)
 Metaspace       used 35586K, committed 35968K, reserved 245760K
  class space    used 4906K, committed 5120K, reserved 212992K
}
Event: 36.356 GC heap after
{Heap after GC invocations=6 (full 0):
 garbage-first heap   total 262144K, used 29447K [0x00000000e0000000, 0x0000000100000000)
  region size 1024K, 15 young (15360K), 15 survivors (15360K)
 Metaspace       used 35586K, committed 35968K, reserved 245760K
  class space    used 4906K, committed 5120K, reserved 212992K
}
Event: 36.399 GC heap before
{Heap before GC invocations=6 (full 0):
 garbage-first heap   total 262144K, used 30471K [0x00000000e0000000, 0x0000000100000000)
  region size 1024K, 16 young (16384K), 15 survivors (15360K)
 Metaspace       used 35719K, committed 36096K, reserved 245760K
  class space    used 4921K, committed 5120K, reserved 212992K
}
Event: 36.424 GC heap after
{Heap after GC invocations=7 (full 0):
 garbage-first heap   total 262144K, used 31362K [0x00000000e0000000, 0x0000000100000000)
  region size 1024K, 2 young (2048K), 2 survivors (2048K)
 Metaspace       used 35719K, committed 36096K, reserved 245760K
  class space    used 4921K, committed 5120K, reserved 212992K
}
Event: 36.626 GC heap before
{Heap before GC invocations=7 (full 0):
 garbage-first heap   total 262144K, used 32386K [0x00000000e0000000, 0x0000000100000000)
  region size 1024K, 4 young (4096K), 2 survivors (2048K)
 Metaspace       used 35959K, committed 36288K, reserved 245760K
  class space    used 4949K, committed 5120K, reserved 212992K
}
Event: 36.629 GC heap after
{Heap after GC invocations=8 (full 0):
 garbage-first heap   total 262144K, used 29963K [0x00000000e0000000, 0x0000000100000000)
  region size 1024K, 1 young (1024K), 1 survivors (1024K)
 Metaspace       used 35959K, committed 36288K, reserved 245760K
  class space    used 4949K, committed 5120K, reserved 212992K
}
Event: 48.394 GC heap before
{Heap before GC invocations=9 (full 0):
 garbage-first heap   total 262144K, used 185611K [0x00000000e0000000, 0x0000000100000000)
  region size 1024K, 153 young (156672K), 1 survivors (1024K)
 Metaspace       used 46494K, committed 46976K, reserved 253952K
  class space    used 6507K, committed 6720K, reserved 212992K
}
Event: 48.421 GC heap after
{Heap after GC invocations=10 (full 0):
 garbage-first heap   total 262144K, used 42466K [0x00000000e0000000, 0x0000000100000000)
  region size 1024K, 13 young (13312K), 13 survivors (13312K)
 Metaspace       used 46494K, committed 46976K, reserved 253952K
  class space    used 6507K, committed 6720K, reserved 212992K
}
Event: 58.347 GC heap before
{Heap before GC invocations=10 (full 0):
 garbage-first heap   total 262144K, used 184802K [0x00000000e0000000, 0x0000000100000000)
  region size 1024K, 153 young (156672K), 13 survivors (13312K)
 Metaspace       used 50213K, committed 50688K, reserved 262144K
  class space    used 6899K, committed 7104K, reserved 212992K
}
Event: 58.392 GC heap after
{Heap after GC invocations=11 (full 0):
 garbage-first heap   total 262144K, used 54137K [0x00000000e0000000, 0x0000000100000000)
  region size 1024K, 12 young (12288K), 12 survivors (12288K)
 Metaspace       used 50213K, committed 50688K, reserved 262144K
  class space    used 6899K, committed 7104K, reserved 212992K
}
Event: 65.055 GC heap before
{Heap before GC invocations=11 (full 0):
 garbage-first heap   total 262144K, used 197497K [0x00000000e0000000, 0x0000000100000000)
  region size 1024K, 152 young (155648K), 12 survivors (12288K)
 Metaspace       used 51572K, committed 52032K, reserved 262144K
  class space    used 7078K, committed 7296K, reserved 212992K
}
Event: 65.084 GC heap after
{Heap after GC invocations=12 (full 0):
 garbage-first heap   total 262144K, used 60318K [0x00000000e0000000, 0x0000000100000000)
  region size 1024K, 7 young (7168K), 7 survivors (7168K)
 Metaspace       used 51572K, committed 52032K, reserved 262144K
  class space    used 7078K, committed 7296K, reserved 212992K
}
Event: 73.930 GC heap before
{Heap before GC invocations=12 (full 0):
 garbage-first heap   total 262144K, used 193438K [0x00000000e0000000, 0x0000000100000000)
  region size 1024K, 134 young (137216K), 7 survivors (7168K)
 Metaspace       used 60171K, committed 60736K, reserved 270336K
  class space    used 8153K, committed 8448K, reserved 212992K
}
Event: 74.012 GC heap after
{Heap after GC invocations=13 (full 0):
 garbage-first heap   total 262144K, used 92111K [0x00000000e0000000, 0x0000000100000000)
  region size 1024K, 19 young (19456K), 19 survivors (19456K)
 Metaspace       used 60171K, committed 60736K, reserved 270336K
  class space    used 8153K, committed 8448K, reserved 212992K
}
Event: 77.239 GC heap before
{Heap before GC invocations=14 (full 0):
 garbage-first heap   total 262144K, used 203727K [0x00000000e0000000, 0x0000000100000000)
  region size 1024K, 118 young (120832K), 19 survivors (19456K)
 Metaspace       used 61110K, committed 61760K, reserved 270336K
  class space    used 8273K, committed 8576K, reserved 212992K
}
Event: 77.267 GC heap after
{Heap after GC invocations=15 (full 0):
 garbage-first heap   total 262144K, used 90112K [0x00000000e0000000, 0x0000000100000000)
  region size 1024K, 4 young (4096K), 4 survivors (4096K)
 Metaspace       used 61110K, committed 61760K, reserved 270336K
  class space    used 8273K, committed 8576K, reserved 212992K
}
Event: 92.234 GC heap before
{Heap before GC invocations=15 (full 0):
 garbage-first heap   total 262144K, used 211968K [0x00000000e0000000, 0x0000000100000000)
  region size 1024K, 110 young (112640K), 4 survivors (4096K)
 Metaspace       used 62271K, committed 62848K, reserved 270336K
  class space    used 8376K, committed 8640K, reserved 212992K
}
Event: 92.242 GC heap after
{Heap after GC invocations=16 (full 0):
 garbage-first heap   total 262144K, used 87836K [0x00000000e0000000, 0x0000000100000000)
  region size 1024K, 3 young (3072K), 3 survivors (3072K)
 Metaspace       used 62271K, committed 62848K, reserved 270336K
  class space    used 8376K, committed 8640K, reserved 212992K
}
Event: 96.522 GC heap before
{Heap before GC invocations=16 (full 0):
 garbage-first heap   total 262144K, used 208668K [0x00000000e0000000, 0x0000000100000000)
  region size 1024K, 117 young (119808K), 3 survivors (3072K)
 Metaspace       used 62672K, committed 63168K, reserved 270336K
  class space    used 8393K, committed 8640K, reserved 212992K
}
Event: 96.563 GC heap after
{Heap after GC invocations=17 (full 0):
 garbage-first heap   total 262144K, used 117018K [0x00000000e0000000, 0x0000000100000000)
  region size 1024K, 15 young (15360K), 15 survivors (15360K)
 Metaspace       used 62672K, committed 63168K, reserved 270336K
  class space    used 8393K, committed 8640K, reserved 212992K
}

Dll operation events (12 events):
Event: 0.033 Loaded shared library C:\Program Files\Eclipse Adoptium\jdk-17.0.6.10-hotspot\bin\java.dll
Event: 0.102 Loaded shared library C:\Program Files\Eclipse Adoptium\jdk-17.0.6.10-hotspot\bin\jsvml.dll
Event: 0.539 Loaded shared library C:\Program Files\Eclipse Adoptium\jdk-17.0.6.10-hotspot\bin\net.dll
Event: 0.635 Loaded shared library C:\Program Files\Eclipse Adoptium\jdk-17.0.6.10-hotspot\bin\nio.dll
Event: 0.655 Loaded shared library C:\Program Files\Eclipse Adoptium\jdk-17.0.6.10-hotspot\bin\zip.dll
Event: 2.257 Loaded shared library C:\Program Files\Eclipse Adoptium\jdk-17.0.6.10-hotspot\bin\jimage.dll
Event: 2.626 Loaded shared library C:\Program Files\Eclipse Adoptium\jdk-17.0.6.10-hotspot\bin\verify.dll
Event: 4.207 Loaded shared library C:\Users\guill\.gradle\native\e1d6ef7f7dcc3fd88c89a11ec53ec762bb8ba0a96d01ffa2cd45eb1d1d8dd5c5\windows-amd64\native-platform.dll
Event: 4.334 Loaded shared library C:\Users\guill\.gradle\native\5664cfc778a61ccfe75a443a1ab52a65af34e5dc3c78e0209fed803814484fcb\windows-amd64\native-platform-file-events.dll
Event: 9.480 Loaded shared library C:\Program Files\Eclipse Adoptium\jdk-17.0.6.10-hotspot\bin\management.dll
Event: 9.496 Loaded shared library C:\Program Files\Eclipse Adoptium\jdk-17.0.6.10-hotspot\bin\management_ext.dll
Event: 13.967 Loaded shared library C:\Program Files\Eclipse Adoptium\jdk-17.0.6.10-hotspot\bin\sunmscapi.dll

Deoptimization events (20 events):
Event: 99.269 Thread 0x000001b54dbd4450 DEOPT PACKING pc=0x000001b53ba8adac sp=0x000000645c0fde10
Event: 99.269 Thread 0x000001b54dbd4450 DEOPT UNPACKING pc=0x000001b53b0469a3 sp=0x000000645c0fde00 mode 2
Event: 99.295 Thread 0x000001b54dbd4450 Uncommon trap: trap_request=0xffffffd6 fr.pc=0x000001b53bbc1560 relative=0x0000000000000820
Event: 99.295 Thread 0x000001b54dbd4450 Uncommon trap: reason=array_check action=maybe_recompile pc=0x000001b53bbc1560 method=java.util.ComparableTimSort.binarySort([Ljava/lang/Object;III)V @ 193 c2
Event: 99.295 Thread 0x000001b54dbd4450 DEOPT PACKING pc=0x000001b53bbc1560 sp=0x000000645c0fd860
Event: 99.295 Thread 0x000001b54dbd4450 DEOPT UNPACKING pc=0x000001b53b0469a3 sp=0x000000645c0fd800 mode 2
Event: 99.301 Thread 0x000001b54dbd4450 Uncommon trap: trap_request=0xffffffd6 fr.pc=0x000001b53bbc1628 relative=0x00000000000008e8
Event: 99.301 Thread 0x000001b54dbd4450 Uncommon trap: reason=array_check action=maybe_recompile pc=0x000001b53bbc1628 method=java.util.ComparableTimSort.binarySort([Ljava/lang/Object;III)V @ 183 c2
Event: 99.301 Thread 0x000001b54dbd4450 DEOPT PACKING pc=0x000001b53bbc1628 sp=0x000000645c0fd960
Event: 99.301 Thread 0x000001b54dbd4450 DEOPT UNPACKING pc=0x000001b53b0469a3 sp=0x000000645c0fd900 mode 2
Event: 99.305 Thread 0x000001b54dbd4450 DEOPT PACKING pc=0x000001b533de9b4a sp=0x000000645c0fd370
Event: 99.305 Thread 0x000001b54dbd4450 DEOPT UNPACKING pc=0x000001b53b047143 sp=0x000000645c0fc7e8 mode 0
Event: 99.305 Thread 0x000001b54dbd4450 Uncommon trap: trap_request=0xffffffd6 fr.pc=0x000001b53bbc1460 relative=0x0000000000000720
Event: 99.305 Thread 0x000001b54dbd4450 Uncommon trap: reason=array_check action=maybe_recompile pc=0x000001b53bbc1460 method=java.util.ComparableTimSort.binarySort([Ljava/lang/Object;III)V @ 215 c2
Event: 99.305 Thread 0x000001b54dbd4450 DEOPT PACKING pc=0x000001b53bbc1460 sp=0x000000645c0fccb0
Event: 99.305 Thread 0x000001b54dbd4450 DEOPT UNPACKING pc=0x000001b53b0469a3 sp=0x000000645c0fcc50 mode 2
Event: 99.306 Thread 0x000001b54dbd4450 Uncommon trap: trap_request=0xffffffd6 fr.pc=0x000001b53bbc1460 relative=0x0000000000000720
Event: 99.306 Thread 0x000001b54dbd4450 Uncommon trap: reason=array_check action=maybe_recompile pc=0x000001b53bbc1460 method=java.util.ComparableTimSort.binarySort([Ljava/lang/Object;III)V @ 215 c2
Event: 99.306 Thread 0x000001b54dbd4450 DEOPT PACKING pc=0x000001b53bbc1460 sp=0x000000645c0fd1a0
Event: 99.306 Thread 0x000001b54dbd4450 DEOPT UNPACKING pc=0x000001b53b0469a3 sp=0x000000645c0fd140 mode 2

Classes unloaded (0 events):
No events

Classes redefined (0 events):
No events

Internal exceptions (20 events):
Event: 97.267 Thread 0x000001b5462e9030 Exception <a 'sun/nio/fs/WindowsException'{0x00000000ef3cf740}> (0x00000000ef3cf740) 
thrown [s\src\hotspot\share\prims\jni.cpp, line 516]
Event: 97.267 Thread 0x000001b5462e9030 Exception <a 'sun/nio/fs/WindowsException'{0x00000000ef3d25f0}> (0x00000000ef3d25f0) 
thrown [s\src\hotspot\share\prims\jni.cpp, line 516]
Event: 97.267 Thread 0x000001b5462e9030 Exception <a 'sun/nio/fs/WindowsException'{0x00000000ef3d28e8}> (0x00000000ef3d28e8) 
thrown [s\src\hotspot\share\prims\jni.cpp, line 516]
Event: 97.267 Thread 0x000001b5462e9030 Exception <a 'sun/nio/fs/WindowsException'{0x00000000ef3d7190}> (0x00000000ef3d7190) 
thrown [s\src\hotspot\share\prims\jni.cpp, line 516]
Event: 97.267 Thread 0x000001b5462e9030 Exception <a 'sun/nio/fs/WindowsException'{0x00000000ef3d7490}> (0x00000000ef3d7490) 
thrown [s\src\hotspot\share\prims\jni.cpp, line 516]
Event: 97.288 Thread 0x000001b5462e9030 Exception <a 'java/lang/NoSuchMethodError'{0x00000000ef206e00}: 'java.lang.Object java.lang.invoke.DirectMethodHandle$Holder.newInvokeSpecial(java.lang.Object, java.lang.Object, java.lang.Object, java.lang.Object, java.lang.Object, java.lang.Object, java.lang.Object, int)'> (0x00000000ef206e00) 
thrown [s\src\hotspot\share\interpreter\linkResolver.cpp, line 759]
Event: 97.289 Thread 0x000001b5462e9030 Exception <a 'java/lang/NoSuchMethodError'{0x00000000ef20d0f8}: 'java.lang.Object java.lang.invoke.DirectMethodHandle$Holder.invokeSpecial(java.lang.Object, java.lang.Object, java.lang.Object, java.lang.Object, java.lang.Object, java.lang.Object, java.lang.Object, java.lang.Object, int)'> (0x00000000ef20d0f8) 
thrown [s\src\hotspot\share\interpreter\linkResolver.cpp, line 759]
Event: 97.444 Thread 0x000001b5462e9030 Exception <a 'sun/nio/fs/WindowsException'{0x00000000ef063c70}> (0x00000000ef063c70) 
thrown [s\src\hotspot\share\prims\jni.cpp, line 516]
Event: 97.589 Thread 0x000001b5462e9030 Exception <a 'sun/nio/fs/WindowsException'{0x00000000eed06e68}> (0x00000000eed06e68) 
thrown [s\src\hotspot\share\prims\jni.cpp, line 516]
Event: 98.221 Thread 0x000001b54728c3f0 Exception <a 'java/lang/NoSuchMethodError'{0x00000000ee50f000}: static Lorg/gradle/internal/build/event/types/DefaultTaskSkippedResult;.<clinit>()V> (0x00000000ee50f000) 
thrown [s\src\hotspot\share\prims\jni.cpp, line 1107]
Event: 99.301 Thread 0x000001b54dbd4450 Exception <a 'java/lang/NoSuchMethodError'{0x00000000ec34f438}: static Ljava/lang/Object;.<clinit>()V> (0x00000000ec34f438) 
thrown [s\src\hotspot\share\prims\jni.cpp, line 1107]
Event: 99.304 Thread 0x000001b54dbd4450 Exception <a 'java/lang/NoSuchMethodError'{0x00000000ec35b470}: static Lorg/gradle/api/internal/tasks/testing/junitplatform/JUnitPlatformTestFramework$JUnitPlatformTestClassProcessorFactory;.<clinit>()V> (0x00000000ec35b470) 
thrown [s\src\hotspot\share\prims\jni.cpp, line 1107]
Event: 99.307 Thread 0x000001b54dbd4450 Exception <a 'java/lang/NoSuchMethodError'{0x00000000ec36dd48}: static Lorg/gradle/api/internal/tasks/testing/junitplatform/JUnitPlatformSpec;.<clinit>()V> (0x00000000ec36dd48) 
thrown [s\src\hotspot\share\prims\jni.cpp, line 1107]
Event: 99.309 Thread 0x000001b54dbd4450 Exception <a 'java/lang/NoSuchMethodError'{0x00000000ec36fd10}: static Lorg/gradle/api/internal/tasks/testing/junit/AbstractJUnitSpec;.<clinit>()V> (0x00000000ec36fd10) 
thrown [s\src\hotspot\share\prims\jni.cpp, line 1107]
Event: 99.369 Thread 0x000001b54dbd6130 Exception <a 'java/lang/NoSuchMethodError'{0x00000000ec2034d0}: 'void java.lang.invoke.DirectMethodHandle$Holder.invokeStatic(java.lang.Object, long)'> (0x00000000ec2034d0) 
thrown [s\src\hotspot\share\interpreter\linkResolver.cpp, line 759]
Event: 99.370 Thread 0x000001b54dbd6130 Exception <a 'java/lang/NoSuchMethodError'{0x00000000ec208ae0}: 'java.lang.Object java.lang.invoke.DirectMethodHandle$Holder.newInvokeSpecial(java.lang.Object, long)'> (0x00000000ec208ae0) 
thrown [s\src\hotspot\share\interpreter\linkResolver.cpp, line 759]
Event: 99.373 Thread 0x000001b54dbd6130 Exception <a 'java/lang/NoSuchMethodError'{0x00000000ec20f5c8}: 'java.lang.Object java.lang.invoke.DirectMethodHandle$Holder.invokeStatic(java.lang.Object, java.lang.Object, long, java.lang.Object)'> (0x00000000ec20f5c8) 
thrown [s\src\hotspot\share\interpreter\linkResolver.cpp, line 759]
Event: 99.373 Thread 0x000001b54dbd6130 Exception <a 'java/lang/NoSuchMethodError'{0x00000000ec213018}: 'java.lang.Object java.lang.invoke.DirectMethodHandle$Holder.invokeStaticInit(java.lang.Object, java.lang.Object, long, java.lang.Object)'> (0x00000000ec213018) 
thrown [s\src\hotspot\share\interpreter\linkResolver.cpp, line 759]
Event: 99.374 Thread 0x000001b54dbd6130 Exception <a 'java/lang/NoSuchMethodError'{0x00000000ec2196b0}: 'java.lang.Object java.lang.invoke.DirectMethodHandle$Holder.newInvokeSpecial(java.lang.Object, java.lang.Object, long)'> (0x00000000ec2196b0) 
thrown [s\src\hotspot\share\interpreter\linkResolver.cpp, line 759]
Event: 99.375 Thread 0x000001b54dbd6130 Exception <a 'java/lang/NoSuchMethodError'{0x00000000ec21d1d8}: 'java.lang.Object java.lang.invoke.Invokers$Holder.linkToTargetMethod(java.lang.Object, long, java.lang.Object)'> (0x00000000ec21d1d8) 
thrown [s\src\hotspot\share\interpreter\linkResolver.cpp, line 759]

VM Operations (20 events):
Event: 95.488 Executing VM operation: Cleanup
Event: 95.488 Executing VM operation: Cleanup done
Event: 96.121 Executing VM operation: HandshakeAllThreads
Event: 96.121 Executing VM operation: HandshakeAllThreads done
Event: 96.522 Executing VM operation: G1CollectForAllocation
Event: 96.563 Executing VM operation: G1CollectForAllocation done
Event: 97.021 Executing VM operation: ICBufferFull
Event: 97.021 Executing VM operation: ICBufferFull done
Event: 97.419 Executing VM operation: ICBufferFull
Event: 97.420 Executing VM operation: ICBufferFull done
Event: 98.345 Executing VM operation: ICBufferFull
Event: 98.345 Executing VM operation: ICBufferFull done
Event: 98.900 Executing VM operation: HandshakeAllThreads
Event: 98.901 Executing VM operation: HandshakeAllThreads done
Event: 99.386 Executing VM operation: HandshakeAllThreads
Event: 99.386 Executing VM operation: HandshakeAllThreads done
Event: 99.386 Executing VM operation: Cleanup
Event: 99.386 Executing VM operation: Cleanup done
Event: 100.398 Executing VM operation: Cleanup
Event: 100.398 Executing VM operation: Cleanup done

Events (20 events):
Event: 99.324 loading class java/util/concurrent/ArrayBlockingQueue$Itrs done
Event: 99.347 Thread 0x000001b54dbd6130 Thread added: 0x000001b54dbd6130
Event: 99.352 loading class java/lang/ProcessBuilder
Event: 99.353 loading class java/lang/ProcessBuilder done
Event: 99.353 loading class java/lang/ProcessImpl
Event: 99.355 loading class java/lang/ProcessImpl done
Event: 99.371 loading class java/lang/ProcessHandleImpl
Event: 99.372 loading class java/lang/ProcessHandleImpl done
Event: 99.383 loading class java/lang/ProcessImpl$2
Event: 99.383 loading class java/lang/ProcessImpl$2 done
Event: 99.384 loading class java/lang/Process$PipeInputStream
Event: 99.384 loading class java/lang/Process$PipeInputStream done
Event: 99.386 loading class jdk/internal/event/ProcessStartEvent
Event: 99.387 loading class jdk/internal/event/Event
Event: 99.389 loading class jdk/internal/event/Event done
Event: 99.390 loading class jdk/internal/event/ProcessStartEvent done
Event: 99.392 Thread 0x000001b54dbd7470 Thread added: 0x000001b54dbd7470
Event: 99.395 Thread 0x000001b54dbd7940 Thread added: 0x000001b54dbd7940
Event: 99.395 Thread 0x000001b54dbd4920 Thread added: 0x000001b54dbd4920
Event: 99.395 Thread 0x000001b54dbd52c0 Thread added: 0x000001b54dbd52c0


Dynamic libraries:
0x00007ff66dea0000 - 0x00007ff66deae000 	C:\Program Files\Eclipse Adoptium\jdk-17.0.6.10-hotspot\bin\java.exe
0x00007ffd11830000 - 0x00007ffd11a28000 	C:\WINDOWS\SYSTEM32\ntdll.dll
0x00007ffd115b0000 - 0x00007ffd1166f000 	C:\WINDOWS\System32\KERNEL32.DLL
0x00007ffd0eff0000 - 0x00007ffd0f2e6000 	C:\WINDOWS\System32\KERNELBASE.dll
0x00007ffd0f640000 - 0x00007ffd0f740000 	C:\WINDOWS\System32\ucrtbase.dll
0x00007ffd07790000 - 0x00007ffd077a7000 	C:\Program Files\Eclipse Adoptium\jdk-17.0.6.10-hotspot\bin\jli.dll
0x00007ffd110b0000 - 0x00007ffd1124d000 	C:\WINDOWS\System32\USER32.dll
0x00007ffd0efc0000 - 0x00007ffd0efe2000 	C:\WINDOWS\System32\win32u.dll
0x00007ffd0fbd0000 - 0x00007ffd0fbfc000 	C:\WINDOWS\System32\GDI32.dll
0x00007ffd0f520000 - 0x00007ffd0f635000 	C:\WINDOWS\System32\gdi32full.dll
0x00007ffd0f2f0000 - 0x00007ffd0f38d000 	C:\WINDOWS\System32\msvcp_win.dll
0x00007ffcfa900000 - 0x00007ffcfab9a000 	C:\WINDOWS\WinSxS\amd64_microsoft.windows.common-controls_6595b64144ccf1df_6.0.19041.1110_none_60b5254171f9507e\COMCTL32.dll
0x00007ffd113f0000 - 0x00007ffd1148e000 	C:\WINDOWS\System32\msvcrt.dll
0x00007ffceda60000 - 0x00007ffceda79000 	C:\Program Files\Eclipse Adoptium\jdk-17.0.6.10-hotspot\bin\VCRUNTIME140.dll
0x00007ffd0fa20000 - 0x00007ffd0fa50000 	C:\WINDOWS\System32\IMM32.DLL
0x00007ffd09ea0000 - 0x00007ffd09eac000 	C:\Program Files\Eclipse Adoptium\jdk-17.0.6.10-hotspot\bin\vcruntime140_1.dll
0x00007ffcb9910000 - 0x00007ffcb99a1000 	C:\Program Files\Eclipse Adoptium\jdk-17.0.6.10-hotspot\bin\msvcp140.dll
0x00007ffcaf8a0000 - 0x00007ffcb04e7000 	C:\Program Files\Eclipse Adoptium\jdk-17.0.6.10-hotspot\bin\server\jvm.dll
0x00007ffd0fa50000 - 0x00007ffd0faff000 	C:\WINDOWS\System32\ADVAPI32.dll
0x00007ffd11010000 - 0x00007ffd110ac000 	C:\WINDOWS\System32\sechost.dll
0x00007ffd0fc70000 - 0x00007ffd0fd96000 	C:\WINDOWS\System32\RPCRT4.dll
0x00007ffcf9460000 - 0x00007ffcf9469000 	C:\WINDOWS\SYSTEM32\WSOCK32.dll
0x00007ffd0ff50000 - 0x00007ffd0ffbb000 	C:\WINDOWS\System32\WS2_32.dll
0x00007ffd02a70000 - 0x00007ffd02a97000 	C:\WINDOWS\SYSTEM32\WINMM.dll
0x00007ffd04d40000 - 0x00007ffd04d4a000 	C:\WINDOWS\SYSTEM32\VERSION.dll
0x00007ffd0d750000 - 0x00007ffd0d762000 	C:\WINDOWS\SYSTEM32\kernel.appcore.dll
0x00007ffceda50000 - 0x00007ffceda5a000 	C:\Program Files\Eclipse Adoptium\jdk-17.0.6.10-hotspot\bin\jimage.dll
0x00007ffd048c0000 - 0x00007ffd04aa4000 	C:\WINDOWS\SYSTEM32\DBGHELP.DLL
0x00007ffd027c0000 - 0x00007ffd027f4000 	C:\WINDOWS\SYSTEM32\dbgcore.DLL
0x00007ffd0f800000 - 0x00007ffd0f882000 	C:\WINDOWS\System32\bcryptPrimitives.dll
0x00007ffccda90000 - 0x00007ffccdab5000 	C:\Program Files\Eclipse Adoptium\jdk-17.0.6.10-hotspot\bin\java.dll
0x00007ffcb9830000 - 0x00007ffcb9906000 	C:\Program Files\Eclipse Adoptium\jdk-17.0.6.10-hotspot\bin\jsvml.dll
0x00007ffd10560000 - 0x00007ffd10ca4000 	C:\WINDOWS\System32\SHELL32.dll
0x00007ffd0ce00000 - 0x00007ffd0d593000 	C:\WINDOWS\SYSTEM32\windows.storage.dll
0x00007ffd10cb0000 - 0x00007ffd11004000 	C:\WINDOWS\System32\combase.dll
0x00007ffd0e890000 - 0x00007ffd0e8be000 	C:\WINDOWS\SYSTEM32\Wldp.dll
0x00007ffd116b0000 - 0x00007ffd1175d000 	C:\WINDOWS\System32\SHCORE.dll
0x00007ffd11490000 - 0x00007ffd114e5000 	C:\WINDOWS\System32\shlwapi.dll
0x00007ffd0ee50000 - 0x00007ffd0ee6f000 	C:\WINDOWS\SYSTEM32\profapi.dll
0x00007ffceda30000 - 0x00007ffceda49000 	C:\Program Files\Eclipse Adoptium\jdk-17.0.6.10-hotspot\bin\net.dll
0x00007ffd073e0000 - 0x00007ffd074ea000 	C:\WINDOWS\SYSTEM32\WINHTTP.dll
0x00007ffd0e670000 - 0x00007ffd0e6da000 	C:\WINDOWS\system32\mswsock.dll
0x00007ffccdfc0000 - 0x00007ffccdfd5000 	C:\Program Files\Eclipse Adoptium\jdk-17.0.6.10-hotspot\bin\nio.dll
0x00007ffcb97d0000 - 0x00007ffcb97e8000 	C:\Program Files\Eclipse Adoptium\jdk-17.0.6.10-hotspot\bin\zip.dll
0x00007ffce3bd0000 - 0x00007ffce3be0000 	C:\Program Files\Eclipse Adoptium\jdk-17.0.6.10-hotspot\bin\verify.dll
0x00007ffcb84d0000 - 0x00007ffcb84f7000 	C:\Users\guill\.gradle\native\e1d6ef7f7dcc3fd88c89a11ec53ec762bb8ba0a96d01ffa2cd45eb1d1d8dd5c5\windows-amd64\native-platform.dll
0x00007ffcb9680000 - 0x00007ffcb97c4000 	C:\Users\guill\.gradle\native\5664cfc778a61ccfe75a443a1ab52a65af34e5dc3c78e0209fed803814484fcb\windows-amd64\native-platform-file-events.dll
0x00007ffcda690000 - 0x00007ffcda699000 	C:\Program Files\Eclipse Adoptium\jdk-17.0.6.10-hotspot\bin\management.dll
0x00007ffcd93c0000 - 0x00007ffcd93cb000 	C:\Program Files\Eclipse Adoptium\jdk-17.0.6.10-hotspot\bin\management_ext.dll
0x00007ffd0fc00000 - 0x00007ffd0fc08000 	C:\WINDOWS\System32\PSAPI.DLL
0x00007ffd0ebd0000 - 0x00007ffd0ebe8000 	C:\WINDOWS\SYSTEM32\CRYPTSP.dll
0x00007ffd0df40000 - 0x00007ffd0df74000 	C:\WINDOWS\system32\rsaenh.dll
0x00007ffd0f390000 - 0x00007ffd0f3b7000 	C:\WINDOWS\System32\bcrypt.dll
0x00007ffd0edd0000 - 0x00007ffd0edfe000 	C:\WINDOWS\SYSTEM32\USERENV.dll
0x00007ffd0e800000 - 0x00007ffd0e80c000 	C:\WINDOWS\SYSTEM32\CRYPTBASE.dll
0x00007ffd0e330000 - 0x00007ffd0e36c000 	C:\WINDOWS\SYSTEM32\IPHLPAPI.DLL
0x00007ffd116a0000 - 0x00007ffd116a8000 	C:\WINDOWS\System32\NSI.dll
0x00007ffd08390000 - 0x00007ffd083a7000 	C:\WINDOWS\SYSTEM32\dhcpcsvc6.DLL
0x00007ffd08350000 - 0x00007ffd0836d000 	C:\WINDOWS\SYSTEM32\dhcpcsvc.DLL
0x00007ffd0e380000 - 0x00007ffd0e44b000 	C:\WINDOWS\SYSTEM32\DNSAPI.dll
0x00007ffcd4840000 - 0x00007ffcd484e000 	C:\Program Files\Eclipse Adoptium\jdk-17.0.6.10-hotspot\bin\sunmscapi.dll
0x00007ffd0f3c0000 - 0x00007ffd0f51e000 	C:\WINDOWS\System32\CRYPT32.dll
0x00007ffd0e900000 - 0x00007ffd0e928000 	C:\WINDOWS\SYSTEM32\ncrypt.dll
0x00007ffd0e8c0000 - 0x00007ffd0e8fb000 	C:\WINDOWS\SYSTEM32\NTASN1.dll
0x00007ffce1a70000 - 0x00007ffce1a77000 	C:\WINDOWS\system32\wshunix.dll

dbghelp: loaded successfully - version: 4.0.5 - missing functions: none
symbol engine: initialized successfully - sym options: 0x614 - pdb path: .;C:\Program Files\Eclipse Adoptium\jdk-17.0.6.10-hotspot\bin;C:\WINDOWS\SYSTEM32;C:\WINDOWS\WinSxS\amd64_microsoft.windows.common-controls_6595b64144ccf1df_6.0.19041.1110_none_60b5254171f9507e;C:\Program Files\Eclipse Adoptium\jdk-17.0.6.10-hotspot\bin\server;C:\Users\guill\.gradle\native\e1d6ef7f7dcc3fd88c89a11ec53ec762bb8ba0a96d01ffa2cd45eb1d1d8dd5c5\windows-amd64;C:\Users\guill\.gradle\native\5664cfc778a61ccfe75a443a1ab52a65af34e5dc3c78e0209fed803814484fcb\windows-amd64

VM Arguments:
jvm_args: --add-opens=java.base/java.util=ALL-UNNAMED --add-opens=java.base/java.lang=ALL-UNNAMED --add-opens=java.base/java.lang.invoke=ALL-UNNAMED --add-opens=java.base/java.util=ALL-UNNAMED --add-opens=java.prefs/java.util.prefs=ALL-UNNAMED --add-opens=java.prefs/java.util.prefs=ALL-UNNAMED --add-opens=java.base/java.nio.charset=ALL-UNNAMED --add-opens=java.base/java.net=ALL-UNNAMED --add-opens=java.base/java.util.concurrent.atomic=ALL-UNNAMED -XX:MaxMetaspaceSize=256m -XX:+HeapDumpOnOutOfMemoryError -Xms256m -Xmx512m -Dfile.encoding=windows-1252 -Duser.country=AR -Duser.language=es -Duser.variant 
java_command: org.gradle.launcher.daemon.bootstrap.GradleDaemon 7.3.3
java_class_path (initial): C:\Users\guill\.gradle\wrapper\dists\gradle-7.3.3-bin\6a41zxkdtcxs8rphpq6y0069z\gradle-7.3.3\lib\gradle-launcher-7.3.3.jar
Launcher Type: SUN_STANDARD

[Global flags]
     intx CICompilerCount                          = 3                                         {product} {ergonomic}
   size_t CompressedClassSpaceSize                 = 218103808                                 {product} {ergonomic}
     uint ConcGCThreads                            = 1                                         {product} {ergonomic}
     uint G1ConcRefinementThreads                  = 4                                         {product} {ergonomic}
   size_t G1HeapRegionSize                         = 1048576                                   {product} {ergonomic}
    uintx GCDrainStackTargetSize                   = 64                                        {product} {ergonomic}
     bool HeapDumpOnOutOfMemoryError               = true                                   {manageable} {command line}
   size_t InitialHeapSize                          = 268435456                                 {product} {command line}
   size_t MarkStackSize                            = 4194304                                   {product} {ergonomic}
   size_t MaxHeapSize                              = 536870912                                 {product} {command line}
   size_t MaxMetaspaceSize                         = 268435456                                 {product} {command line}
   size_t MaxNewSize                               = 321912832                                 {product} {ergonomic}
   size_t MinHeapDeltaBytes                        = 1048576                                   {product} {ergonomic}
   size_t MinHeapSize                              = 268435456                                 {product} {command line}
    uintx NonNMethodCodeHeapSize                   = 5832780                                {pd product} {ergonomic}
    uintx NonProfiledCodeHeapSize                  = 122912730                              {pd product} {ergonomic}
    uintx ProfiledCodeHeapSize                     = 122912730                              {pd product} {ergonomic}
    uintx ReservedCodeCacheSize                    = 251658240                              {pd product} {ergonomic}
     bool SegmentedCodeCache                       = true                                      {product} {ergonomic}
   size_t SoftMaxHeapSize                          = 536870912                              {manageable} {ergonomic}
     bool UseCompressedClassPointers               = true                           {product lp64_product} {ergonomic}
     bool UseCompressedOops                        = true                           {product lp64_product} {ergonomic}
     bool UseG1GC                                  = true                                      {product} {ergonomic}
     bool UseLargePagesIndividualAllocation        = false                                  {pd product} {ergonomic}

Logging:
Log output configuration:
 #0: stdout all=warning uptime,level,tags
 #1: stderr all=off uptime,level,tags

Environment Variables:
PATH=C:\Program Files\Microsoft\jdk-11.0.16.101-hotspot\bin;C:\Program Files\Eclipse Adoptium\jdk-17.0.6.10-hotspot\bin;C:\Program Files\Common Files\Oracle\Java\javapath;C:\Python39\Scripts\;C:\Python39\;D:\app\guill\product\12.1.0\client_1;D:\app\guill\product\12.1.0\client_1\bin;C:\WINDOWS\system32;C:\WINDOWS;C:\WINDOWS\System32\Wbem;C:\WINDOWS\System32\WindowsPowerShell\v1.0\;C:\WINDOWS\System32\OpenSSH\;C:\Program Files\Microsoft SQL Server\110\Tools\Binn\;C:\Program Files\Microsoft SQL Server\120\Tools\Binn\;C:\Program Files\Microsoft\Web Platform Installer\;C:\Program Files (x86)\Microsoft ASP.NET\ASP.NET Web Pages\v1.0\;C:\Program Files\Microsoft SQL Server\Client SDK\ODBC\110\Tools\Binn\;C:\Program Files (x86)\Microsoft SQL Server\120\Tools\Binn\;C:\Program Files\Microsoft SQL Server\120\DTS\Binn\;C:\Program Files (x86)\Microsoft SQL Server\120\Tools\Binn\ManagementStudio\;C:\Program Files (x86)\Microsoft SQL Server\120\DTS\Binn\;C:\Program Files (x86)\Microsoft Team Foundation Server 2013 Power Tools\;C:\Program Files (x86)\Microsoft Team Foundation Server 2013 Power Tools\Best Practices Analyzer\;C:\Program Files\dotnet\;C:\Program Files\Microsoft SQL Server\130\Tools\Binn\;C:\Program Files\Microsoft SQL Server\Client SDK\ODBC\170\Tools\Binn\;C:\Program Files\nodejs\;C:\ProgramData\chocolatey\bin;C:\Program Files (x86)\GitExtensions\;C:\Program Files\Docker\Docker\resources\bin;C:\Program Files\Microsoft SQL Server\150\Tools\Binn\;C:\Program Files (x86)\IncrediBuild;C:\Program Files\Git\cmd;C:\Users\guill\AppData\Local\Microsoft\WindowsApps;C:\Users\guill\.dotnet\tools;C:\Users\guill\.dotnet\tools;C:\Users\guill\AppData\Local\Programs\Microsoft VS Code\bin;C:\Users\guill\AppData\Roaming\npm;C:\Users\guill\AppData\Local\Microsoft\WindowsApps;C:\Users\guill\AppData\Local\GitHubDesktop\bin;C:\Program Files\JetBrains\IntelliJ IDEA Community Edition 2023.1\bin
USERNAME=guill
OS=Windows_NT
PROCESSOR_IDENTIFIER=AMD64 Family 21 Model 48 Stepping 1, AuthenticAMD
TMP=C:\Users\guill\AppData\Local\Temp
TEMP=C:\Users\guill\AppData\Local\Temp



---------------  S Y S T E M  ---------------

OS:
 Windows 10 , 64 bit Build 19041 (10.0.19041.2913)
OS uptime: 8 days 10:10 hours
Hyper-V role detected

CPU: total 4 (initial active 4) (4 cores per cpu, 1 threads per core) family 21 model 48 stepping 1 microcode 0x0, cx8, cmov, fxsr, mmx, 3dnowpref, sse, sse2, sse3, ssse3, sse4a, sse4.1, sse4.2, popcnt, lzcnt, tsc, tscinvbit, avx, aes, clmul, bmi1, fma, vzeroupper, clflush, hv

Memory: 4k page, system-wide physical 7130M (204M free)
TotalPageFile size 28634M (AvailPageFile size 6M)
current process WorkingSet (physical memory assigned to process): 456M, peak: 459M
current process commit charge ("private bytes"): 504M, peak: 506M

vm_info: OpenJDK 64-Bit Server VM (17.0.6+10) for windows-amd64 JRE (17.0.6+10), built on Jan 18 2023 10:08:59 by "temurin" with MS VC++ 16.7 (VS2019)

END.
